Removed Pin From Net: NetName=12V Pin=C36_DRIVE0-1
Removed Pin From Net: NetName=GND Pin=C36_DRIVE0-2
Removed Pin From Net: NetName=12V Pin=C36_DRIVE1-1
Removed Pin From Net: NetName=GND Pin=C36_DRIVE1-2
Removed Pin From Net: NetName=12V Pin=C36_DRIVE2-1
Removed Pin From Net: NetName=GND Pin=C36_DRIVE2-2
Removed Pin From Net: NetName=12V Pin=C36_DRIVE3-1
Removed Pin From Net: NetName=GND Pin=C36_DRIVE3-2
Removed Pin From Net: NetName=3V3 Pin=C39-1
Removed Pin From Net: NetName=3V3 Pin=C39_DRIVE1-1
Removed Pin From Net: NetName=3V3 Pin=C39_DRIVE2-1
Removed Pin From Net: NetName=3V3 Pin=C39_DRIVE3-1
Change Component Footprint: Designator=C36_DRIVE0 Old Footprint=8x10.2 Cap New Footprint=1206
Change Component Footprint: Designator=C36_DRIVE1 Old Footprint=8x10.2 Cap New Footprint=1206
Change Component Footprint: Designator=C36_DRIVE2 Old Footprint=8x10.2 Cap New Footprint=1206
Change Component Footprint: Designator=C36_DRIVE3 Old Footprint=8x10.2 Cap New Footprint=1206
Change Component Comment : Designator=C36_DRIVE0 Old Comment=100uF New Comment=Cap
Change Component Comment : Designator=C36_DRIVE1 Old Comment=100uF New Comment=Cap
Change Component Comment : Designator=C36_DRIVE2 Old Comment=100uF New Comment=Cap
Change Component Comment : Designator=C36_DRIVE3 Old Comment=100uF New Comment=Cap
Change Component Designator: OldDesignator=3S-Input NewDesignator=CN5
Change Component Designator: OldDesignator=C39 NewDesignator=C39_DRIVE0
Change Component Designator: OldDesignator=MOTOR0 NewDesignator=CN28_DRIVE0
Change Component Designator: OldDesignator=MOTOR1 NewDesignator=CN28_DRIVE1
Change Component Designator: OldDesignator=MOTOR2 NewDesignator=CN28_DRIVE2
Change Component Designator: OldDesignator=MOTOR3 NewDesignator=CN28_DRIVE3
Change Component Designator: OldDesignator=R23 NewDesignator=R23_DRIVE0
Change Component Designator: OldDesignator=U11 NewDesignator=U11_DRIVE0
Change component parameters: Designator = "C36_DRIVE0"; Footprint = "1206"; UniqueID = "\CMQYCEXM\YLOFQLSC\CGRESLOX"
Change component parameters. Clean all parameters for all variants
Change component parameters (AddParameter): Name = "LatestRevisionDate"; Value = "17-Jul-2002"; VariantName = "[No Variations]"
Change component parameters (AddParameter): Name = "LatestRevisionNote"; Value = "Re-released for DXP Platform."; VariantName = "[No Variations]"
Change component parameters (AddParameter): Name = "PackageDescription"; Value = "Radial Cap, Thru-Hole; 2 Leads; 0.3 in Pin Spacing"; VariantName = "[No Variations]"
Change component parameters (AddParameter): Name = "PackageReference"; Value = "RAD-0.3"; VariantName = "[No Variations]"
Change component parameters (AddParameter): Name = "Published"; Value = "8-Jun-2000"; VariantName = "[No Variations]"
Change component parameters (AddParameter): Name = "Publisher"; Value = "Altium Limited"; VariantName = "[No Variations]"
Change component parameters (AddParameter): Name = "Value"; Value = "47uF"; VariantName = "[No Variations]"
Change component parameters: Designator = "C36_DRIVE1"; Footprint = "1206"; UniqueID = "\CMQYCEXM\OAXQPHOO\CGRESLOX"
Change component parameters. Clean all parameters for all variants
Change component parameters (AddParameter): Name = "LatestRevisionDate"; Value = "17-Jul-2002"; VariantName = "[No Variations]"
Change component parameters (AddParameter): Name = "LatestRevisionNote"; Value = "Re-released for DXP Platform."; VariantName = "[No Variations]"
Change component parameters (AddParameter): Name = "PackageDescription"; Value = "Radial Cap, Thru-Hole; 2 Leads; 0.3 in Pin Spacing"; VariantName = "[No Variations]"
Change component parameters (AddParameter): Name = "PackageReference"; Value = "RAD-0.3"; VariantName = "[No Variations]"
Change component parameters (AddParameter): Name = "Published"; Value = "8-Jun-2000"; VariantName = "[No Variations]"
Change component parameters (AddParameter): Name = "Publisher"; Value = "Altium Limited"; VariantName = "[No Variations]"
Change component parameters (AddParameter): Name = "Value"; Value = "47uF"; VariantName = "[No Variations]"
Change component parameters: Designator = "C36_DRIVE2"; Footprint = "1206"; UniqueID = "\CMQYCEXM\PWCAHAGV\CGRESLOX"
Change component parameters. Clean all parameters for all variants
Change component parameters (AddParameter): Name = "LatestRevisionDate"; Value = "17-Jul-2002"; VariantName = "[No Variations]"
Change component parameters (AddParameter): Name = "LatestRevisionNote"; Value = "Re-released for DXP Platform."; VariantName = "[No Variations]"
Change component parameters (AddParameter): Name = "PackageDescription"; Value = "Radial Cap, Thru-Hole; 2 Leads; 0.3 in Pin Spacing"; VariantName = "[No Variations]"
Change component parameters (AddParameter): Name = "PackageReference"; Value = "RAD-0.3"; VariantName = "[No Variations]"
Change component parameters (AddParameter): Name = "Published"; Value = "8-Jun-2000"; VariantName = "[No Variations]"
Change component parameters (AddParameter): Name = "Publisher"; Value = "Altium Limited"; VariantName = "[No Variations]"
Change component parameters (AddParameter): Name = "Value"; Value = "47uF"; VariantName = "[No Variations]"
Change component parameters: Designator = "C36_DRIVE3"; Footprint = "1206"; UniqueID = "\CMQYCEXM\GEVFDOMA\CGRESLOX"
Change component parameters. Clean all parameters for all variants
Change component parameters (AddParameter): Name = "LatestRevisionDate"; Value = "17-Jul-2002"; VariantName = "[No Variations]"
Change component parameters (AddParameter): Name = "LatestRevisionNote"; Value = "Re-released for DXP Platform."; VariantName = "[No Variations]"
Change component parameters (AddParameter): Name = "PackageDescription"; Value = "Radial Cap, Thru-Hole; 2 Leads; 0.3 in Pin Spacing"; VariantName = "[No Variations]"
Change component parameters (AddParameter): Name = "PackageReference"; Value = "RAD-0.3"; VariantName = "[No Variations]"
Change component parameters (AddParameter): Name = "Published"; Value = "8-Jun-2000"; VariantName = "[No Variations]"
Change component parameters (AddParameter): Name = "Publisher"; Value = "Altium Limited"; VariantName = "[No Variations]"
Change component parameters (AddParameter): Name = "Value"; Value = "47uF"; VariantName = "[No Variations]"
Added Component: Designator=C40_DRIVE0(1206)
Add component. Clean all parameters for all variants
Add component (AddParameter): Name = "LatestRevisionDate"; Value = "17-Jul-2002"; VariantName = "[No Variations]"
Add component (AddParameter): Name = "LatestRevisionNote"; Value = "Re-released for DXP Platform."; VariantName = "[No Variations]"
Add component (AddParameter): Name = "PackageDescription"; Value = "Radial Cap, Thru-Hole; 2 Leads; 0.3 in Pin Spacing"; VariantName = "[No Variations]"
Add component (AddParameter): Name = "PackageReference"; Value = "RAD-0.3"; VariantName = "[No Variations]"
Add component (AddParameter): Name = "Published"; Value = "8-Jun-2000"; VariantName = "[No Variations]"
Add component (AddParameter): Name = "Publisher"; Value = "Altium Limited"; VariantName = "[No Variations]"
Add component (AddParameter): Name = "Value"; Value = "47uF"; VariantName = "[No Variations]"
Added Component: Designator=C40_DRIVE1(1206)
Add component. Clean all parameters for all variants
Add component (AddParameter): Name = "LatestRevisionDate"; Value = "17-Jul-2002"; VariantName = "[No Variations]"
Add component (AddParameter): Name = "LatestRevisionNote"; Value = "Re-released for DXP Platform."; VariantName = "[No Variations]"
Add component (AddParameter): Name = "PackageDescription"; Value = "Radial Cap, Thru-Hole; 2 Leads; 0.3 in Pin Spacing"; VariantName = "[No Variations]"
Add component (AddParameter): Name = "PackageReference"; Value = "RAD-0.3"; VariantName = "[No Variations]"
Add component (AddParameter): Name = "Published"; Value = "8-Jun-2000"; VariantName = "[No Variations]"
Add component (AddParameter): Name = "Publisher"; Value = "Altium Limited"; VariantName = "[No Variations]"
Add component (AddParameter): Name = "Value"; Value = "47uF"; VariantName = "[No Variations]"
Added Component: Designator=C40_DRIVE2(1206)
Add component. Clean all parameters for all variants
Add component (AddParameter): Name = "LatestRevisionDate"; Value = "17-Jul-2002"; VariantName = "[No Variations]"
Add component (AddParameter): Name = "LatestRevisionNote"; Value = "Re-released for DXP Platform."; VariantName = "[No Variations]"
Add component (AddParameter): Name = "PackageDescription"; Value = "Radial Cap, Thru-Hole; 2 Leads; 0.3 in Pin Spacing"; VariantName = "[No Variations]"
Add component (AddParameter): Name = "PackageReference"; Value = "RAD-0.3"; VariantName = "[No Variations]"
Add component (AddParameter): Name = "Published"; Value = "8-Jun-2000"; VariantName = "[No Variations]"
Add component (AddParameter): Name = "Publisher"; Value = "Altium Limited"; VariantName = "[No Variations]"
Add component (AddParameter): Name = "Value"; Value = "47uF"; VariantName = "[No Variations]"
Added Component: Designator=C40_DRIVE3(1206)
Add component. Clean all parameters for all variants
Add component (AddParameter): Name = "LatestRevisionDate"; Value = "17-Jul-2002"; VariantName = "[No Variations]"
Add component (AddParameter): Name = "LatestRevisionNote"; Value = "Re-released for DXP Platform."; VariantName = "[No Variations]"
Add component (AddParameter): Name = "PackageDescription"; Value = "Radial Cap, Thru-Hole; 2 Leads; 0.3 in Pin Spacing"; VariantName = "[No Variations]"
Add component (AddParameter): Name = "PackageReference"; Value = "RAD-0.3"; VariantName = "[No Variations]"
Add component (AddParameter): Name = "Published"; Value = "8-Jun-2000"; VariantName = "[No Variations]"
Add component (AddParameter): Name = "Publisher"; Value = "Altium Limited"; VariantName = "[No Variations]"
Add component (AddParameter): Name = "Value"; Value = "47uF"; VariantName = "[No Variations]"
Added Pin To Net: NetName=GND Pin=C36_DRIVE0-1
Added Pin To Net: NetName=12V Pin=C36_DRIVE0-2
Added Pin To Net: NetName=GND Pin=C36_DRIVE1-1
Added Pin To Net: NetName=12V Pin=C36_DRIVE1-2
Added Pin To Net: NetName=GND Pin=C36_DRIVE2-1
Added Pin To Net: NetName=12V Pin=C36_DRIVE2-2
Added Pin To Net: NetName=GND Pin=C36_DRIVE3-1
Added Pin To Net: NetName=12V Pin=C36_DRIVE3-2
Added Pin To Net: NetName=12V Pin=C39_DRIVE0-1
Added Pin To Net: NetName=12V Pin=C39_DRIVE1-1
Added Pin To Net: NetName=12V Pin=C39_DRIVE2-1
Added Pin To Net: NetName=12V Pin=C39_DRIVE3-1
Added Pin To Net: NetName=GND Pin=C40_DRIVE0-1
Added Pin To Net: NetName=12V Pin=C40_DRIVE0-2
Added Pin To Net: NetName=GND Pin=C40_DRIVE1-1
Added Pin To Net: NetName=12V Pin=C40_DRIVE1-2
Added Pin To Net: NetName=GND Pin=C40_DRIVE2-1
Added Pin To Net: NetName=12V Pin=C40_DRIVE2-2
Added Pin To Net: NetName=GND Pin=C40_DRIVE3-1
Added Pin To Net: NetName=12V Pin=C40_DRIVE3-2
Added Member To Class: ClassName=DRIVE0 Member=Component C40_DRIVE0 (C40) Cap
Added Member To Class: ClassName=DRIVE1 Member=Component C40_DRIVE1 (C40) Cap
Added Member To Class: ClassName=DRIVE2 Member=Component C40_DRIVE2 (C40) Cap
Added Member To Class: ClassName=DRIVE3 Member=Component C40_DRIVE3 (C40) Cap
Added Room: Name=Controller
Added Room: Name=DRIVE0
Added Room: Name=DRIVE1
Added Room: Name=DRIVE2
Added Room: Name=DRIVE3
Added Room: Name=U_IMU
Added Room: Name=U_LED
Added Room: Name=U_MCU
Added Room: Name=U_Power
