Added Component: Designator=C1(0402)
Add component. Clean all parameters for all variants
Add component (AddParameter): Name = "LatestRevisionDate"; Value = "17-Jul-2002"; VariantName = "[No Variations]"
Add component (AddParameter): Name = "LatestRevisionNote"; Value = "Re-released for DXP Platform."; VariantName = "[No Variations]"
Add component (AddParameter): Name = "PackageDescription"; Value = "Radial Cap, Thru-Hole; 2 Leads; 0.3 in Pin Spacing"; VariantName = "[No Variations]"
Add component (AddParameter): Name = "PackageReference"; Value = "RAD-0.3"; VariantName = "[No Variations]"
Add component (AddParameter): Name = "Published"; Value = "8-Jun-2000"; VariantName = "[No Variations]"
Add component (AddParameter): Name = "Publisher"; Value = "Altium Limited"; VariantName = "[No Variations]"
Add component (AddParameter): Name = "Value"; Value = "1uF"; VariantName = "[No Variations]"
Added Component: Designator=C2(0402)
Add component. Clean all parameters for all variants
Add component (AddParameter): Name = "LatestRevisionDate"; Value = "17-Jul-2002"; VariantName = "[No Variations]"
Add component (AddParameter): Name = "LatestRevisionNote"; Value = "Re-released for DXP Platform."; VariantName = "[No Variations]"
Add component (AddParameter): Name = "PackageDescription"; Value = "Radial Cap, Thru-Hole; 2 Leads; 0.3 in Pin Spacing"; VariantName = "[No Variations]"
Add component (AddParameter): Name = "PackageReference"; Value = "RAD-0.3"; VariantName = "[No Variations]"
Add component (AddParameter): Name = "Published"; Value = "8-Jun-2000"; VariantName = "[No Variations]"
Add component (AddParameter): Name = "Publisher"; Value = "Altium Limited"; VariantName = "[No Variations]"
Add component (AddParameter): Name = "Value"; Value = "100nF"; VariantName = "[No Variations]"
Added Component: Designator=C3(0402)
Add component. Clean all parameters for all variants
Add component (AddParameter): Name = "LatestRevisionDate"; Value = "17-Jul-2002"; VariantName = "[No Variations]"
Add component (AddParameter): Name = "LatestRevisionNote"; Value = "Re-released for DXP Platform."; VariantName = "[No Variations]"
Add component (AddParameter): Name = "PackageDescription"; Value = "Radial Cap, Thru-Hole; 2 Leads; 0.3 in Pin Spacing"; VariantName = "[No Variations]"
Add component (AddParameter): Name = "PackageReference"; Value = "RAD-0.3"; VariantName = "[No Variations]"
Add component (AddParameter): Name = "Published"; Value = "8-Jun-2000"; VariantName = "[No Variations]"
Add component (AddParameter): Name = "Publisher"; Value = "Altium Limited"; VariantName = "[No Variations]"
Add component (AddParameter): Name = "Value"; Value = "100nF"; VariantName = "[No Variations]"
Added Component: Designator=C4(0402)
Add component. Clean all parameters for all variants
Add component (AddParameter): Name = "LatestRevisionDate"; Value = "17-Jul-2002"; VariantName = "[No Variations]"
Add component (AddParameter): Name = "LatestRevisionNote"; Value = "Re-released for DXP Platform."; VariantName = "[No Variations]"
Add component (AddParameter): Name = "PackageDescription"; Value = "Radial Cap, Thru-Hole; 2 Leads; 0.3 in Pin Spacing"; VariantName = "[No Variations]"
Add component (AddParameter): Name = "PackageReference"; Value = "RAD-0.3"; VariantName = "[No Variations]"
Add component (AddParameter): Name = "Published"; Value = "8-Jun-2000"; VariantName = "[No Variations]"
Add component (AddParameter): Name = "Publisher"; Value = "Altium Limited"; VariantName = "[No Variations]"
Add component (AddParameter): Name = "Value"; Value = "100nF"; VariantName = "[No Variations]"
Added Component: Designator=C5(0402)
Add component. Clean all parameters for all variants
Add component (AddParameter): Name = "LatestRevisionDate"; Value = "17-Jul-2002"; VariantName = "[No Variations]"
Add component (AddParameter): Name = "LatestRevisionNote"; Value = "Re-released for DXP Platform."; VariantName = "[No Variations]"
Add component (AddParameter): Name = "PackageDescription"; Value = "Radial Cap, Thru-Hole; 2 Leads; 0.3 in Pin Spacing"; VariantName = "[No Variations]"
Add component (AddParameter): Name = "PackageReference"; Value = "RAD-0.3"; VariantName = "[No Variations]"
Add component (AddParameter): Name = "Published"; Value = "8-Jun-2000"; VariantName = "[No Variations]"
Add component (AddParameter): Name = "Publisher"; Value = "Altium Limited"; VariantName = "[No Variations]"
Add component (AddParameter): Name = "Value"; Value = "10nF"; VariantName = "[No Variations]"
Added Component: Designator=C6(0402)
Add component. Clean all parameters for all variants
Add component (AddParameter): Name = "LatestRevisionDate"; Value = "17-Jul-2002"; VariantName = "[No Variations]"
Add component (AddParameter): Name = "LatestRevisionNote"; Value = "Re-released for DXP Platform."; VariantName = "[No Variations]"
Add component (AddParameter): Name = "PackageDescription"; Value = "Radial Cap, Thru-Hole; 2 Leads; 0.3 in Pin Spacing"; VariantName = "[No Variations]"
Add component (AddParameter): Name = "PackageReference"; Value = "RAD-0.3"; VariantName = "[No Variations]"
Add component (AddParameter): Name = "Published"; Value = "8-Jun-2000"; VariantName = "[No Variations]"
Add component (AddParameter): Name = "Publisher"; Value = "Altium Limited"; VariantName = "[No Variations]"
Add component (AddParameter): Name = "Value"; Value = "10nF"; VariantName = "[No Variations]"
Added Component: Designator=C7(0402)
Add component. Clean all parameters for all variants
Add component (AddParameter): Name = "LatestRevisionDate"; Value = "17-Jul-2002"; VariantName = "[No Variations]"
Add component (AddParameter): Name = "LatestRevisionNote"; Value = "Re-released for DXP Platform."; VariantName = "[No Variations]"
Add component (AddParameter): Name = "PackageDescription"; Value = "Radial Cap, Thru-Hole; 2 Leads; 0.3 in Pin Spacing"; VariantName = "[No Variations]"
Add component (AddParameter): Name = "PackageReference"; Value = "RAD-0.3"; VariantName = "[No Variations]"
Add component (AddParameter): Name = "Published"; Value = "8-Jun-2000"; VariantName = "[No Variations]"
Add component (AddParameter): Name = "Publisher"; Value = "Altium Limited"; VariantName = "[No Variations]"
Add component (AddParameter): Name = "Value"; Value = "1uF"; VariantName = "[No Variations]"
Added Component: Designator=C8(0402)
Add component. Clean all parameters for all variants
Add component (AddParameter): Name = "LatestRevisionDate"; Value = "17-Jul-2002"; VariantName = "[No Variations]"
Add component (AddParameter): Name = "LatestRevisionNote"; Value = "Re-released for DXP Platform."; VariantName = "[No Variations]"
Add component (AddParameter): Name = "PackageDescription"; Value = "Radial Cap, Thru-Hole; 2 Leads; 0.3 in Pin Spacing"; VariantName = "[No Variations]"
Add component (AddParameter): Name = "PackageReference"; Value = "RAD-0.3"; VariantName = "[No Variations]"
Add component (AddParameter): Name = "Published"; Value = "8-Jun-2000"; VariantName = "[No Variations]"
Add component (AddParameter): Name = "Publisher"; Value = "Altium Limited"; VariantName = "[No Variations]"
Add component (AddParameter): Name = "Value"; Value = "1uF"; VariantName = "[No Variations]"
Added Component: Designator=C9(0402)
Add component. Clean all parameters for all variants
Add component (AddParameter): Name = "LatestRevisionDate"; Value = "17-Jul-2002"; VariantName = "[No Variations]"
Add component (AddParameter): Name = "LatestRevisionNote"; Value = "Re-released for DXP Platform."; VariantName = "[No Variations]"
Add component (AddParameter): Name = "PackageDescription"; Value = "Radial Cap, Thru-Hole; 2 Leads; 0.3 in Pin Spacing"; VariantName = "[No Variations]"
Add component (AddParameter): Name = "PackageReference"; Value = "RAD-0.3"; VariantName = "[No Variations]"
Add component (AddParameter): Name = "Published"; Value = "8-Jun-2000"; VariantName = "[No Variations]"
Add component (AddParameter): Name = "Publisher"; Value = "Altium Limited"; VariantName = "[No Variations]"
Add component (AddParameter): Name = "Value"; Value = "100nF"; VariantName = "[No Variations]"
Added Component: Designator=C10(0402)
Add component. Clean all parameters for all variants
Add component (AddParameter): Name = "LatestRevisionDate"; Value = "17-Jul-2002"; VariantName = "[No Variations]"
Add component (AddParameter): Name = "LatestRevisionNote"; Value = "Re-released for DXP Platform."; VariantName = "[No Variations]"
Add component (AddParameter): Name = "PackageDescription"; Value = "Radial Cap, Thru-Hole; 2 Leads; 0.3 in Pin Spacing"; VariantName = "[No Variations]"
Add component (AddParameter): Name = "PackageReference"; Value = "RAD-0.3"; VariantName = "[No Variations]"
Add component (AddParameter): Name = "Published"; Value = "8-Jun-2000"; VariantName = "[No Variations]"
Add component (AddParameter): Name = "Publisher"; Value = "Altium Limited"; VariantName = "[No Variations]"
Add component (AddParameter): Name = "Value"; Value = "100nF"; VariantName = "[No Variations]"
Added Component: Designator=C11(0402)
Add component. Clean all parameters for all variants
Add component (AddParameter): Name = "LatestRevisionDate"; Value = "17-Jul-2002"; VariantName = "[No Variations]"
Add component (AddParameter): Name = "LatestRevisionNote"; Value = "Re-released for DXP Platform."; VariantName = "[No Variations]"
Add component (AddParameter): Name = "PackageDescription"; Value = "Radial Cap, Thru-Hole; 2 Leads; 0.3 in Pin Spacing"; VariantName = "[No Variations]"
Add component (AddParameter): Name = "PackageReference"; Value = "RAD-0.3"; VariantName = "[No Variations]"
Add component (AddParameter): Name = "Published"; Value = "8-Jun-2000"; VariantName = "[No Variations]"
Add component (AddParameter): Name = "Publisher"; Value = "Altium Limited"; VariantName = "[No Variations]"
Add component (AddParameter): Name = "Value"; Value = "100nF"; VariantName = "[No Variations]"
Added Component: Designator=C12(0402)
Add component. Clean all parameters for all variants
Add component (AddParameter): Name = "LatestRevisionDate"; Value = "17-Jul-2002"; VariantName = "[No Variations]"
Add component (AddParameter): Name = "LatestRevisionNote"; Value = "Re-released for DXP Platform."; VariantName = "[No Variations]"
Add component (AddParameter): Name = "PackageDescription"; Value = "Radial Cap, Thru-Hole; 2 Leads; 0.3 in Pin Spacing"; VariantName = "[No Variations]"
Add component (AddParameter): Name = "PackageReference"; Value = "RAD-0.3"; VariantName = "[No Variations]"
Add component (AddParameter): Name = "Published"; Value = "8-Jun-2000"; VariantName = "[No Variations]"
Add component (AddParameter): Name = "Publisher"; Value = "Altium Limited"; VariantName = "[No Variations]"
Add component (AddParameter): Name = "Value"; Value = "100nF"; VariantName = "[No Variations]"
Added Component: Designator=C13(0402)
Add component. Clean all parameters for all variants
Add component (AddParameter): Name = "LatestRevisionDate"; Value = "17-Jul-2002"; VariantName = "[No Variations]"
Add component (AddParameter): Name = "LatestRevisionNote"; Value = "Re-released for DXP Platform."; VariantName = "[No Variations]"
Add component (AddParameter): Name = "PackageDescription"; Value = "Radial Cap, Thru-Hole; 2 Leads; 0.3 in Pin Spacing"; VariantName = "[No Variations]"
Add component (AddParameter): Name = "PackageReference"; Value = "RAD-0.3"; VariantName = "[No Variations]"
Add component (AddParameter): Name = "Published"; Value = "8-Jun-2000"; VariantName = "[No Variations]"
Add component (AddParameter): Name = "Publisher"; Value = "Altium Limited"; VariantName = "[No Variations]"
Add component (AddParameter): Name = "Value"; Value = "100nF"; VariantName = "[No Variations]"
Added Component: Designator=C14(0402)
Add component. Clean all parameters for all variants
Add component (AddParameter): Name = "LatestRevisionDate"; Value = "17-Jul-2002"; VariantName = "[No Variations]"
Add component (AddParameter): Name = "LatestRevisionNote"; Value = "Re-released for DXP Platform."; VariantName = "[No Variations]"
Add component (AddParameter): Name = "PackageDescription"; Value = "Radial Cap, Thru-Hole; 2 Leads; 0.3 in Pin Spacing"; VariantName = "[No Variations]"
Add component (AddParameter): Name = "PackageReference"; Value = "RAD-0.3"; VariantName = "[No Variations]"
Add component (AddParameter): Name = "Published"; Value = "8-Jun-2000"; VariantName = "[No Variations]"
Add component (AddParameter): Name = "Publisher"; Value = "Altium Limited"; VariantName = "[No Variations]"
Add component (AddParameter): Name = "Value"; Value = "10nF"; VariantName = "[No Variations]"
Added Component: Designator=C15(0402)
Add component. Clean all parameters for all variants
Add component (AddParameter): Name = "LatestRevisionDate"; Value = "17-Jul-2002"; VariantName = "[No Variations]"
Add component (AddParameter): Name = "LatestRevisionNote"; Value = "Re-released for DXP Platform."; VariantName = "[No Variations]"
Add component (AddParameter): Name = "PackageDescription"; Value = "Radial Cap, Thru-Hole; 2 Leads; 0.3 in Pin Spacing"; VariantName = "[No Variations]"
Add component (AddParameter): Name = "PackageReference"; Value = "RAD-0.3"; VariantName = "[No Variations]"
Add component (AddParameter): Name = "Published"; Value = "8-Jun-2000"; VariantName = "[No Variations]"
Add component (AddParameter): Name = "Publisher"; Value = "Altium Limited"; VariantName = "[No Variations]"
Add component (AddParameter): Name = "Value"; Value = "10nF"; VariantName = "[No Variations]"
Added Component: Designator=C16(0402)
Add component. Clean all parameters for all variants
Add component (AddParameter): Name = "LatestRevisionDate"; Value = "17-Jul-2002"; VariantName = "[No Variations]"
Add component (AddParameter): Name = "LatestRevisionNote"; Value = "Re-released for DXP Platform."; VariantName = "[No Variations]"
Add component (AddParameter): Name = "PackageDescription"; Value = "Radial Cap, Thru-Hole; 2 Leads; 0.3 in Pin Spacing"; VariantName = "[No Variations]"
Add component (AddParameter): Name = "PackageReference"; Value = "RAD-0.3"; VariantName = "[No Variations]"
Add component (AddParameter): Name = "Published"; Value = "8-Jun-2000"; VariantName = "[No Variations]"
Add component (AddParameter): Name = "Publisher"; Value = "Altium Limited"; VariantName = "[No Variations]"
Add component (AddParameter): Name = "Value"; Value = "10nF"; VariantName = "[No Variations]"
Added Component: Designator=C17(0402)
Add component. Clean all parameters for all variants
Add component (AddParameter): Name = "LatestRevisionDate"; Value = "17-Jul-2002"; VariantName = "[No Variations]"
Add component (AddParameter): Name = "LatestRevisionNote"; Value = "Re-released for DXP Platform."; VariantName = "[No Variations]"
Add component (AddParameter): Name = "PackageDescription"; Value = "Radial Cap, Thru-Hole; 2 Leads; 0.3 in Pin Spacing"; VariantName = "[No Variations]"
Add component (AddParameter): Name = "PackageReference"; Value = "RAD-0.3"; VariantName = "[No Variations]"
Add component (AddParameter): Name = "Published"; Value = "8-Jun-2000"; VariantName = "[No Variations]"
Add component (AddParameter): Name = "Publisher"; Value = "Altium Limited"; VariantName = "[No Variations]"
Add component (AddParameter): Name = "Value"; Value = "1uF"; VariantName = "[No Variations]"
Added Component: Designator=C18(0402)
Add component. Clean all parameters for all variants
Add component (AddParameter): Name = "LatestRevisionDate"; Value = "17-Jul-2002"; VariantName = "[No Variations]"
Add component (AddParameter): Name = "LatestRevisionNote"; Value = "Re-released for DXP Platform."; VariantName = "[No Variations]"
Add component (AddParameter): Name = "PackageDescription"; Value = "Radial Cap, Thru-Hole; 2 Leads; 0.3 in Pin Spacing"; VariantName = "[No Variations]"
Add component (AddParameter): Name = "PackageReference"; Value = "RAD-0.3"; VariantName = "[No Variations]"
Add component (AddParameter): Name = "Published"; Value = "8-Jun-2000"; VariantName = "[No Variations]"
Add component (AddParameter): Name = "Publisher"; Value = "Altium Limited"; VariantName = "[No Variations]"
Add component (AddParameter): Name = "Value"; Value = "1uF"; VariantName = "[No Variations]"
Added Component: Designator=C19(10x12mm-Electrolytic)
Add component. Clean all parameters for all variants
Added Component: Designator=C20(1206)
Add component. Clean all parameters for all variants
Add component (AddParameter): Name = "LatestRevisionDate"; Value = "17-Jul-2002"; VariantName = "[No Variations]"
Add component (AddParameter): Name = "LatestRevisionNote"; Value = "Re-released for DXP Platform."; VariantName = "[No Variations]"
Add component (AddParameter): Name = "PackageDescription"; Value = "Radial Cap, Thru-Hole; 2 Leads; 0.3 in Pin Spacing"; VariantName = "[No Variations]"
Add component (AddParameter): Name = "PackageReference"; Value = "RAD-0.3"; VariantName = "[No Variations]"
Add component (AddParameter): Name = "Published"; Value = "8-Jun-2000"; VariantName = "[No Variations]"
Add component (AddParameter): Name = "Publisher"; Value = "Altium Limited"; VariantName = "[No Variations]"
Add component (AddParameter): Name = "Value"; Value = "47uF"; VariantName = "[No Variations]"
Added Component: Designator=C21(1206)
Add component. Clean all parameters for all variants
Add component (AddParameter): Name = "LatestRevisionDate"; Value = "17-Jul-2002"; VariantName = "[No Variations]"
Add component (AddParameter): Name = "LatestRevisionNote"; Value = "Re-released for DXP Platform."; VariantName = "[No Variations]"
Add component (AddParameter): Name = "PackageDescription"; Value = "Radial Cap, Thru-Hole; 2 Leads; 0.3 in Pin Spacing"; VariantName = "[No Variations]"
Add component (AddParameter): Name = "PackageReference"; Value = "RAD-0.3"; VariantName = "[No Variations]"
Add component (AddParameter): Name = "Published"; Value = "8-Jun-2000"; VariantName = "[No Variations]"
Add component (AddParameter): Name = "Publisher"; Value = "Altium Limited"; VariantName = "[No Variations]"
Add component (AddParameter): Name = "Value"; Value = "47uF"; VariantName = "[No Variations]"
Added Component: Designator=C22(0402)
Add component. Clean all parameters for all variants
Add component (AddParameter): Name = "LatestRevisionDate"; Value = "17-Jul-2002"; VariantName = "[No Variations]"
Add component (AddParameter): Name = "LatestRevisionNote"; Value = "Re-released for DXP Platform."; VariantName = "[No Variations]"
Add component (AddParameter): Name = "PackageDescription"; Value = "Radial Cap, Thru-Hole; 2 Leads; 0.3 in Pin Spacing"; VariantName = "[No Variations]"
Add component (AddParameter): Name = "PackageReference"; Value = "RAD-0.3"; VariantName = "[No Variations]"
Add component (AddParameter): Name = "Published"; Value = "8-Jun-2000"; VariantName = "[No Variations]"
Add component (AddParameter): Name = "Publisher"; Value = "Altium Limited"; VariantName = "[No Variations]"
Add component (AddParameter): Name = "Value"; Value = "100nF"; VariantName = "[No Variations]"
Added Component: Designator=C23(0402)
Add component. Clean all parameters for all variants
Add component (AddParameter): Name = "LatestRevisionDate"; Value = "17-Jul-2002"; VariantName = "[No Variations]"
Add component (AddParameter): Name = "LatestRevisionNote"; Value = "Re-released for DXP Platform."; VariantName = "[No Variations]"
Add component (AddParameter): Name = "PackageDescription"; Value = "Radial Cap, Thru-Hole; 2 Leads; 0.3 in Pin Spacing"; VariantName = "[No Variations]"
Add component (AddParameter): Name = "PackageReference"; Value = "RAD-0.3"; VariantName = "[No Variations]"
Add component (AddParameter): Name = "Published"; Value = "8-Jun-2000"; VariantName = "[No Variations]"
Add component (AddParameter): Name = "Publisher"; Value = "Altium Limited"; VariantName = "[No Variations]"
Add component (AddParameter): Name = "Value"; Value = "1uF"; VariantName = "[No Variations]"
Added Component: Designator=C24(10x12mm-Electrolytic)
Add component. Clean all parameters for all variants
Added Component: Designator=C25(10x12mm-Electrolytic)
Add component. Clean all parameters for all variants
Added Component: Designator=C26(8x10.2 Cap)
Add component. Clean all parameters for all variants
Added Component: Designator=C27(8x10.2 Cap)
Add component. Clean all parameters for all variants
Added Component: Designator=C28(0805 - duplicate)
Add component. Clean all parameters for all variants
Add component (AddParameter): Name = "LatestRevisionDate"; Value = "17-Jul-2002"; VariantName = "[No Variations]"
Add component (AddParameter): Name = "LatestRevisionNote"; Value = "Re-released for DXP Platform."; VariantName = "[No Variations]"
Add component (AddParameter): Name = "PackageDescription"; Value = "Radial Cap, Thru-Hole; 2 Leads; 0.3 in Pin Spacing"; VariantName = "[No Variations]"
Add component (AddParameter): Name = "PackageReference"; Value = "RAD-0.3"; VariantName = "[No Variations]"
Add component (AddParameter): Name = "Published"; Value = "8-Jun-2000"; VariantName = "[No Variations]"
Add component (AddParameter): Name = "Publisher"; Value = "Altium Limited"; VariantName = "[No Variations]"
Add component (AddParameter): Name = "Value"; Value = "4.7uF"; VariantName = "[No Variations]"
Added Component: Designator=C29(0402)
Add component. Clean all parameters for all variants
Add component (AddParameter): Name = "LatestRevisionDate"; Value = "17-Jul-2002"; VariantName = "[No Variations]"
Add component (AddParameter): Name = "LatestRevisionNote"; Value = "Re-released for DXP Platform."; VariantName = "[No Variations]"
Add component (AddParameter): Name = "PackageDescription"; Value = "Radial Cap, Thru-Hole; 2 Leads; 0.3 in Pin Spacing"; VariantName = "[No Variations]"
Add component (AddParameter): Name = "PackageReference"; Value = "RAD-0.3"; VariantName = "[No Variations]"
Add component (AddParameter): Name = "Published"; Value = "8-Jun-2000"; VariantName = "[No Variations]"
Add component (AddParameter): Name = "Publisher"; Value = "Altium Limited"; VariantName = "[No Variations]"
Add component (AddParameter): Name = "Value"; Value = "100nF"; VariantName = "[No Variations]"
Added Component: Designator=C30(0402)
Add component. Clean all parameters for all variants
Add component (AddParameter): Name = "LatestRevisionDate"; Value = "17-Jul-2002"; VariantName = "[No Variations]"
Add component (AddParameter): Name = "LatestRevisionNote"; Value = "Re-released for DXP Platform."; VariantName = "[No Variations]"
Add component (AddParameter): Name = "PackageDescription"; Value = "Radial Cap, Thru-Hole; 2 Leads; 0.3 in Pin Spacing"; VariantName = "[No Variations]"
Add component (AddParameter): Name = "PackageReference"; Value = "RAD-0.3"; VariantName = "[No Variations]"
Add component (AddParameter): Name = "Published"; Value = "8-Jun-2000"; VariantName = "[No Variations]"
Add component (AddParameter): Name = "Publisher"; Value = "Altium Limited"; VariantName = "[No Variations]"
Add component (AddParameter): Name = "Value"; Value = "100nF"; VariantName = "[No Variations]"
Added Component: Designator=C31(0805 - duplicate)
Add component. Clean all parameters for all variants
Add component (AddParameter): Name = "LatestRevisionDate"; Value = "17-Jul-2002"; VariantName = "[No Variations]"
Add component (AddParameter): Name = "LatestRevisionNote"; Value = "Re-released for DXP Platform."; VariantName = "[No Variations]"
Add component (AddParameter): Name = "PackageDescription"; Value = "Radial Cap, Thru-Hole; 2 Leads; 0.3 in Pin Spacing"; VariantName = "[No Variations]"
Add component (AddParameter): Name = "PackageReference"; Value = "RAD-0.3"; VariantName = "[No Variations]"
Add component (AddParameter): Name = "Published"; Value = "8-Jun-2000"; VariantName = "[No Variations]"
Add component (AddParameter): Name = "Publisher"; Value = "Altium Limited"; VariantName = "[No Variations]"
Add component (AddParameter): Name = "Value"; Value = "4.7uF"; VariantName = "[No Variations]"
Added Component: Designator=C32(0402)
Add component. Clean all parameters for all variants
Add component (AddParameter): Name = "LatestRevisionDate"; Value = "17-Jul-2002"; VariantName = "[No Variations]"
Add component (AddParameter): Name = "LatestRevisionNote"; Value = "Re-released for DXP Platform."; VariantName = "[No Variations]"
Add component (AddParameter): Name = "PackageDescription"; Value = "Radial Cap, Thru-Hole; 2 Leads; 0.3 in Pin Spacing"; VariantName = "[No Variations]"
Add component (AddParameter): Name = "PackageReference"; Value = "RAD-0.3"; VariantName = "[No Variations]"
Add component (AddParameter): Name = "Published"; Value = "8-Jun-2000"; VariantName = "[No Variations]"
Add component (AddParameter): Name = "Publisher"; Value = "Altium Limited"; VariantName = "[No Variations]"
Add component (AddParameter): Name = "Value"; Value = "1uF"; VariantName = "[No Variations]"
Added Component: Designator=C33(0402)
Add component. Clean all parameters for all variants
Add component (AddParameter): Name = "LatestRevisionDate"; Value = "17-Jul-2002"; VariantName = "[No Variations]"
Add component (AddParameter): Name = "LatestRevisionNote"; Value = "Re-released for DXP Platform."; VariantName = "[No Variations]"
Add component (AddParameter): Name = "PackageDescription"; Value = "Radial Cap, Thru-Hole; 2 Leads; 0.3 in Pin Spacing"; VariantName = "[No Variations]"
Add component (AddParameter): Name = "PackageReference"; Value = "RAD-0.3"; VariantName = "[No Variations]"
Add component (AddParameter): Name = "Published"; Value = "8-Jun-2000"; VariantName = "[No Variations]"
Add component (AddParameter): Name = "Publisher"; Value = "Altium Limited"; VariantName = "[No Variations]"
Add component (AddParameter): Name = "Value"; Value = "100nF"; VariantName = "[No Variations]"
Added Component: Designator=C34(0402)
Add component. Clean all parameters for all variants
Add component (AddParameter): Name = "LatestRevisionDate"; Value = "17-Jul-2002"; VariantName = "[No Variations]"
Add component (AddParameter): Name = "LatestRevisionNote"; Value = "Re-released for DXP Platform."; VariantName = "[No Variations]"
Add component (AddParameter): Name = "PackageDescription"; Value = "Radial Cap, Thru-Hole; 2 Leads; 0.3 in Pin Spacing"; VariantName = "[No Variations]"
Add component (AddParameter): Name = "PackageReference"; Value = "RAD-0.3"; VariantName = "[No Variations]"
Add component (AddParameter): Name = "Published"; Value = "8-Jun-2000"; VariantName = "[No Variations]"
Add component (AddParameter): Name = "Publisher"; Value = "Altium Limited"; VariantName = "[No Variations]"
Add component (AddParameter): Name = "Value"; Value = "2.2nF"; VariantName = "[No Variations]"
Added Component: Designator=C35(0402)
Add component. Clean all parameters for all variants
Add component (AddParameter): Name = "LatestRevisionDate"; Value = "17-Jul-2002"; VariantName = "[No Variations]"
Add component (AddParameter): Name = "LatestRevisionNote"; Value = "Re-released for DXP Platform."; VariantName = "[No Variations]"
Add component (AddParameter): Name = "PackageDescription"; Value = "Radial Cap, Thru-Hole; 2 Leads; 0.3 in Pin Spacing"; VariantName = "[No Variations]"
Add component (AddParameter): Name = "PackageReference"; Value = "RAD-0.3"; VariantName = "[No Variations]"
Add component (AddParameter): Name = "Published"; Value = "8-Jun-2000"; VariantName = "[No Variations]"
Add component (AddParameter): Name = "Publisher"; Value = "Altium Limited"; VariantName = "[No Variations]"
Add component (AddParameter): Name = "Value"; Value = "100nF"; VariantName = "[No Variations]"
Added Component: Designator=C36_U_TMC73001(8x10.2 Cap)
Add component. Clean all parameters for all variants
Added Component: Designator=C36_U_TMC73002(8x10.2 Cap)
Add component. Clean all parameters for all variants
Added Component: Designator=C36_U_TMC73003(8x10.2 Cap)
Add component. Clean all parameters for all variants
Added Component: Designator=C36_U_TMC73004(8x10.2 Cap)
Add component. Clean all parameters for all variants
Added Component: Designator=C37_U_TMC73001(0402)
Add component. Clean all parameters for all variants
Add component (AddParameter): Name = "LatestRevisionDate"; Value = "17-Jul-2002"; VariantName = "[No Variations]"
Add component (AddParameter): Name = "LatestRevisionNote"; Value = "Re-released for DXP Platform."; VariantName = "[No Variations]"
Add component (AddParameter): Name = "PackageDescription"; Value = "Radial Cap, Thru-Hole; 2 Leads; 0.3 in Pin Spacing"; VariantName = "[No Variations]"
Add component (AddParameter): Name = "PackageReference"; Value = "RAD-0.3"; VariantName = "[No Variations]"
Add component (AddParameter): Name = "Published"; Value = "8-Jun-2000"; VariantName = "[No Variations]"
Add component (AddParameter): Name = "Publisher"; Value = "Altium Limited"; VariantName = "[No Variations]"
Add component (AddParameter): Name = "Value"; Value = "100nF"; VariantName = "[No Variations]"
Added Component: Designator=C37_U_TMC73002(0402)
Add component. Clean all parameters for all variants
Add component (AddParameter): Name = "LatestRevisionDate"; Value = "17-Jul-2002"; VariantName = "[No Variations]"
Add component (AddParameter): Name = "LatestRevisionNote"; Value = "Re-released for DXP Platform."; VariantName = "[No Variations]"
Add component (AddParameter): Name = "PackageDescription"; Value = "Radial Cap, Thru-Hole; 2 Leads; 0.3 in Pin Spacing"; VariantName = "[No Variations]"
Add component (AddParameter): Name = "PackageReference"; Value = "RAD-0.3"; VariantName = "[No Variations]"
Add component (AddParameter): Name = "Published"; Value = "8-Jun-2000"; VariantName = "[No Variations]"
Add component (AddParameter): Name = "Publisher"; Value = "Altium Limited"; VariantName = "[No Variations]"
Add component (AddParameter): Name = "Value"; Value = "100nF"; VariantName = "[No Variations]"
Added Component: Designator=C37_U_TMC73003(0402)
Add component. Clean all parameters for all variants
Add component (AddParameter): Name = "LatestRevisionDate"; Value = "17-Jul-2002"; VariantName = "[No Variations]"
Add component (AddParameter): Name = "LatestRevisionNote"; Value = "Re-released for DXP Platform."; VariantName = "[No Variations]"
Add component (AddParameter): Name = "PackageDescription"; Value = "Radial Cap, Thru-Hole; 2 Leads; 0.3 in Pin Spacing"; VariantName = "[No Variations]"
Add component (AddParameter): Name = "PackageReference"; Value = "RAD-0.3"; VariantName = "[No Variations]"
Add component (AddParameter): Name = "Published"; Value = "8-Jun-2000"; VariantName = "[No Variations]"
Add component (AddParameter): Name = "Publisher"; Value = "Altium Limited"; VariantName = "[No Variations]"
Add component (AddParameter): Name = "Value"; Value = "100nF"; VariantName = "[No Variations]"
Added Component: Designator=C37_U_TMC73004(0402)
Add component. Clean all parameters for all variants
Add component (AddParameter): Name = "LatestRevisionDate"; Value = "17-Jul-2002"; VariantName = "[No Variations]"
Add component (AddParameter): Name = "LatestRevisionNote"; Value = "Re-released for DXP Platform."; VariantName = "[No Variations]"
Add component (AddParameter): Name = "PackageDescription"; Value = "Radial Cap, Thru-Hole; 2 Leads; 0.3 in Pin Spacing"; VariantName = "[No Variations]"
Add component (AddParameter): Name = "PackageReference"; Value = "RAD-0.3"; VariantName = "[No Variations]"
Add component (AddParameter): Name = "Published"; Value = "8-Jun-2000"; VariantName = "[No Variations]"
Add component (AddParameter): Name = "Publisher"; Value = "Altium Limited"; VariantName = "[No Variations]"
Add component (AddParameter): Name = "Value"; Value = "100nF"; VariantName = "[No Variations]"
Added Component: Designator=C38_U_TMC73001(0402)
Add component. Clean all parameters for all variants
Add component (AddParameter): Name = "LatestRevisionDate"; Value = "17-Jul-2002"; VariantName = "[No Variations]"
Add component (AddParameter): Name = "LatestRevisionNote"; Value = "Re-released for DXP Platform."; VariantName = "[No Variations]"
Add component (AddParameter): Name = "PackageDescription"; Value = "Radial Cap, Thru-Hole; 2 Leads; 0.3 in Pin Spacing"; VariantName = "[No Variations]"
Add component (AddParameter): Name = "PackageReference"; Value = "RAD-0.3"; VariantName = "[No Variations]"
Add component (AddParameter): Name = "Published"; Value = "8-Jun-2000"; VariantName = "[No Variations]"
Add component (AddParameter): Name = "Publisher"; Value = "Altium Limited"; VariantName = "[No Variations]"
Add component (AddParameter): Name = "Value"; Value = "100nF"; VariantName = "[No Variations]"
Added Component: Designator=C38_U_TMC73002(0402)
Add component. Clean all parameters for all variants
Add component (AddParameter): Name = "LatestRevisionDate"; Value = "17-Jul-2002"; VariantName = "[No Variations]"
Add component (AddParameter): Name = "LatestRevisionNote"; Value = "Re-released for DXP Platform."; VariantName = "[No Variations]"
Add component (AddParameter): Name = "PackageDescription"; Value = "Radial Cap, Thru-Hole; 2 Leads; 0.3 in Pin Spacing"; VariantName = "[No Variations]"
Add component (AddParameter): Name = "PackageReference"; Value = "RAD-0.3"; VariantName = "[No Variations]"
Add component (AddParameter): Name = "Published"; Value = "8-Jun-2000"; VariantName = "[No Variations]"
Add component (AddParameter): Name = "Publisher"; Value = "Altium Limited"; VariantName = "[No Variations]"
Add component (AddParameter): Name = "Value"; Value = "100nF"; VariantName = "[No Variations]"
Added Component: Designator=C38_U_TMC73003(0402)
Add component. Clean all parameters for all variants
Add component (AddParameter): Name = "LatestRevisionDate"; Value = "17-Jul-2002"; VariantName = "[No Variations]"
Add component (AddParameter): Name = "LatestRevisionNote"; Value = "Re-released for DXP Platform."; VariantName = "[No Variations]"
Add component (AddParameter): Name = "PackageDescription"; Value = "Radial Cap, Thru-Hole; 2 Leads; 0.3 in Pin Spacing"; VariantName = "[No Variations]"
Add component (AddParameter): Name = "PackageReference"; Value = "RAD-0.3"; VariantName = "[No Variations]"
Add component (AddParameter): Name = "Published"; Value = "8-Jun-2000"; VariantName = "[No Variations]"
Add component (AddParameter): Name = "Publisher"; Value = "Altium Limited"; VariantName = "[No Variations]"
Add component (AddParameter): Name = "Value"; Value = "100nF"; VariantName = "[No Variations]"
Added Component: Designator=C38_U_TMC73004(0402)
Add component. Clean all parameters for all variants
Add component (AddParameter): Name = "LatestRevisionDate"; Value = "17-Jul-2002"; VariantName = "[No Variations]"
Add component (AddParameter): Name = "LatestRevisionNote"; Value = "Re-released for DXP Platform."; VariantName = "[No Variations]"
Add component (AddParameter): Name = "PackageDescription"; Value = "Radial Cap, Thru-Hole; 2 Leads; 0.3 in Pin Spacing"; VariantName = "[No Variations]"
Add component (AddParameter): Name = "PackageReference"; Value = "RAD-0.3"; VariantName = "[No Variations]"
Add component (AddParameter): Name = "Published"; Value = "8-Jun-2000"; VariantName = "[No Variations]"
Add component (AddParameter): Name = "Publisher"; Value = "Altium Limited"; VariantName = "[No Variations]"
Add component (AddParameter): Name = "Value"; Value = "100nF"; VariantName = "[No Variations]"
Added Component: Designator=C39_U_TMC73001(0402)
Add component. Clean all parameters for all variants
Add component (AddParameter): Name = "LatestRevisionDate"; Value = "17-Jul-2002"; VariantName = "[No Variations]"
Add component (AddParameter): Name = "LatestRevisionNote"; Value = "Re-released for DXP Platform."; VariantName = "[No Variations]"
Add component (AddParameter): Name = "PackageDescription"; Value = "Radial Cap, Thru-Hole; 2 Leads; 0.3 in Pin Spacing"; VariantName = "[No Variations]"
Add component (AddParameter): Name = "PackageReference"; Value = "RAD-0.3"; VariantName = "[No Variations]"
Add component (AddParameter): Name = "Published"; Value = "8-Jun-2000"; VariantName = "[No Variations]"
Add component (AddParameter): Name = "Publisher"; Value = "Altium Limited"; VariantName = "[No Variations]"
Add component (AddParameter): Name = "Value"; Value = "10nF"; VariantName = "[No Variations]"
Added Component: Designator=C39_U_TMC73002(0402)
Add component. Clean all parameters for all variants
Add component (AddParameter): Name = "LatestRevisionDate"; Value = "17-Jul-2002"; VariantName = "[No Variations]"
Add component (AddParameter): Name = "LatestRevisionNote"; Value = "Re-released for DXP Platform."; VariantName = "[No Variations]"
Add component (AddParameter): Name = "PackageDescription"; Value = "Radial Cap, Thru-Hole; 2 Leads; 0.3 in Pin Spacing"; VariantName = "[No Variations]"
Add component (AddParameter): Name = "PackageReference"; Value = "RAD-0.3"; VariantName = "[No Variations]"
Add component (AddParameter): Name = "Published"; Value = "8-Jun-2000"; VariantName = "[No Variations]"
Add component (AddParameter): Name = "Publisher"; Value = "Altium Limited"; VariantName = "[No Variations]"
Add component (AddParameter): Name = "Value"; Value = "10nF"; VariantName = "[No Variations]"
Added Component: Designator=C39_U_TMC73003(0402)
Add component. Clean all parameters for all variants
Add component (AddParameter): Name = "LatestRevisionDate"; Value = "17-Jul-2002"; VariantName = "[No Variations]"
Add component (AddParameter): Name = "LatestRevisionNote"; Value = "Re-released for DXP Platform."; VariantName = "[No Variations]"
Add component (AddParameter): Name = "PackageDescription"; Value = "Radial Cap, Thru-Hole; 2 Leads; 0.3 in Pin Spacing"; VariantName = "[No Variations]"
Add component (AddParameter): Name = "PackageReference"; Value = "RAD-0.3"; VariantName = "[No Variations]"
Add component (AddParameter): Name = "Published"; Value = "8-Jun-2000"; VariantName = "[No Variations]"
Add component (AddParameter): Name = "Publisher"; Value = "Altium Limited"; VariantName = "[No Variations]"
Add component (AddParameter): Name = "Value"; Value = "10nF"; VariantName = "[No Variations]"
Added Component: Designator=C39_U_TMC73004(0402)
Add component. Clean all parameters for all variants
Add component (AddParameter): Name = "LatestRevisionDate"; Value = "17-Jul-2002"; VariantName = "[No Variations]"
Add component (AddParameter): Name = "LatestRevisionNote"; Value = "Re-released for DXP Platform."; VariantName = "[No Variations]"
Add component (AddParameter): Name = "PackageDescription"; Value = "Radial Cap, Thru-Hole; 2 Leads; 0.3 in Pin Spacing"; VariantName = "[No Variations]"
Add component (AddParameter): Name = "PackageReference"; Value = "RAD-0.3"; VariantName = "[No Variations]"
Add component (AddParameter): Name = "Published"; Value = "8-Jun-2000"; VariantName = "[No Variations]"
Add component (AddParameter): Name = "Publisher"; Value = "Altium Limited"; VariantName = "[No Variations]"
Add component (AddParameter): Name = "Value"; Value = "10nF"; VariantName = "[No Variations]"
Added Component: Designator=CN1(2.5mm-3P)
Add component. Clean all parameters for all variants
Added Component: Designator=CN2(JST_GH-4P)
Add component. Clean all parameters for all variants
Added Component: Designator=CN3(2.5mm-3P)
Add component. Clean all parameters for all variants
Added Component: Designator=CN4(2.5mm-3P)
Add component. Clean all parameters for all variants
Added Component: Designator=CN5(Power_Leads)
Add component. Clean all parameters for all variants
Added Component: Designator=CN6(2.5mm-3P)
Add component. Clean all parameters for all variants
Added Component: Designator=CN7(2.5mm-3P)
Add component. Clean all parameters for all variants
Added Component: Designator=CN8(2.5mm-3P)
Add component. Clean all parameters for all variants
Added Component: Designator=CN9(2.5mm-3P)
Add component. Clean all parameters for all variants
Added Component: Designator=CN10(2.5mm-3P)
Add component. Clean all parameters for all variants
Added Component: Designator=CN11(2.5mm-3P)
Add component. Clean all parameters for all variants
Added Component: Designator=CN12(2.5mm-3P)
Add component. Clean all parameters for all variants
Added Component: Designator=CN13(2.5mm-3P)
Add component. Clean all parameters for all variants
Added Component: Designator=CN14(2.5mm-3P)
Add component. Clean all parameters for all variants
Added Component: Designator=CN15(JST_GH-4P)
Add component. Clean all parameters for all variants
Added Component: Designator=CN16(2.5mm-3P)
Add component. Clean all parameters for all variants
Added Component: Designator=CN17(2.5mm-3P)
Add component. Clean all parameters for all variants
Added Component: Designator=CN18(2.5mm-3P)
Add component. Clean all parameters for all variants
Added Component: Designator=CN19(2.5mm-3P)
Add component. Clean all parameters for all variants
Added Component: Designator=CN20(2.5mm-3P)
Add component. Clean all parameters for all variants
Added Component: Designator=CN21(JST_GH-4P)
Add component. Clean all parameters for all variants
Added Component: Designator=CN22(JST_GH-4P)
Add component. Clean all parameters for all variants
Added Component: Designator=CN23(JST_GH-4P)
Add component. Clean all parameters for all variants
Added Component: Designator=CN24(JST_GH-4P)
Add component. Clean all parameters for all variants
Added Component: Designator=CN25(JST_GH-4P)
Add component. Clean all parameters for all variants
Added Component: Designator=CN26(6-Pin-Header)
Add component. Clean all parameters for all variants
Added Component: Designator=CN27(6-Pin-Header)
Add component. Clean all parameters for all variants
Added Component: Designator=CN28_U_TMC73001(Power_Leads)
Add component. Clean all parameters for all variants
Added Component: Designator=CN28_U_TMC73002(Power_Leads)
Add component. Clean all parameters for all variants
Added Component: Designator=CN28_U_TMC73003(Power_Leads)
Add component. Clean all parameters for all variants
Added Component: Designator=CN28_U_TMC73004(Power_Leads)
Add component. Clean all parameters for all variants
Added Component: Designator=D1(SMAF_DIODE)
Add component. Clean all parameters for all variants
Added Component: Designator=D2(SMAF_DIODE)
Add component. Clean all parameters for all variants
Added Component: Designator=D3(PowerDi5)
Add component. Clean all parameters for all variants
Add component (AddParameter): Name = "Code_JEDEC"; Value = "DO-214-AB"; VariantName = "[No Variations]"
Add component (AddParameter): Name = "LatestRevisionDate"; Value = "17-Jul-2002"; VariantName = "[No Variations]"
Add component (AddParameter): Name = "LatestRevisionNote"; Value = "Re-released for DXP Platform."; VariantName = "[No Variations]"
Add component (AddParameter): Name = "PackageDescription"; Value = "DO-214-AB/SMC; 2 C-Bend Leads; Body 7.9 x 5.9 mm, inc. leads (LxW)"; VariantName = "[No Variations]"
Add component (AddParameter): Name = "PackageReference"; Value = "SMC"; VariantName = "[No Variations]"
Add component (AddParameter): Name = "PackageVersion"; Value = "Sep-1996"; VariantName = "[No Variations]"
Add component (AddParameter): Name = "Published"; Value = "8-Jun-2000"; VariantName = "[No Variations]"
Add component (AddParameter): Name = "Publisher"; Value = "Altium Limited"; VariantName = "[No Variations]"
Added Component: Designator=D4(DO-214AA)
Add component. Clean all parameters for all variants
Added Component: Designator=J1(Jumper)
Add component. Clean all parameters for all variants
Added Component: Designator=J2(FCI_10118193-0001LF)
Add component. Clean all parameters for all variants
Add component (AddParameter): Name = "Availability"; Value = "Unavailable"; VariantName = "[No Variations]"
Add component (AddParameter): Name = "MF"; Value = "Amphenol ICC"; VariantName = "[No Variations]"
Add component (AddParameter): Name = "MP"; Value = "10118193-0001LF"; VariantName = "[No Variations]"
Add component (AddParameter): Name = "Package"; Value = "None"; VariantName = "[No Variations]"
Add component (AddParameter): Name = "Price"; Value = "None"; VariantName = "[No Variations]"
Add component (AddParameter): Name = "SnapEDA_Link"; Value = "https://www.snapeda.com/parts/10118193-0001LF/Amphenol%20FCI/view-part/2758989/?ref=snap"; VariantName = "[No Variations]"
Add component (AddParameter): Name = "Value"; Value = ""; VariantName = "[No Variations]"
Added Component: Designator=J(FCI_10118193-0001LF)
Add component. Clean all parameters for all variants
Add component (AddParameter): Name = "Availability"; Value = "Unavailable"; VariantName = "[No Variations]"
Add component (AddParameter): Name = "MF"; Value = "Amphenol ICC"; VariantName = "[No Variations]"
Add component (AddParameter): Name = "MP"; Value = "10118193-0001LF"; VariantName = "[No Variations]"
Add component (AddParameter): Name = "Package"; Value = "None"; VariantName = "[No Variations]"
Add component (AddParameter): Name = "Price"; Value = "None"; VariantName = "[No Variations]"
Add component (AddParameter): Name = "SnapEDA_Link"; Value = "https://www.snapeda.com/parts/10118193-0001LF/Amphenol%20FCI/view-part/2758989/?ref=snap"; VariantName = "[No Variations]"
Add component (AddParameter): Name = "Value"; Value = ""; VariantName = "[No Variations]"
Added Component: Designator=L1(18x16-9-Inductor)
Add component. Clean all parameters for all variants
Added Component: Designator=L2(71x66-Inductor)
Add component. Clean all parameters for all variants
Added Component: Designator=LED1(5x5_WS2812)
Add component. Clean all parameters for all variants
Added Component: Designator=LED2(5x5_WS2812)
Add component. Clean all parameters for all variants
Added Component: Designator=LED3(5x5_WS2812)
Add component. Clean all parameters for all variants
Added Component: Designator=LED4(5x5_WS2812)
Add component. Clean all parameters for all variants
Added Component: Designator=LED5(5x5_WS2812)
Add component. Clean all parameters for all variants
Added Component: Designator=LS1(12-dia-buzzer)
Add component. Clean all parameters for all variants
Added Component: Designator=Q1(SOT23-FET)
Add component. Clean all parameters for all variants
Add component (AddParameter): Name = "Digi-Key_Part_Number"; Value = "1086-15156-ND"; VariantName = "[No Variations]"
Add component (AddParameter): Name = "Digi-Key_Purchase_URL"; Value = "https://www.digikey.com.mx/product-detail/en/microsemi-corporation/JANS2N2222A/1086-15156-ND/4384334?utm_source=snapeda&utm_medium=aggregator&utm_campaign=symbol"; VariantName = "[No Variations]"
Add component (AddParameter): Name = "MF"; Value = "MICROSS/On Semiconductor"; VariantName = "[No Variations]"
Add component (AddParameter): Name = "MP"; Value = "2N2222"; VariantName = "[No Variations]"
Add component (AddParameter): Name = "Package"; Value = "TO-18-3 NJS"; VariantName = "[No Variations]"
Add component (AddParameter): Name = "SnapEDA_Link"; Value = "https://www.snapeda.com/parts/2N2222/MICROSS/On%20Semiconductor/view-part/561967/?ref=snap"; VariantName = "[No Variations]"
Add component (AddParameter): Name = "Value"; Value = ""; VariantName = "[No Variations]"
Added Component: Designator=Q2(SOT23-FET)
Add component. Clean all parameters for all variants
Add component (AddParameter): Name = "Digi-Key_Part_Number"; Value = "1086-15156-ND"; VariantName = "[No Variations]"
Add component (AddParameter): Name = "Digi-Key_Purchase_URL"; Value = "https://www.digikey.com.mx/product-detail/en/microsemi-corporation/JANS2N2222A/1086-15156-ND/4384334?utm_source=snapeda&utm_medium=aggregator&utm_campaign=symbol"; VariantName = "[No Variations]"
Add component (AddParameter): Name = "MF"; Value = "MICROSS/On Semiconductor"; VariantName = "[No Variations]"
Add component (AddParameter): Name = "MP"; Value = "2N2222"; VariantName = "[No Variations]"
Add component (AddParameter): Name = "Package"; Value = "TO-18-3 NJS"; VariantName = "[No Variations]"
Add component (AddParameter): Name = "SnapEDA_Link"; Value = "https://www.snapeda.com/parts/2N2222/MICROSS/On%20Semiconductor/view-part/561967/?ref=snap"; VariantName = "[No Variations]"
Add component (AddParameter): Name = "Value"; Value = ""; VariantName = "[No Variations]"
Added Component: Designator=Q3(SOT23-FET)
Add component. Clean all parameters for all variants
Add component (AddParameter): Name = "Digi-Key_Part_Number"; Value = "1086-15156-ND"; VariantName = "[No Variations]"
Add component (AddParameter): Name = "Digi-Key_Purchase_URL"; Value = "https://www.digikey.com.mx/product-detail/en/microsemi-corporation/JANS2N2222A/1086-15156-ND/4384334?utm_source=snapeda&utm_medium=aggregator&utm_campaign=symbol"; VariantName = "[No Variations]"
Add component (AddParameter): Name = "MF"; Value = "MICROSS/On Semiconductor"; VariantName = "[No Variations]"
Add component (AddParameter): Name = "MP"; Value = "2N2222"; VariantName = "[No Variations]"
Add component (AddParameter): Name = "Package"; Value = "TO-18-3 NJS"; VariantName = "[No Variations]"
Add component (AddParameter): Name = "SnapEDA_Link"; Value = "https://www.snapeda.com/parts/2N2222/MICROSS/On%20Semiconductor/view-part/561967/?ref=snap"; VariantName = "[No Variations]"
Add component (AddParameter): Name = "Value"; Value = ""; VariantName = "[No Variations]"
Added Component: Designator=R1(0805 - duplicate)
Add component. Clean all parameters for all variants
Added Component: Designator=R2(0805 - duplicate)
Add component. Clean all parameters for all variants
Added Component: Designator=R3(0805 - duplicate)
Add component. Clean all parameters for all variants
Added Component: Designator=R4(0805 - duplicate)
Add component. Clean all parameters for all variants
Added Component: Designator=R5(0805 - duplicate)
Add component. Clean all parameters for all variants
Added Component: Designator=R6(0805 - duplicate)
Add component. Clean all parameters for all variants
Added Component: Designator=R7(0805 - duplicate)
Add component. Clean all parameters for all variants
Added Component: Designator=R8(0805 - duplicate)
Add component. Clean all parameters for all variants
Added Component: Designator=R9(0805 - duplicate)
Add component. Clean all parameters for all variants
Added Component: Designator=R10(0805 - duplicate)
Add component. Clean all parameters for all variants
Added Component: Designator=R11(0805 - duplicate)
Add component. Clean all parameters for all variants
Added Component: Designator=R12(0805 - duplicate)
Add component. Clean all parameters for all variants
Added Component: Designator=R13(0805 - duplicate)
Add component. Clean all parameters for all variants
Added Component: Designator=R14(0805 - duplicate)
Add component. Clean all parameters for all variants
Added Component: Designator=R15(0805 - duplicate)
Add component. Clean all parameters for all variants
Added Component: Designator=R16(2010_SMD_Resistor)
Add component. Clean all parameters for all variants
Added Component: Designator=R17(2010_SMD_Resistor)
Add component. Clean all parameters for all variants
Added Component: Designator=R18(0805 - duplicate)
Add component. Clean all parameters for all variants
Added Component: Designator=R19(0805 - duplicate)
Add component. Clean all parameters for all variants
Added Component: Designator=R20(2010_SMD_Resistor)
Add component. Clean all parameters for all variants
Added Component: Designator=R21(0805 - duplicate)
Add component. Clean all parameters for all variants
Added Component: Designator=R22(0805 - duplicate)
Add component. Clean all parameters for all variants
Added Component: Designator=R23_U_TMC73001(2010_SMD_Resistor)
Add component. Clean all parameters for all variants
Added Component: Designator=R23_U_TMC73002(2010_SMD_Resistor)
Add component. Clean all parameters for all variants
Added Component: Designator=R23_U_TMC73003(2010_SMD_Resistor)
Add component. Clean all parameters for all variants
Added Component: Designator=R23_U_TMC73004(2010_SMD_Resistor)
Add component. Clean all parameters for all variants
Added Component: Designator=SW1(4.8x4.8-SMD-SWITCH)
Add component. Clean all parameters for all variants
Added Component: Designator=SW2(4.8x4.8-SMD-SWITCH)
Add component. Clean all parameters for all variants
Added Component: Designator=SW3(4.8x4.8-SMD-SWITCH)
Add component. Clean all parameters for all variants
Added Component: Designator=U1(LQFP48)
Add component. Clean all parameters for all variants
Added Component: Designator=U2(ESP-WROOM-32)
Add component. Clean all parameters for all variants
Add component (AddParameter): Name = "Availability"; Value = "Unavailable"; VariantName = "[No Variations]"
Add component (AddParameter): Name = "MF"; Value = "Olimex LTD"; VariantName = "[No Variations]"
Add component (AddParameter): Name = "MP"; Value = "ESP-WROOM-32"; VariantName = "[No Variations]"
Add component (AddParameter): Name = "Package"; Value = "Module Olimex LTD"; VariantName = "[No Variations]"
Add component (AddParameter): Name = "Price"; Value = "None"; VariantName = "[No Variations]"
Add component (AddParameter): Name = "SnapEDA_Link"; Value = "https://www.snapeda.com/parts/ESP-WROOM-32/Olimex%20LTD/view-part/2311927/?ref=snap"; VariantName = "[No Variations]"
Add component (AddParameter): Name = "Value"; Value = ""; VariantName = "[No Variations]"
Added Component: Designator=U3(QFN28G_0.5-5X5MM)
Add component. Clean all parameters for all variants
Added Component: Designator=U4(SOT50P160X60-6N)
Add component. Clean all parameters for all variants
Add component (AddParameter): Name = "Availability"; Value = "Unavailable"; VariantName = "[No Variations]"
Add component (AddParameter): Name = "MF"; Value = "STMicroelectronics"; VariantName = "[No Variations]"
Add component (AddParameter): Name = "MP"; Value = "USBLC6-2P6"; VariantName = "[No Variations]"
Add component (AddParameter): Name = "Package"; Value = "SOT-563 STMicroelectronics"; VariantName = "[No Variations]"
Add component (AddParameter): Name = "Price"; Value = "None"; VariantName = "[No Variations]"
Add component (AddParameter): Name = "SnapEDA_Link"; Value = "https://www.snapeda.com/parts/USBLC6-2P6/STMicroelectronics/view-part/106846/?ref=snap"; VariantName = "[No Variations]"
Add component (AddParameter): Name = "Value"; Value = ""; VariantName = "[No Variations]"
Added Component: Designator=U5(TO220-5L)
Add component. Clean all parameters for all variants
Added Component: Designator=U6(SOP8-MT3420)
Add component. Clean all parameters for all variants
Added Component: Designator=U7(SOT229P700X180-4N)
Add component. Clean all parameters for all variants
Add component (AddParameter): Name = "Availability"; Value = "Unavailable"; VariantName = "[No Variations]"
Add component (AddParameter): Name = "MF"; Value = "Advanced Monolithic Systems"; VariantName = "[No Variations]"
Add component (AddParameter): Name = "MP"; Value = "AMS1117-3.3"; VariantName = "[No Variations]"
Add component (AddParameter): Name = "Package"; Value = "None"; VariantName = "[No Variations]"
Add component (AddParameter): Name = "Price"; Value = "None"; VariantName = "[No Variations]"
Add component (AddParameter): Name = "SnapEDA_Link"; Value = "https://www.snapeda.com/parts/AMS1117-3.3/Advanced%20Monolithic%20Systems/view-part/53450/?ref=snap"; VariantName = "[No Variations]"
Add component (AddParameter): Name = "Value"; Value = ""; VariantName = "[No Variations]"
Added Component: Designator=U8(SOIC8-TI_CAN)
Add component. Clean all parameters for all variants
Added Component: Designator=U9(SOT23-PI4ULS5V201)
Add component. Clean all parameters for all variants
Added Component: Designator=U10(SOT23-PI4ULS5V201)
Add component. Clean all parameters for all variants
Added Component: Designator=U11_U_TMC73001(QFN20_3X3)
Add component. Clean all parameters for all variants
Add component (AddParameter): Name = "Copyright"; Value = "Copyright (C) 2018 Accelerated Designs. All rights reserved"; VariantName = "[No Variations]"
Add component (AddParameter): Name = "Manufacturer_Part_Number"; Value = "TMC7300-LA"; VariantName = "[No Variations]"
Add component (AddParameter): Name = "Value"; Value = "TMC7300-LA"; VariantName = "[No Variations]"
Add component (AddParameter): Name = "Vendor"; Value = "Trinamic"; VariantName = "[No Variations]"
Added Component: Designator=U11_U_TMC73002(QFN20_3X3)
Add component. Clean all parameters for all variants
Add component (AddParameter): Name = "Copyright"; Value = "Copyright (C) 2018 Accelerated Designs. All rights reserved"; VariantName = "[No Variations]"
Add component (AddParameter): Name = "Manufacturer_Part_Number"; Value = "TMC7300-LA"; VariantName = "[No Variations]"
Add component (AddParameter): Name = "Value"; Value = "TMC7300-LA"; VariantName = "[No Variations]"
Add component (AddParameter): Name = "Vendor"; Value = "Trinamic"; VariantName = "[No Variations]"
Added Component: Designator=U11_U_TMC73003(QFN20_3X3)
Add component. Clean all parameters for all variants
Add component (AddParameter): Name = "Copyright"; Value = "Copyright (C) 2018 Accelerated Designs. All rights reserved"; VariantName = "[No Variations]"
Add component (AddParameter): Name = "Manufacturer_Part_Number"; Value = "TMC7300-LA"; VariantName = "[No Variations]"
Add component (AddParameter): Name = "Value"; Value = "TMC7300-LA"; VariantName = "[No Variations]"
Add component (AddParameter): Name = "Vendor"; Value = "Trinamic"; VariantName = "[No Variations]"
Added Component: Designator=U11_U_TMC73004(QFN20_3X3)
Add component. Clean all parameters for all variants
Add component (AddParameter): Name = "Copyright"; Value = "Copyright (C) 2018 Accelerated Designs. All rights reserved"; VariantName = "[No Variations]"
Add component (AddParameter): Name = "Manufacturer_Part_Number"; Value = "TMC7300-LA"; VariantName = "[No Variations]"
Add component (AddParameter): Name = "Value"; Value = "TMC7300-LA"; VariantName = "[No Variations]"
Add component (AddParameter): Name = "Vendor"; Value = "Trinamic"; VariantName = "[No Variations]"
Added Component: Designator=U(QFN50P400X400X95-24N)
Add component. Clean all parameters for all variants
Add component (AddParameter): Name = "Availability"; Value = "Unavailable"; VariantName = "[No Variations]"
Add component (AddParameter): Name = "MF"; Value = "TDK InvenSense"; VariantName = "[No Variations]"
Add component (AddParameter): Name = "MP"; Value = "MPU-6050"; VariantName = "[No Variations]"
Add component (AddParameter): Name = "Package"; Value = "VFQFN-24 TDK InvenSense"; VariantName = "[No Variations]"
Add component (AddParameter): Name = "Price"; Value = "None"; VariantName = "[No Variations]"
Add component (AddParameter): Name = "SnapEDA_Link"; Value = "https://www.snapeda.com/parts/MPU-6050/TDK%20InvenSense/view-part/4503180/?ref=snap"; VariantName = "[No Variations]"
Add component (AddParameter): Name = "Value"; Value = ""; VariantName = "[No Variations]"
Added Component: Designator=X1(3.2x2.5 SMD)
Add component. Clean all parameters for all variants
Added Pin To Net: NetName=+5 Pin=CN12-2
Added Pin To Net: NetName=+5 Pin=CN13-2
Added Net: Name=+5
Added Pin To Net: NetName=3V3 Pin=C1-2
Added Pin To Net: NetName=3V3 Pin=C2-2
Added Pin To Net: NetName=3V3 Pin=C7-2
Added Pin To Net: NetName=3V3 Pin=C8-2
Added Pin To Net: NetName=3V3 Pin=C9-2
Added Pin To Net: NetName=3V3 Pin=C10-2
Added Pin To Net: NetName=3V3 Pin=C11-2
Added Pin To Net: NetName=3V3 Pin=C12-2
Added Pin To Net: NetName=3V3 Pin=C13-2
Added Pin To Net: NetName=3V3 Pin=C14-2
Added Pin To Net: NetName=3V3 Pin=C28-2
Added Pin To Net: NetName=3V3 Pin=C29-2
Added Pin To Net: NetName=3V3 Pin=C32-2
Added Pin To Net: NetName=3V3 Pin=C33-2
Added Pin To Net: NetName=3V3 Pin=C39_U_TMC73001-1
Added Pin To Net: NetName=3V3 Pin=C39_U_TMC73002-1
Added Pin To Net: NetName=3V3 Pin=C39_U_TMC73003-1
Added Pin To Net: NetName=3V3 Pin=C39_U_TMC73004-1
Added Pin To Net: NetName=3V3 Pin=CN10-1
Added Pin To Net: NetName=3V3 Pin=CN10-2
Added Pin To Net: NetName=3V3 Pin=CN10-3
Added Pin To Net: NetName=3V3 Pin=R1-2
Added Pin To Net: NetName=3V3 Pin=R3-1
Added Pin To Net: NetName=3V3 Pin=R6-1
Added Pin To Net: NetName=3V3 Pin=R18-2
Added Pin To Net: NetName=3V3 Pin=R19-2
Added Pin To Net: NetName=3V3 Pin=SW3-1
Added Pin To Net: NetName=3V3 Pin=U1-1
Added Pin To Net: NetName=3V3 Pin=U1-9
Added Pin To Net: NetName=3V3 Pin=U1-24
Added Pin To Net: NetName=3V3 Pin=U1-36
Added Pin To Net: NetName=3V3 Pin=U1-48
Added Pin To Net: NetName=3V3 Pin=U2-2
Added Pin To Net: NetName=3V3 Pin=U7-2
Added Pin To Net: NetName=3V3 Pin=U8-3
Added Pin To Net: NetName=3V3 Pin=U9-3
Added Pin To Net: NetName=3V3 Pin=U9-6
Added Pin To Net: NetName=3V3 Pin=U10-3
Added Pin To Net: NetName=3V3 Pin=U10-6
Added Pin To Net: NetName=3V3 Pin=U11_U_TMC73001-5
Added Pin To Net: NetName=3V3 Pin=U11_U_TMC73001-6
Added Pin To Net: NetName=3V3 Pin=U11_U_TMC73001-8
Added Pin To Net: NetName=3V3 Pin=U11_U_TMC73001-11
Added Pin To Net: NetName=3V3 Pin=U11_U_TMC73002-6
Added Pin To Net: NetName=3V3 Pin=U11_U_TMC73002-8
Added Pin To Net: NetName=3V3 Pin=U11_U_TMC73002-11
Added Pin To Net: NetName=3V3 Pin=U11_U_TMC73003-5
Added Pin To Net: NetName=3V3 Pin=U11_U_TMC73003-8
Added Pin To Net: NetName=3V3 Pin=U11_U_TMC73003-11
Added Pin To Net: NetName=3V3 Pin=U11_U_TMC73004-8
Added Pin To Net: NetName=3V3 Pin=U11_U_TMC73004-11
Added Pin To Net: NetName=3V3 Pin=U-8
Added Pin To Net: NetName=3V3 Pin=U-13
Added Pin To Net: NetName=3V3 Pin=X1-1
Added Pin To Net: NetName=3V3 Pin=X1-4
Added Net: Name=3V3
Added Pin To Net: NetName=5V Pin=C26-1
Added Pin To Net: NetName=5V Pin=C27-1
Added Pin To Net: NetName=5V Pin=C30-2
Added Pin To Net: NetName=5V Pin=C31-2
Added Pin To Net: NetName=5V Pin=CN9-1
Added Pin To Net: NetName=5V Pin=CN9-2
Added Pin To Net: NetName=5V Pin=CN9-3
Added Pin To Net: NetName=5V Pin=CN15-1
Added Pin To Net: NetName=5V Pin=CN25-1
Added Pin To Net: NetName=5V Pin=CN26-5
Added Pin To Net: NetName=5V Pin=CN27-5
Added Pin To Net: NetName=5V Pin=L2-2
Added Pin To Net: NetName=5V Pin=LED1-4
Added Pin To Net: NetName=5V Pin=LED2-4
Added Pin To Net: NetName=5V Pin=LED3-4
Added Pin To Net: NetName=5V Pin=LED4-4
Added Pin To Net: NetName=5V Pin=LED5-4
Added Pin To Net: NetName=5V Pin=LS1-A
Added Pin To Net: NetName=5V Pin=R16-2
Added Pin To Net: NetName=5V Pin=R17-2
Added Pin To Net: NetName=5V Pin=U6-3
Added Pin To Net: NetName=5V Pin=U7-3
Added Pin To Net: NetName=5V Pin=U9-4
Added Pin To Net: NetName=5V Pin=U10-4
Added Net: Name=5V
Added Pin To Net: NetName=8MHZ_OSC_IN Pin=U1-5
Added Pin To Net: NetName=8MHZ_OSC_IN Pin=X1-3
Added Net: Name=8MHZ_OSC_IN
Added Pin To Net: NetName=8V4 Pin=C23-2
Added Pin To Net: NetName=8V4 Pin=C24-1
Added Pin To Net: NetName=8V4 Pin=C25-1
Added Pin To Net: NetName=8V4 Pin=CN8-1
Added Pin To Net: NetName=8V4 Pin=CN8-2
Added Pin To Net: NetName=8V4 Pin=CN8-3
Added Pin To Net: NetName=8V4 Pin=CN17-2
Added Pin To Net: NetName=8V4 Pin=CN18-2
Added Pin To Net: NetName=8V4 Pin=CN19-2
Added Pin To Net: NetName=8V4 Pin=CN20-2
Added Pin To Net: NetName=8V4 Pin=L1-2
Added Pin To Net: NetName=8V4 Pin=R12-2
Added Net: Name=8V4
Added Pin To Net: NetName=12V Pin=C17-2
Added Pin To Net: NetName=12V Pin=C18-2
Added Pin To Net: NetName=12V Pin=C19-1
Added Pin To Net: NetName=12V Pin=C20-2
Added Pin To Net: NetName=12V Pin=C21-2
Added Pin To Net: NetName=12V Pin=C22-2
Added Pin To Net: NetName=12V Pin=C36_U_TMC73001-1
Added Pin To Net: NetName=12V Pin=C36_U_TMC73002-1
Added Pin To Net: NetName=12V Pin=C36_U_TMC73003-1
Added Pin To Net: NetName=12V Pin=C36_U_TMC73004-1
Added Pin To Net: NetName=12V Pin=C37_U_TMC73001-2
Added Pin To Net: NetName=12V Pin=C37_U_TMC73002-2
Added Pin To Net: NetName=12V Pin=C37_U_TMC73003-2
Added Pin To Net: NetName=12V Pin=C37_U_TMC73004-2
Added Pin To Net: NetName=12V Pin=CN5-A
Added Pin To Net: NetName=12V Pin=CN7-1
Added Pin To Net: NetName=12V Pin=CN7-2
Added Pin To Net: NetName=12V Pin=CN7-3
Added Pin To Net: NetName=12V Pin=R14-2
Added Pin To Net: NetName=12V Pin=U5-5
Added Pin To Net: NetName=12V Pin=U6-1
Added Pin To Net: NetName=12V Pin=U11_U_TMC73001-18
Added Pin To Net: NetName=12V Pin=U11_U_TMC73002-18
Added Pin To Net: NetName=12V Pin=U11_U_TMC73003-18
Added Pin To Net: NetName=12V Pin=U11_U_TMC73004-18
Added Net: Name=12V
Added Pin To Net: NetName=BOOT0 Pin=SW3-4
Added Net: Name=BOOT0
Added Pin To Net: NetName=ESP_BOOT Pin=C6-2
Added Pin To Net: NetName=ESP_BOOT Pin=Q2-2
Added Pin To Net: NetName=ESP_BOOT Pin=SW2-2
Added Pin To Net: NetName=ESP_BOOT Pin=U2-25
Added Net: Name=ESP_BOOT
Added Pin To Net: NetName=ESP_EN Pin=C5-2
Added Pin To Net: NetName=ESP_EN Pin=Q1-3
Added Pin To Net: NetName=ESP_EN Pin=SW1-2
Added Pin To Net: NetName=ESP_EN Pin=U2-3
Added Net: Name=ESP_EN
Added Pin To Net: NetName=ESP_INTERRUPT Pin=U2-26
Added Net: Name=ESP_INTERRUPT
Added Pin To Net: NetName=ESP_INTERRURPT Pin=U1-41
Added Net: Name=ESP_INTERRURPT
Added Pin To Net: NetName=ESP_RX0 Pin=U2-34
Added Pin To Net: NetName=ESP_RX0 Pin=U3-26
Added Net: Name=ESP_RX0
Added Pin To Net: NetName=ESP_RX Pin=CN1-1
Added Pin To Net: NetName=ESP_RX Pin=U1-43
Added Pin To Net: NetName=ESP_RX Pin=U2-28
Added Net: Name=ESP_RX
Added Pin To Net: NetName=ESP_TX0 Pin=U2-35
Added Pin To Net: NetName=ESP_TX0 Pin=U3-25
Added Net: Name=ESP_TX0
Added Pin To Net: NetName=ESP_TX Pin=CN1-2
Added Pin To Net: NetName=ESP_TX Pin=U1-42
Added Pin To Net: NetName=ESP_TX Pin=U2-27
Added Net: Name=ESP_TX
Added Pin To Net: NetName=ESP_USB_N Pin=J-2
Added Pin To Net: NetName=ESP_USB_N Pin=U3-5
Added Net: Name=ESP_USB_N
Added Pin To Net: NetName=ESP_USB_P Pin=J-3
Added Pin To Net: NetName=ESP_USB_P Pin=U3-4
Added Net: Name=ESP_USB_P
Added Pin To Net: NetName=EX_I2C_SCL Pin=CN15-2
Added Pin To Net: NetName=EX_I2C_SCL Pin=CN25-2
Added Pin To Net: NetName=EX_I2C_SCL Pin=R17-1
Added Pin To Net: NetName=EX_I2C_SCL Pin=U1-30
Added Net: Name=EX_I2C_SCL
Added Pin To Net: NetName=EX_I2C_SDA Pin=CN15-3
Added Pin To Net: NetName=EX_I2C_SDA Pin=CN25-3
Added Pin To Net: NetName=EX_I2C_SDA Pin=R16-1
Added Pin To Net: NetName=EX_I2C_SDA Pin=U1-31
Added Net: Name=EX_I2C_SDA
Added Pin To Net: NetName=GND Pin=C1-1
Added Pin To Net: NetName=GND Pin=C2-1
Added Pin To Net: NetName=GND Pin=C3-1
Added Pin To Net: NetName=GND Pin=C4-1
Added Pin To Net: NetName=GND Pin=C7-1
Added Pin To Net: NetName=GND Pin=C8-1
Added Pin To Net: NetName=GND Pin=C9-1
Added Pin To Net: NetName=GND Pin=C10-1
Added Pin To Net: NetName=GND Pin=C11-1
Added Pin To Net: NetName=GND Pin=C12-1
Added Pin To Net: NetName=GND Pin=C13-1
Added Pin To Net: NetName=GND Pin=C14-1
Added Pin To Net: NetName=GND Pin=C15-1
Added Pin To Net: NetName=GND Pin=C18-1
Added Pin To Net: NetName=GND Pin=C19-2
Added Pin To Net: NetName=GND Pin=C20-1
Added Pin To Net: NetName=GND Pin=C21-1
Added Pin To Net: NetName=GND Pin=C22-1
Added Pin To Net: NetName=GND Pin=C23-1
Added Pin To Net: NetName=GND Pin=C24-2
Added Pin To Net: NetName=GND Pin=C25-2
Added Pin To Net: NetName=GND Pin=C26-2
Added Pin To Net: NetName=GND Pin=C27-2
Added Pin To Net: NetName=GND Pin=C28-1
Added Pin To Net: NetName=GND Pin=C29-1
Added Pin To Net: NetName=GND Pin=C30-1
Added Pin To Net: NetName=GND Pin=C31-1
Added Pin To Net: NetName=GND Pin=C32-1
Added Pin To Net: NetName=GND Pin=C33-1
Added Pin To Net: NetName=GND Pin=C34-1
Added Pin To Net: NetName=GND Pin=C35-1
Added Pin To Net: NetName=GND Pin=C36_U_TMC73001-2
Added Pin To Net: NetName=GND Pin=C36_U_TMC73002-2
Added Pin To Net: NetName=GND Pin=C36_U_TMC73003-2
Added Pin To Net: NetName=GND Pin=C36_U_TMC73004-2
Added Pin To Net: NetName=GND Pin=C37_U_TMC73001-1
Added Pin To Net: NetName=GND Pin=C37_U_TMC73002-1
Added Pin To Net: NetName=GND Pin=C37_U_TMC73003-1
Added Pin To Net: NetName=GND Pin=C37_U_TMC73004-1
Added Pin To Net: NetName=GND Pin=C38_U_TMC73001-2
Added Pin To Net: NetName=GND Pin=C38_U_TMC73002-2
Added Pin To Net: NetName=GND Pin=C38_U_TMC73003-2
Added Pin To Net: NetName=GND Pin=C38_U_TMC73004-2
Added Pin To Net: NetName=GND Pin=CN1-3
Added Pin To Net: NetName=GND Pin=CN2-4
Added Pin To Net: NetName=GND Pin=CN4-1
Added Pin To Net: NetName=GND Pin=CN5-K
Added Pin To Net: NetName=GND Pin=CN6-1
Added Pin To Net: NetName=GND Pin=CN6-2
Added Pin To Net: NetName=GND Pin=CN6-3
Added Pin To Net: NetName=GND Pin=CN11-3
Added Pin To Net: NetName=GND Pin=CN12-3
Added Pin To Net: NetName=GND Pin=CN13-3
Added Pin To Net: NetName=GND Pin=CN14-3
Added Pin To Net: NetName=GND Pin=CN15-4
Added Pin To Net: NetName=GND Pin=CN16-3
Added Pin To Net: NetName=GND Pin=CN17-3
Added Pin To Net: NetName=GND Pin=CN18-3
Added Pin To Net: NetName=GND Pin=CN19-3
Added Pin To Net: NetName=GND Pin=CN20-3
Added Pin To Net: NetName=GND Pin=CN21-4
Added Pin To Net: NetName=GND Pin=CN22-4
Added Pin To Net: NetName=GND Pin=CN23-4
Added Pin To Net: NetName=GND Pin=CN24-4
Added Pin To Net: NetName=GND Pin=CN25-4
Added Pin To Net: NetName=GND Pin=CN26-6
Added Pin To Net: NetName=GND Pin=CN27-6
Added Pin To Net: NetName=GND Pin=D3-1
Added Pin To Net: NetName=GND Pin=D3-2
Added Pin To Net: NetName=GND Pin=J1-1
Added Pin To Net: NetName=GND Pin=J2-5
Added Pin To Net: NetName=GND Pin=J2-S
Added Pin To Net: NetName=GND Pin=J2-S
Added Pin To Net: NetName=GND Pin=J2-S
Added Pin To Net: NetName=GND Pin=J2-S
Added Pin To Net: NetName=GND Pin=J2-S
Added Pin To Net: NetName=GND Pin=J2-S
Added Pin To Net: NetName=GND Pin=J-5
Added Pin To Net: NetName=GND Pin=J-S
Added Pin To Net: NetName=GND Pin=J-S
Added Pin To Net: NetName=GND Pin=J-S
Added Pin To Net: NetName=GND Pin=J-S
Added Pin To Net: NetName=GND Pin=J-S
Added Pin To Net: NetName=GND Pin=J-S
Added Pin To Net: NetName=GND Pin=LED1-3
Added Pin To Net: NetName=GND Pin=LED2-3
Added Pin To Net: NetName=GND Pin=LED3-3
Added Pin To Net: NetName=GND Pin=LED4-3
Added Pin To Net: NetName=GND Pin=LED5-3
Added Pin To Net: NetName=GND Pin=Q3-2
Added Pin To Net: NetName=GND Pin=R8-1
Added Pin To Net: NetName=GND Pin=R10-2
Added Pin To Net: NetName=GND Pin=R13-1
Added Pin To Net: NetName=GND Pin=R15-2
Added Pin To Net: NetName=GND Pin=R22-1
Added Pin To Net: NetName=GND Pin=R23_U_TMC73001-1
Added Pin To Net: NetName=GND Pin=R23_U_TMC73002-1
Added Pin To Net: NetName=GND Pin=R23_U_TMC73003-1
Added Pin To Net: NetName=GND Pin=R23_U_TMC73004-1
Added Pin To Net: NetName=GND Pin=SW1-3
Added Pin To Net: NetName=GND Pin=SW2-3
Added Pin To Net: NetName=GND Pin=U1-8
Added Pin To Net: NetName=GND Pin=U1-23
Added Pin To Net: NetName=GND Pin=U1-35
Added Pin To Net: NetName=GND Pin=U1-47
Added Pin To Net: NetName=GND Pin=U2-1
Added Pin To Net: NetName=GND Pin=U2-1
Added Pin To Net: NetName=GND Pin=U2-15
Added Pin To Net: NetName=GND Pin=U2-38
Added Pin To Net: NetName=GND Pin=U3-3
Added Pin To Net: NetName=GND Pin=U4-2
Added Pin To Net: NetName=GND Pin=U5-1
Added Pin To Net: NetName=GND Pin=U6-4
Added Pin To Net: NetName=GND Pin=U6-5
Added Pin To Net: NetName=GND Pin=U6-6
Added Pin To Net: NetName=GND Pin=U6-7
Added Pin To Net: NetName=GND Pin=U6-8
Added Pin To Net: NetName=GND Pin=U7-1
Added Pin To Net: NetName=GND Pin=U8-2
Added Pin To Net: NetName=GND Pin=U9-2
Added Pin To Net: NetName=GND Pin=U10-2
Added Pin To Net: NetName=GND Pin=U11_U_TMC73001-3
Added Pin To Net: NetName=GND Pin=U11_U_TMC73001-4
Added Pin To Net: NetName=GND Pin=U11_U_TMC73001-9
Added Pin To Net: NetName=GND Pin=U11_U_TMC73001-14
Added Pin To Net: NetName=GND Pin=U11_U_TMC73001-21
Added Pin To Net: NetName=GND Pin=U11_U_TMC73002-3
Added Pin To Net: NetName=GND Pin=U11_U_TMC73002-4
Added Pin To Net: NetName=GND Pin=U11_U_TMC73002-5
Added Pin To Net: NetName=GND Pin=U11_U_TMC73002-9
Added Pin To Net: NetName=GND Pin=U11_U_TMC73002-14
Added Pin To Net: NetName=GND Pin=U11_U_TMC73002-21
Added Pin To Net: NetName=GND Pin=U11_U_TMC73003-3
Added Pin To Net: NetName=GND Pin=U11_U_TMC73003-4
Added Pin To Net: NetName=GND Pin=U11_U_TMC73003-6
Added Pin To Net: NetName=GND Pin=U11_U_TMC73003-9
Added Pin To Net: NetName=GND Pin=U11_U_TMC73003-14
Added Pin To Net: NetName=GND Pin=U11_U_TMC73003-21
Added Pin To Net: NetName=GND Pin=U11_U_TMC73004-3
Added Pin To Net: NetName=GND Pin=U11_U_TMC73004-4
Added Pin To Net: NetName=GND Pin=U11_U_TMC73004-5
Added Pin To Net: NetName=GND Pin=U11_U_TMC73004-6
Added Pin To Net: NetName=GND Pin=U11_U_TMC73004-9
Added Pin To Net: NetName=GND Pin=U11_U_TMC73004-14
Added Pin To Net: NetName=GND Pin=U11_U_TMC73004-21
Added Pin To Net: NetName=GND Pin=U-1
Added Pin To Net: NetName=GND Pin=U-9
Added Pin To Net: NetName=GND Pin=U-11
Added Pin To Net: NetName=GND Pin=U-18
Added Pin To Net: NetName=GND Pin=X1-2
Added Net: Name=GND
Added Pin To Net: NetName=IN_I2C_SCL Pin=R19-1
Added Pin To Net: NetName=IN_I2C_SCL Pin=U1-38
Added Pin To Net: NetName=IN_I2C_SCL Pin=U-23
Added Net: Name=IN_I2C_SCL
Added Pin To Net: NetName=IN_I2C_SDA Pin=CN2-2
Added Pin To Net: NetName=IN_I2C_SDA Pin=CN3-3
Added Pin To Net: NetName=IN_I2C_SDA Pin=R18-1
Added Pin To Net: NetName=IN_I2C_SDA Pin=U1-37
Added Pin To Net: NetName=IN_I2C_SDA Pin=U-24
Added Net: Name=IN_I2C_SDA
Added Pin To Net: NetName=NetC3_2 Pin=C3-2
Added Pin To Net: NetName=NetC3_2 Pin=U3-6
Added Net: Name=NetC3_2
Added Pin To Net: NetName=NetC5_1 Pin=C5-1
Added Pin To Net: NetName=NetC5_1 Pin=SW1-4
Added Net: Name=NetC5_1
Added Pin To Net: NetName=NetC6_1 Pin=C6-1
Added Pin To Net: NetName=NetC6_1 Pin=SW2-4
Added Net: Name=NetC6_1
Added Pin To Net: NetName=NetC16_2 Pin=C16-2
Added Pin To Net: NetName=NetC16_2 Pin=R11-2
Added Pin To Net: NetName=NetC16_2 Pin=U1-11
Added Net: Name=NetC16_2
Added Pin To Net: NetName=NetC17_1 Pin=C17-1
Added Pin To Net: NetName=NetC17_1 Pin=U5-4
Added Net: Name=NetC17_1
Added Pin To Net: NetName=NetC34_2 Pin=C34-2
Added Pin To Net: NetName=NetC34_2 Pin=U-20
Added Net: Name=NetC34_2
Added Pin To Net: NetName=NetC35_2 Pin=C35-2
Added Pin To Net: NetName=NetC35_2 Pin=U-10
Added Net: Name=NetC35_2
Added Pin To Net: NetName=NetC38_U_TMC73001_1 Pin=C38_U_TMC73001-1
Added Pin To Net: NetName=NetC38_U_TMC73001_1 Pin=U11_U_TMC73001-13
Added Net: Name=NetC38_U_TMC73001_1
Added Pin To Net: NetName=NetC38_U_TMC73002_1 Pin=C38_U_TMC73002-1
Added Pin To Net: NetName=NetC38_U_TMC73002_1 Pin=U11_U_TMC73002-13
Added Net: Name=NetC38_U_TMC73002_1
Added Pin To Net: NetName=NetC38_U_TMC73003_1 Pin=C38_U_TMC73003-1
Added Pin To Net: NetName=NetC38_U_TMC73003_1 Pin=U11_U_TMC73003-13
Added Net: Name=NetC38_U_TMC73003_1
Added Pin To Net: NetName=NetC38_U_TMC73004_1 Pin=C38_U_TMC73004-1
Added Pin To Net: NetName=NetC38_U_TMC73004_1 Pin=U11_U_TMC73004-13
Added Net: Name=NetC38_U_TMC73004_1
Added Pin To Net: NetName=NetC39_U_TMC73001_2 Pin=C39_U_TMC73001-2
Added Pin To Net: NetName=NetC39_U_TMC73001_2 Pin=U11_U_TMC73001-2
Added Net: Name=NetC39_U_TMC73001_2
Added Pin To Net: NetName=NetC39_U_TMC73002_2 Pin=C39_U_TMC73002-2
Added Pin To Net: NetName=NetC39_U_TMC73002_2 Pin=U11_U_TMC73002-2
Added Net: Name=NetC39_U_TMC73002_2
Added Pin To Net: NetName=NetC39_U_TMC73003_2 Pin=C39_U_TMC73003-2
Added Pin To Net: NetName=NetC39_U_TMC73003_2 Pin=U11_U_TMC73003-2
Added Net: Name=NetC39_U_TMC73003_2
Added Pin To Net: NetName=NetC39_U_TMC73004_2 Pin=C39_U_TMC73004-2
Added Pin To Net: NetName=NetC39_U_TMC73004_2 Pin=U11_U_TMC73004-2
Added Net: Name=NetC39_U_TMC73004_2
Added Pin To Net: NetName=NetCN11_1 Pin=CN11-1
Added Pin To Net: NetName=NetCN11_1 Pin=U1-20
Added Net: Name=NetCN11_1
Added Pin To Net: NetName=NetCN12_1 Pin=CN12-1
Added Pin To Net: NetName=NetCN12_1 Pin=U1-40
Added Net: Name=NetCN12_1
Added Pin To Net: NetName=NetCN13_1 Pin=CN13-1
Added Pin To Net: NetName=NetCN13_1 Pin=U1-14
Added Net: Name=NetCN13_1
Added Pin To Net: NetName=NetCN14_1 Pin=CN14-1
Added Pin To Net: NetName=NetCN14_1 Pin=U1-21
Added Pin To Net: NetName=NetCN14_1 Pin=U11_U_TMC73001-10
Added Pin To Net: NetName=NetCN14_1 Pin=U11_U_TMC73002-10
Added Pin To Net: NetName=NetCN14_1 Pin=U11_U_TMC73003-10
Added Pin To Net: NetName=NetCN14_1 Pin=U11_U_TMC73004-10
Added Net: Name=NetCN14_1
Added Pin To Net: NetName=NetCN14_2 Pin=CN14-2
Added Pin To Net: NetName=NetCN14_2 Pin=U1-22
Added Net: Name=NetCN14_2
Added Pin To Net: NetName=NetCN16_1 Pin=CN16-1
Added Pin To Net: NetName=NetCN16_1 Pin=CN17-1
Added Pin To Net: NetName=NetCN16_1 Pin=CN18-1
Added Pin To Net: NetName=NetCN16_1 Pin=CN19-1
Added Pin To Net: NetName=NetCN16_1 Pin=CN20-1
Added Pin To Net: NetName=NetCN16_1 Pin=U1-12
Added Net: Name=NetCN16_1
Added Pin To Net: NetName=NetCN16_2 Pin=CN16-2
Added Pin To Net: NetName=NetCN16_2 Pin=U1-13
Added Net: Name=NetCN16_2
Added Pin To Net: NetName=NetCN21_1 Pin=CN21-1
Added Pin To Net: NetName=NetCN21_1 Pin=CN22-1
Added Pin To Net: NetName=NetCN21_1 Pin=CN23-1
Added Pin To Net: NetName=NetCN21_1 Pin=CN24-1
Added Net: Name=NetCN21_1
Added Pin To Net: NetName=NetCN21_2 Pin=CN21-2
Added Pin To Net: NetName=NetCN21_2 Pin=CN22-2
Added Pin To Net: NetName=NetCN21_2 Pin=CN23-2
Added Pin To Net: NetName=NetCN21_2 Pin=CN24-2
Added Pin To Net: NetName=NetCN21_2 Pin=R20-2
Added Pin To Net: NetName=NetCN21_2 Pin=U8-7
Added Net: Name=NetCN21_2
Added Pin To Net: NetName=NetCN21_3 Pin=CN21-3
Added Pin To Net: NetName=NetCN21_3 Pin=CN22-3
Added Pin To Net: NetName=NetCN21_3 Pin=CN23-3
Added Pin To Net: NetName=NetCN21_3 Pin=CN24-3
Added Pin To Net: NetName=NetCN21_3 Pin=R20-1
Added Pin To Net: NetName=NetCN21_3 Pin=U8-6
Added Net: Name=NetCN21_3
Added Pin To Net: NetName=NetCN26_1 Pin=CN26-1
Added Pin To Net: NetName=NetCN26_1 Pin=CN27-1
Added Pin To Net: NetName=NetCN26_1 Pin=U1-28
Added Net: Name=NetCN26_1
Added Pin To Net: NetName=NetCN26_2 Pin=CN26-2
Added Pin To Net: NetName=NetCN26_2 Pin=CN27-2
Added Pin To Net: NetName=NetCN26_2 Pin=U1-27
Added Net: Name=NetCN26_2
Added Pin To Net: NetName=NetCN26_3 Pin=CN26-3
Added Pin To Net: NetName=NetCN26_3 Pin=CN27-3
Added Pin To Net: NetName=NetCN26_3 Pin=U1-26
Added Net: Name=NetCN26_3
Added Pin To Net: NetName=NetCN26_4 Pin=CN26-4
Added Pin To Net: NetName=NetCN26_4 Pin=U1-25
Added Net: Name=NetCN26_4
Added Pin To Net: NetName=NetCN27_4 Pin=CN27-4
Added Pin To Net: NetName=NetCN27_4 Pin=U1-29
Added Net: Name=NetCN27_4
Added Pin To Net: NetName=NetCN28_U_TMC73001_A Pin=CN28_U_TMC73001-A
Added Pin To Net: NetName=NetCN28_U_TMC73001_A Pin=U11_U_TMC73001-17
Added Pin To Net: NetName=NetCN28_U_TMC73001_A Pin=U11_U_TMC73001-19
Added Net: Name=NetCN28_U_TMC73001_A
Added Pin To Net: NetName=NetCN28_U_TMC73001_K Pin=CN28_U_TMC73001-K
Added Pin To Net: NetName=NetCN28_U_TMC73001_K Pin=U11_U_TMC73001-1
Added Pin To Net: NetName=NetCN28_U_TMC73001_K Pin=U11_U_TMC73001-15
Added Net: Name=NetCN28_U_TMC73001_K
Added Pin To Net: NetName=NetCN28_U_TMC73002_A Pin=CN28_U_TMC73002-A
Added Pin To Net: NetName=NetCN28_U_TMC73002_A Pin=U11_U_TMC73002-17
Added Pin To Net: NetName=NetCN28_U_TMC73002_A Pin=U11_U_TMC73002-19
Added Net: Name=NetCN28_U_TMC73002_A
Added Pin To Net: NetName=NetCN28_U_TMC73002_K Pin=CN28_U_TMC73002-K
Added Pin To Net: NetName=NetCN28_U_TMC73002_K Pin=U11_U_TMC73002-1
Added Pin To Net: NetName=NetCN28_U_TMC73002_K Pin=U11_U_TMC73002-15
Added Net: Name=NetCN28_U_TMC73002_K
Added Pin To Net: NetName=NetCN28_U_TMC73003_A Pin=CN28_U_TMC73003-A
Added Pin To Net: NetName=NetCN28_U_TMC73003_A Pin=U11_U_TMC73003-17
Added Pin To Net: NetName=NetCN28_U_TMC73003_A Pin=U11_U_TMC73003-19
Added Net: Name=NetCN28_U_TMC73003_A
Added Pin To Net: NetName=NetCN28_U_TMC73003_K Pin=CN28_U_TMC73003-K
Added Pin To Net: NetName=NetCN28_U_TMC73003_K Pin=U11_U_TMC73003-1
Added Pin To Net: NetName=NetCN28_U_TMC73003_K Pin=U11_U_TMC73003-15
Added Net: Name=NetCN28_U_TMC73003_K
Added Pin To Net: NetName=NetCN28_U_TMC73004_A Pin=CN28_U_TMC73004-A
Added Pin To Net: NetName=NetCN28_U_TMC73004_A Pin=U11_U_TMC73004-17
Added Pin To Net: NetName=NetCN28_U_TMC73004_A Pin=U11_U_TMC73004-19
Added Net: Name=NetCN28_U_TMC73004_A
Added Pin To Net: NetName=NetCN28_U_TMC73004_K Pin=CN28_U_TMC73004-K
Added Pin To Net: NetName=NetCN28_U_TMC73004_K Pin=U11_U_TMC73004-1
Added Pin To Net: NetName=NetCN28_U_TMC73004_K Pin=U11_U_TMC73004-15
Added Net: Name=NetCN28_U_TMC73004_K
Added Pin To Net: NetName=NetD3_3 Pin=D3-3
Added Pin To Net: NetName=NetD3_3 Pin=L1-1
Added Pin To Net: NetName=NetD3_3 Pin=U5-3
Added Net: Name=NetD3_3
Added Pin To Net: NetName=NetD4_2 Pin=L2-1
Added Pin To Net: NetName=NetD4_2 Pin=U6-2
Added Net: Name=NetD4_2
Added Pin To Net: NetName=NetLED1_1 Pin=LED1-1
Added Pin To Net: NetName=NetLED1_1 Pin=U9-5
Added Net: Name=NetLED1_1
Added Pin To Net: NetName=NetLED1_2 Pin=LED1-2
Added Pin To Net: NetName=NetLED1_2 Pin=U10-5
Added Net: Name=NetLED1_2
Added Pin To Net: NetName=NetLED1_5 Pin=LED1-5
Added Pin To Net: NetName=NetLED1_5 Pin=LED2-2
Added Net: Name=NetLED1_5
Added Pin To Net: NetName=NetLED1_6 Pin=LED1-6
Added Pin To Net: NetName=NetLED1_6 Pin=LED2-1
Added Net: Name=NetLED1_6
Added Pin To Net: NetName=NetLED2_5 Pin=LED2-5
Added Pin To Net: NetName=NetLED2_5 Pin=LED3-2
Added Net: Name=NetLED2_5
Added Pin To Net: NetName=NetLED2_6 Pin=LED2-6
Added Pin To Net: NetName=NetLED2_6 Pin=LED3-1
Added Net: Name=NetLED2_6
Added Pin To Net: NetName=NetLED3_5 Pin=LED3-5
Added Pin To Net: NetName=NetLED3_5 Pin=LED4-2
Added Net: Name=NetLED3_5
Added Pin To Net: NetName=NetLED3_6 Pin=LED3-6
Added Pin To Net: NetName=NetLED3_6 Pin=LED4-1
Added Net: Name=NetLED3_6
Added Pin To Net: NetName=NetLED4_5 Pin=LED4-5
Added Pin To Net: NetName=NetLED4_5 Pin=LED5-2
Added Net: Name=NetLED4_5
Added Pin To Net: NetName=NetLED4_6 Pin=LED4-6
Added Pin To Net: NetName=NetLED4_6 Pin=LED5-1
Added Net: Name=NetLED4_6
Added Pin To Net: NetName=NetLS1_K Pin=LS1-K
Added Pin To Net: NetName=NetLS1_K Pin=Q3-3
Added Net: Name=NetLS1_K
Added Pin To Net: NetName=NetQ1_1 Pin=Q1-1
Added Pin To Net: NetName=NetQ1_1 Pin=R5-2
Added Net: Name=NetQ1_1
Added Pin To Net: NetName=NetQ1_2 Pin=Q1-2
Added Pin To Net: NetName=NetQ1_2 Pin=R7-1
Added Pin To Net: NetName=NetQ1_2 Pin=U3-24
Added Net: Name=NetQ1_2
Added Pin To Net: NetName=NetQ2_1 Pin=Q2-1
Added Pin To Net: NetName=NetQ2_1 Pin=R7-2
Added Net: Name=NetQ2_1
Added Pin To Net: NetName=NetQ2_3 Pin=Q2-3
Added Pin To Net: NetName=NetQ2_3 Pin=R5-1
Added Pin To Net: NetName=NetQ2_3 Pin=U3-28
Added Net: Name=NetQ2_3
Added Pin To Net: NetName=NetQ3_1 Pin=Q3-1
Added Pin To Net: NetName=NetQ3_1 Pin=R21-1
Added Net: Name=NetQ3_1
Added Pin To Net: NetName=NetR2_2 Pin=R2-2
Added Pin To Net: NetName=NetR2_2 Pin=U3-9
Added Net: Name=NetR2_2
Added Pin To Net: NetName=NetR3_2 Pin=R3-2
Added Pin To Net: NetName=NetR3_2 Pin=SW1-1
Added Net: Name=NetR3_2
Added Pin To Net: NetName=NetR4_1 Pin=R4-1
Added Pin To Net: NetName=NetR4_1 Pin=U2-30
Added Net: Name=NetR4_1
Added Pin To Net: NetName=NetR6_2 Pin=R6-2
Added Pin To Net: NetName=NetR6_2 Pin=SW2-1
Added Net: Name=NetR6_2
Added Pin To Net: NetName=NetR8_2 Pin=R8-2
Added Pin To Net: NetName=NetR8_2 Pin=SW3-3
Added Net: Name=NetR8_2
Added Pin To Net: NetName=NetR12_1 Pin=R12-1
Added Pin To Net: NetName=NetR12_1 Pin=R13-2
Added Pin To Net: NetName=NetR12_1 Pin=U5-2
Added Net: Name=NetR12_1
Added Pin To Net: NetName=NetR14_1 Pin=R14-1
Added Pin To Net: NetName=NetR14_1 Pin=R15-1
Added Pin To Net: NetName=NetR14_1 Pin=U1-10
Added Net: Name=NetR14_1
Added Pin To Net: NetName=NetR21_2 Pin=R21-2
Added Pin To Net: NetName=NetR21_2 Pin=U1-19
Added Net: Name=NetR21_2
Added Pin To Net: NetName=NetR22_2 Pin=R22-2
Added Pin To Net: NetName=NetR22_2 Pin=U8-8
Added Net: Name=NetR22_2
Added Pin To Net: NetName=NetR23_U_TMC73001_2 Pin=R23_U_TMC73001-2
Added Pin To Net: NetName=NetR23_U_TMC73001_2 Pin=U11_U_TMC73001-16
Added Pin To Net: NetName=NetR23_U_TMC73001_2 Pin=U11_U_TMC73001-20
Added Net: Name=NetR23_U_TMC73001_2
Added Pin To Net: NetName=NetR23_U_TMC73002_2 Pin=R23_U_TMC73002-2
Added Pin To Net: NetName=NetR23_U_TMC73002_2 Pin=U11_U_TMC73002-16
Added Pin To Net: NetName=NetR23_U_TMC73002_2 Pin=U11_U_TMC73002-20
Added Net: Name=NetR23_U_TMC73002_2
Added Pin To Net: NetName=NetR23_U_TMC73003_2 Pin=R23_U_TMC73003-2
Added Pin To Net: NetName=NetR23_U_TMC73003_2 Pin=U11_U_TMC73003-16
Added Pin To Net: NetName=NetR23_U_TMC73003_2 Pin=U11_U_TMC73003-20
Added Net: Name=NetR23_U_TMC73003_2
Added Pin To Net: NetName=NetR23_U_TMC73004_2 Pin=R23_U_TMC73004-2
Added Pin To Net: NetName=NetR23_U_TMC73004_2 Pin=U11_U_TMC73004-16
Added Pin To Net: NetName=NetR23_U_TMC73004_2 Pin=U11_U_TMC73004-20
Added Net: Name=NetR23_U_TMC73004_2
Added Pin To Net: NetName=NetU1_2 Pin=U1-2
Added Pin To Net: NetName=NetU1_2 Pin=U11_U_TMC73004-12
Added Net: Name=NetU1_2
Added Pin To Net: NetName=NetU1_3 Pin=U1-3
Added Pin To Net: NetName=NetU1_3 Pin=U11_U_TMC73003-12
Added Net: Name=NetU1_3
Added Pin To Net: NetName=NetU1_4 Pin=U1-4
Added Pin To Net: NetName=NetU1_4 Pin=U11_U_TMC73001-7
Added Pin To Net: NetName=NetU1_4 Pin=U11_U_TMC73002-7
Added Pin To Net: NetName=NetU1_4 Pin=U11_U_TMC73003-7
Added Pin To Net: NetName=NetU1_4 Pin=U11_U_TMC73004-7
Added Net: Name=NetU1_4
Added Pin To Net: NetName=NetU1_15 Pin=U1-15
Added Pin To Net: NetName=NetU1_15 Pin=U10-1
Added Net: Name=NetU1_15
Added Pin To Net: NetName=NetU1_16 Pin=U1-16
Added Pin To Net: NetName=NetU1_16 Pin=U11_U_TMC73002-12
Added Net: Name=NetU1_16
Added Pin To Net: NetName=NetU1_17 Pin=U1-17
Added Pin To Net: NetName=NetU1_17 Pin=U9-1
Added Net: Name=NetU1_17
Added Pin To Net: NetName=NetU1_18 Pin=U1-18
Added Pin To Net: NetName=NetU1_18 Pin=U11_U_TMC73001-12
Added Net: Name=NetU1_18
Added Pin To Net: NetName=NetU1_45 Pin=U1-45
Added Pin To Net: NetName=NetU1_45 Pin=U8-4
Added Net: Name=NetU1_45
Added Pin To Net: NetName=NetU1_46 Pin=U1-46
Added Pin To Net: NetName=NetU1_46 Pin=U8-1
Added Net: Name=NetU1_46
Added Pin To Net: NetName=NO_ESD_N Pin=J2-2
Added Pin To Net: NetName=NO_ESD_N Pin=U4-6
Added Net: Name=NO_ESD_N
Added Pin To Net: NetName=NO_ESD_P Pin=J2-3
Added Pin To Net: NetName=NO_ESD_P Pin=U4-4
Added Net: Name=NO_ESD_P
Added Pin To Net: NetName=nRST Pin=C15-2
Added Pin To Net: NetName=nRST Pin=CN4-2
Added Pin To Net: NetName=nRST Pin=J1-2
Added Pin To Net: NetName=nRST Pin=R1-1
Added Pin To Net: NetName=nRST Pin=R4-2
Added Pin To Net: NetName=nRST Pin=U1-7
Added Net: Name=nRST
Added Pin To Net: NetName=SWDIO Pin=CN2-3
Added Pin To Net: NetName=SWDIO Pin=CN3-2
Added Pin To Net: NetName=SWDIO Pin=U1-34
Added Net: Name=SWDIO
Added Pin To Net: NetName=SWO Pin=CN2-1
Added Pin To Net: NetName=SWO Pin=CN3-1
Added Pin To Net: NetName=SWO Pin=U1-39
Added Net: Name=SWO
Added Pin To Net: NetName=USB_N Pin=U1-32
Added Pin To Net: NetName=USB_N Pin=U4-1
Added Net: Name=USB_N
Added Pin To Net: NetName=USB_P Pin=C16-1
Added Pin To Net: NetName=USB_P Pin=R11-1
Added Pin To Net: NetName=USB_P Pin=U1-33
Added Pin To Net: NetName=USB_P Pin=U4-3
Added Net: Name=USB_P
Added Pin To Net: NetName=VBUS_DETECT Pin=R9-2
Added Pin To Net: NetName=VBUS_DETECT Pin=R10-1
Added Pin To Net: NetName=VBUS_DETECT Pin=U1-6
Added Net: Name=VBUS_DETECT
Added Pin To Net: NetName=VBUS_ESP Pin=C4-2
Added Pin To Net: NetName=VBUS_ESP Pin=R2-1
Added Pin To Net: NetName=VBUS_ESP Pin=U3-7
Added Pin To Net: NetName=VBUS_ESP Pin=U3-8
Added Net: Name=VBUS_ESP
Added Pin To Net: NetName=VBUS_STM Pin=J2-1
Added Pin To Net: NetName=VBUS_STM Pin=R9-1
Added Net: Name=VBUS_STM
Added Pin To Net: NetName=VBUS Pin=U4-5
Added Net: Name=VBUS
Added Pin To Net: NetName=VUSB_ESP Pin=J-1
Added Net: Name=VUSB_ESP
Added Class: Name=Controller
Added Class: Name=U_IMU
Added Class: Name=U_LED
Added Class: Name=U_MCU
Added Class: Name=U_Power
Added Class: Name=U_TMC73001
Added Class: Name=U_TMC73002
Added Class: Name=U_TMC73003
Added Class: Name=U_TMC73004
Added Differential Pair: Name=ESP_USB
Added Differential Pair: Name=NO_ESD
Added Differential Pair: Name=USB
Added Class: Name=TMC7300
Added Room: Name=Controller
Added Room: Name=U_IMU
Added Room: Name=U_LED
Added Room: Name=U_MCU
Added Room: Name=U_Power
Added Room: Name=U_TMC73001
Added Room: Name=U_TMC73002
Added Room: Name=U_TMC73003
Added Room: Name=U_TMC73004
