Added Component: Designator=C1(0402)
Add component (AddParameter): Name = "LatestRevisionDate"; Value = "17-Jul-2002"; VariantName = "[No Variations]"
Add component (AddParameter): Name = "LatestRevisionNote"; Value = "Re-released for DXP Platform."; VariantName = "[No Variations]"
Add component (AddParameter): Name = "PackageDescription"; Value = "Radial Cap, Thru-Hole; 2 Leads; 0.3 in Pin Spacing"; VariantName = "[No Variations]"
Add component (AddParameter): Name = "PackageReference"; Value = "RAD-0.3"; VariantName = "[No Variations]"
Add component (AddParameter): Name = "Published"; Value = "8-Jun-2000"; VariantName = "[No Variations]"
Add component (AddParameter): Name = "Publisher"; Value = "Altium Limited"; VariantName = "[No Variations]"
Add component (AddParameter): Name = "Value"; Value = "100nF"; VariantName = "[No Variations]"
Added Component: Designator=C2(0402)
Add component (AddParameter): Name = "LatestRevisionDate"; Value = "17-Jul-2002"; VariantName = "[No Variations]"
Add component (AddParameter): Name = "LatestRevisionNote"; Value = "Re-released for DXP Platform."; VariantName = "[No Variations]"
Add component (AddParameter): Name = "PackageDescription"; Value = "Radial Cap, Thru-Hole; 2 Leads; 0.3 in Pin Spacing"; VariantName = "[No Variations]"
Add component (AddParameter): Name = "PackageReference"; Value = "RAD-0.3"; VariantName = "[No Variations]"
Add component (AddParameter): Name = "Published"; Value = "8-Jun-2000"; VariantName = "[No Variations]"
Add component (AddParameter): Name = "Publisher"; Value = "Altium Limited"; VariantName = "[No Variations]"
Add component (AddParameter): Name = "Value"; Value = "1uF"; VariantName = "[No Variations]"
Added Component: Designator=C3(0402)
Add component (AddParameter): Name = "LatestRevisionDate"; Value = "17-Jul-2002"; VariantName = "[No Variations]"
Add component (AddParameter): Name = "LatestRevisionNote"; Value = "Re-released for DXP Platform."; VariantName = "[No Variations]"
Add component (AddParameter): Name = "PackageDescription"; Value = "Radial Cap, Thru-Hole; 2 Leads; 0.3 in Pin Spacing"; VariantName = "[No Variations]"
Add component (AddParameter): Name = "PackageReference"; Value = "RAD-0.3"; VariantName = "[No Variations]"
Add component (AddParameter): Name = "Published"; Value = "8-Jun-2000"; VariantName = "[No Variations]"
Add component (AddParameter): Name = "Publisher"; Value = "Altium Limited"; VariantName = "[No Variations]"
Add component (AddParameter): Name = "Value"; Value = "100nF"; VariantName = "[No Variations]"
Added Component: Designator=C4(0402)
Add component (AddParameter): Name = "LatestRevisionDate"; Value = "17-Jul-2002"; VariantName = "[No Variations]"
Add component (AddParameter): Name = "LatestRevisionNote"; Value = "Re-released for DXP Platform."; VariantName = "[No Variations]"
Add component (AddParameter): Name = "PackageDescription"; Value = "Radial Cap, Thru-Hole; 2 Leads; 0.3 in Pin Spacing"; VariantName = "[No Variations]"
Add component (AddParameter): Name = "PackageReference"; Value = "RAD-0.3"; VariantName = "[No Variations]"
Add component (AddParameter): Name = "Published"; Value = "8-Jun-2000"; VariantName = "[No Variations]"
Add component (AddParameter): Name = "Publisher"; Value = "Altium Limited"; VariantName = "[No Variations]"
Add component (AddParameter): Name = "Value"; Value = "2.2nF"; VariantName = "[No Variations]"
Added Component: Designator=C5(0402)
Add component (AddParameter): Name = "LatestRevisionDate"; Value = "17-Jul-2002"; VariantName = "[No Variations]"
Add component (AddParameter): Name = "LatestRevisionNote"; Value = "Re-released for DXP Platform."; VariantName = "[No Variations]"
Add component (AddParameter): Name = "PackageDescription"; Value = "Radial Cap, Thru-Hole; 2 Leads; 0.3 in Pin Spacing"; VariantName = "[No Variations]"
Add component (AddParameter): Name = "PackageReference"; Value = "RAD-0.3"; VariantName = "[No Variations]"
Add component (AddParameter): Name = "Published"; Value = "8-Jun-2000"; VariantName = "[No Variations]"
Add component (AddParameter): Name = "Publisher"; Value = "Altium Limited"; VariantName = "[No Variations]"
Add component (AddParameter): Name = "Value"; Value = "100nF"; VariantName = "[No Variations]"
Added Component: Designator=C6(0402)
Add component (AddParameter): Name = "LatestRevisionDate"; Value = "17-Jul-2002"; VariantName = "[No Variations]"
Add component (AddParameter): Name = "LatestRevisionNote"; Value = "Re-released for DXP Platform."; VariantName = "[No Variations]"
Add component (AddParameter): Name = "PackageDescription"; Value = "Radial Cap, Thru-Hole; 2 Leads; 0.3 in Pin Spacing"; VariantName = "[No Variations]"
Add component (AddParameter): Name = "PackageReference"; Value = "RAD-0.3"; VariantName = "[No Variations]"
Add component (AddParameter): Name = "Published"; Value = "8-Jun-2000"; VariantName = "[No Variations]"
Add component (AddParameter): Name = "Publisher"; Value = "Altium Limited"; VariantName = "[No Variations]"
Add component (AddParameter): Name = "Value"; Value = "1uF"; VariantName = "[No Variations]"
Added Component: Designator=C7(0402)
Add component (AddParameter): Name = "LatestRevisionDate"; Value = "17-Jul-2002"; VariantName = "[No Variations]"
Add component (AddParameter): Name = "LatestRevisionNote"; Value = "Re-released for DXP Platform."; VariantName = "[No Variations]"
Add component (AddParameter): Name = "PackageDescription"; Value = "Radial Cap, Thru-Hole; 2 Leads; 0.3 in Pin Spacing"; VariantName = "[No Variations]"
Add component (AddParameter): Name = "PackageReference"; Value = "RAD-0.3"; VariantName = "[No Variations]"
Add component (AddParameter): Name = "Published"; Value = "8-Jun-2000"; VariantName = "[No Variations]"
Add component (AddParameter): Name = "Publisher"; Value = "Altium Limited"; VariantName = "[No Variations]"
Add component (AddParameter): Name = "Value"; Value = "100nF"; VariantName = "[No Variations]"
Added Component: Designator=C8(0402)
Add component (AddParameter): Name = "LatestRevisionDate"; Value = "17-Jul-2002"; VariantName = "[No Variations]"
Add component (AddParameter): Name = "LatestRevisionNote"; Value = "Re-released for DXP Platform."; VariantName = "[No Variations]"
Add component (AddParameter): Name = "PackageDescription"; Value = "Radial Cap, Thru-Hole; 2 Leads; 0.3 in Pin Spacing"; VariantName = "[No Variations]"
Add component (AddParameter): Name = "PackageReference"; Value = "RAD-0.3"; VariantName = "[No Variations]"
Add component (AddParameter): Name = "Published"; Value = "8-Jun-2000"; VariantName = "[No Variations]"
Add component (AddParameter): Name = "Publisher"; Value = "Altium Limited"; VariantName = "[No Variations]"
Add component (AddParameter): Name = "Value"; Value = "100nF"; VariantName = "[No Variations]"
Added Component: Designator=C9(0402)
Add component (AddParameter): Name = "LatestRevisionDate"; Value = "17-Jul-2002"; VariantName = "[No Variations]"
Add component (AddParameter): Name = "LatestRevisionNote"; Value = "Re-released for DXP Platform."; VariantName = "[No Variations]"
Add component (AddParameter): Name = "PackageDescription"; Value = "Radial Cap, Thru-Hole; 2 Leads; 0.3 in Pin Spacing"; VariantName = "[No Variations]"
Add component (AddParameter): Name = "PackageReference"; Value = "RAD-0.3"; VariantName = "[No Variations]"
Add component (AddParameter): Name = "Published"; Value = "8-Jun-2000"; VariantName = "[No Variations]"
Add component (AddParameter): Name = "Publisher"; Value = "Altium Limited"; VariantName = "[No Variations]"
Add component (AddParameter): Name = "Value"; Value = "100nF"; VariantName = "[No Variations]"
Added Component: Designator=C10(0402)
Add component (AddParameter): Name = "LatestRevisionDate"; Value = "17-Jul-2002"; VariantName = "[No Variations]"
Add component (AddParameter): Name = "LatestRevisionNote"; Value = "Re-released for DXP Platform."; VariantName = "[No Variations]"
Add component (AddParameter): Name = "PackageDescription"; Value = "Radial Cap, Thru-Hole; 2 Leads; 0.3 in Pin Spacing"; VariantName = "[No Variations]"
Add component (AddParameter): Name = "PackageReference"; Value = "RAD-0.3"; VariantName = "[No Variations]"
Add component (AddParameter): Name = "Published"; Value = "8-Jun-2000"; VariantName = "[No Variations]"
Add component (AddParameter): Name = "Publisher"; Value = "Altium Limited"; VariantName = "[No Variations]"
Add component (AddParameter): Name = "Value"; Value = "100nF"; VariantName = "[No Variations]"
Added Component: Designator=C11(0402)
Add component (AddParameter): Name = "LatestRevisionDate"; Value = "17-Jul-2002"; VariantName = "[No Variations]"
Add component (AddParameter): Name = "LatestRevisionNote"; Value = "Re-released for DXP Platform."; VariantName = "[No Variations]"
Add component (AddParameter): Name = "PackageDescription"; Value = "Radial Cap, Thru-Hole; 2 Leads; 0.3 in Pin Spacing"; VariantName = "[No Variations]"
Add component (AddParameter): Name = "PackageReference"; Value = "RAD-0.3"; VariantName = "[No Variations]"
Add component (AddParameter): Name = "Published"; Value = "8-Jun-2000"; VariantName = "[No Variations]"
Add component (AddParameter): Name = "Publisher"; Value = "Altium Limited"; VariantName = "[No Variations]"
Add component (AddParameter): Name = "Value"; Value = "100nF"; VariantName = "[No Variations]"
Added Component: Designator=C12(0402)
Add component (AddParameter): Name = "LatestRevisionDate"; Value = "17-Jul-2002"; VariantName = "[No Variations]"
Add component (AddParameter): Name = "LatestRevisionNote"; Value = "Re-released for DXP Platform."; VariantName = "[No Variations]"
Add component (AddParameter): Name = "PackageDescription"; Value = "Radial Cap, Thru-Hole; 2 Leads; 0.3 in Pin Spacing"; VariantName = "[No Variations]"
Add component (AddParameter): Name = "PackageReference"; Value = "RAD-0.3"; VariantName = "[No Variations]"
Add component (AddParameter): Name = "Published"; Value = "8-Jun-2000"; VariantName = "[No Variations]"
Add component (AddParameter): Name = "Publisher"; Value = "Altium Limited"; VariantName = "[No Variations]"
Add component (AddParameter): Name = "Value"; Value = "100nF"; VariantName = "[No Variations]"
Added Component: Designator=C13(0402)
Add component (AddParameter): Name = "LatestRevisionDate"; Value = "17-Jul-2002"; VariantName = "[No Variations]"
Add component (AddParameter): Name = "LatestRevisionNote"; Value = "Re-released for DXP Platform."; VariantName = "[No Variations]"
Add component (AddParameter): Name = "PackageDescription"; Value = "Radial Cap, Thru-Hole; 2 Leads; 0.3 in Pin Spacing"; VariantName = "[No Variations]"
Add component (AddParameter): Name = "PackageReference"; Value = "RAD-0.3"; VariantName = "[No Variations]"
Add component (AddParameter): Name = "Published"; Value = "8-Jun-2000"; VariantName = "[No Variations]"
Add component (AddParameter): Name = "Publisher"; Value = "Altium Limited"; VariantName = "[No Variations]"
Add component (AddParameter): Name = "Value"; Value = "100nF"; VariantName = "[No Variations]"
Added Component: Designator=C14(0402)
Add component (AddParameter): Name = "LatestRevisionDate"; Value = "17-Jul-2002"; VariantName = "[No Variations]"
Add component (AddParameter): Name = "LatestRevisionNote"; Value = "Re-released for DXP Platform."; VariantName = "[No Variations]"
Add component (AddParameter): Name = "PackageDescription"; Value = "Radial Cap, Thru-Hole; 2 Leads; 0.3 in Pin Spacing"; VariantName = "[No Variations]"
Add component (AddParameter): Name = "PackageReference"; Value = "RAD-0.3"; VariantName = "[No Variations]"
Add component (AddParameter): Name = "Published"; Value = "8-Jun-2000"; VariantName = "[No Variations]"
Add component (AddParameter): Name = "Publisher"; Value = "Altium Limited"; VariantName = "[No Variations]"
Add component (AddParameter): Name = "Value"; Value = "100nF"; VariantName = "[No Variations]"
Added Component: Designator=C15(0402)
Add component (AddParameter): Name = "LatestRevisionDate"; Value = "17-Jul-2002"; VariantName = "[No Variations]"
Add component (AddParameter): Name = "LatestRevisionNote"; Value = "Re-released for DXP Platform."; VariantName = "[No Variations]"
Add component (AddParameter): Name = "PackageDescription"; Value = "Radial Cap, Thru-Hole; 2 Leads; 0.3 in Pin Spacing"; VariantName = "[No Variations]"
Add component (AddParameter): Name = "PackageReference"; Value = "RAD-0.3"; VariantName = "[No Variations]"
Add component (AddParameter): Name = "Published"; Value = "8-Jun-2000"; VariantName = "[No Variations]"
Add component (AddParameter): Name = "Publisher"; Value = "Altium Limited"; VariantName = "[No Variations]"
Add component (AddParameter): Name = "Value"; Value = "1uF"; VariantName = "[No Variations]"
Added Component: Designator=C16(0402)
Add component (AddParameter): Name = "LatestRevisionDate"; Value = "17-Jul-2002"; VariantName = "[No Variations]"
Add component (AddParameter): Name = "LatestRevisionNote"; Value = "Re-released for DXP Platform."; VariantName = "[No Variations]"
Add component (AddParameter): Name = "PackageDescription"; Value = "Radial Cap, Thru-Hole; 2 Leads; 0.3 in Pin Spacing"; VariantName = "[No Variations]"
Add component (AddParameter): Name = "PackageReference"; Value = "RAD-0.3"; VariantName = "[No Variations]"
Add component (AddParameter): Name = "Published"; Value = "8-Jun-2000"; VariantName = "[No Variations]"
Add component (AddParameter): Name = "Publisher"; Value = "Altium Limited"; VariantName = "[No Variations]"
Add component (AddParameter): Name = "Value"; Value = "1uF"; VariantName = "[No Variations]"
Added Component: Designator=C17(0402)
Add component (AddParameter): Name = "LatestRevisionDate"; Value = "17-Jul-2002"; VariantName = "[No Variations]"
Add component (AddParameter): Name = "LatestRevisionNote"; Value = "Re-released for DXP Platform."; VariantName = "[No Variations]"
Add component (AddParameter): Name = "PackageDescription"; Value = "Radial Cap, Thru-Hole; 2 Leads; 0.3 in Pin Spacing"; VariantName = "[No Variations]"
Add component (AddParameter): Name = "PackageReference"; Value = "RAD-0.3"; VariantName = "[No Variations]"
Add component (AddParameter): Name = "Published"; Value = "8-Jun-2000"; VariantName = "[No Variations]"
Add component (AddParameter): Name = "Publisher"; Value = "Altium Limited"; VariantName = "[No Variations]"
Add component (AddParameter): Name = "Value"; Value = "100nF"; VariantName = "[No Variations]"
Added Component: Designator=C18(0402)
Add component (AddParameter): Name = "LatestRevisionDate"; Value = "17-Jul-2002"; VariantName = "[No Variations]"
Add component (AddParameter): Name = "LatestRevisionNote"; Value = "Re-released for DXP Platform."; VariantName = "[No Variations]"
Add component (AddParameter): Name = "PackageDescription"; Value = "Radial Cap, Thru-Hole; 2 Leads; 0.3 in Pin Spacing"; VariantName = "[No Variations]"
Add component (AddParameter): Name = "PackageReference"; Value = "RAD-0.3"; VariantName = "[No Variations]"
Add component (AddParameter): Name = "Published"; Value = "8-Jun-2000"; VariantName = "[No Variations]"
Add component (AddParameter): Name = "Publisher"; Value = "Altium Limited"; VariantName = "[No Variations]"
Add component (AddParameter): Name = "Value"; Value = "100nF"; VariantName = "[No Variations]"
Added Component: Designator=C19(0402)
Add component (AddParameter): Name = "LatestRevisionDate"; Value = "17-Jul-2002"; VariantName = "[No Variations]"
Add component (AddParameter): Name = "LatestRevisionNote"; Value = "Re-released for DXP Platform."; VariantName = "[No Variations]"
Add component (AddParameter): Name = "PackageDescription"; Value = "Radial Cap, Thru-Hole; 2 Leads; 0.3 in Pin Spacing"; VariantName = "[No Variations]"
Add component (AddParameter): Name = "PackageReference"; Value = "RAD-0.3"; VariantName = "[No Variations]"
Add component (AddParameter): Name = "Published"; Value = "8-Jun-2000"; VariantName = "[No Variations]"
Add component (AddParameter): Name = "Publisher"; Value = "Altium Limited"; VariantName = "[No Variations]"
Add component (AddParameter): Name = "Value"; Value = "100nF"; VariantName = "[No Variations]"
Added Component: Designator=C20(0402)
Add component (AddParameter): Name = "LatestRevisionDate"; Value = "17-Jul-2002"; VariantName = "[No Variations]"
Add component (AddParameter): Name = "LatestRevisionNote"; Value = "Re-released for DXP Platform."; VariantName = "[No Variations]"
Add component (AddParameter): Name = "PackageDescription"; Value = "Radial Cap, Thru-Hole; 2 Leads; 0.3 in Pin Spacing"; VariantName = "[No Variations]"
Add component (AddParameter): Name = "PackageReference"; Value = "RAD-0.3"; VariantName = "[No Variations]"
Add component (AddParameter): Name = "Published"; Value = "8-Jun-2000"; VariantName = "[No Variations]"
Add component (AddParameter): Name = "Publisher"; Value = "Altium Limited"; VariantName = "[No Variations]"
Add component (AddParameter): Name = "Value"; Value = "100nF"; VariantName = "[No Variations]"
Added Component: Designator=C21(0402)
Add component (AddParameter): Name = "LatestRevisionDate"; Value = "17-Jul-2002"; VariantName = "[No Variations]"
Add component (AddParameter): Name = "LatestRevisionNote"; Value = "Re-released for DXP Platform."; VariantName = "[No Variations]"
Add component (AddParameter): Name = "PackageDescription"; Value = "Radial Cap, Thru-Hole; 2 Leads; 0.3 in Pin Spacing"; VariantName = "[No Variations]"
Add component (AddParameter): Name = "PackageReference"; Value = "RAD-0.3"; VariantName = "[No Variations]"
Add component (AddParameter): Name = "Published"; Value = "8-Jun-2000"; VariantName = "[No Variations]"
Add component (AddParameter): Name = "Publisher"; Value = "Altium Limited"; VariantName = "[No Variations]"
Add component (AddParameter): Name = "Value"; Value = "100nF"; VariantName = "[No Variations]"
Added Component: Designator=C22(0402)
Add component (AddParameter): Name = "LatestRevisionDate"; Value = "17-Jul-2002"; VariantName = "[No Variations]"
Add component (AddParameter): Name = "LatestRevisionNote"; Value = "Re-released for DXP Platform."; VariantName = "[No Variations]"
Add component (AddParameter): Name = "PackageDescription"; Value = "Radial Cap, Thru-Hole; 2 Leads; 0.3 in Pin Spacing"; VariantName = "[No Variations]"
Add component (AddParameter): Name = "PackageReference"; Value = "RAD-0.3"; VariantName = "[No Variations]"
Add component (AddParameter): Name = "Published"; Value = "8-Jun-2000"; VariantName = "[No Variations]"
Add component (AddParameter): Name = "Publisher"; Value = "Altium Limited"; VariantName = "[No Variations]"
Add component (AddParameter): Name = "Value"; Value = "10nF"; VariantName = "[No Variations]"
Added Component: Designator=C23(0402)
Add component (AddParameter): Name = "LatestRevisionDate"; Value = "17-Jul-2002"; VariantName = "[No Variations]"
Add component (AddParameter): Name = "LatestRevisionNote"; Value = "Re-released for DXP Platform."; VariantName = "[No Variations]"
Add component (AddParameter): Name = "PackageDescription"; Value = "Radial Cap, Thru-Hole; 2 Leads; 0.3 in Pin Spacing"; VariantName = "[No Variations]"
Add component (AddParameter): Name = "PackageReference"; Value = "RAD-0.3"; VariantName = "[No Variations]"
Add component (AddParameter): Name = "Published"; Value = "8-Jun-2000"; VariantName = "[No Variations]"
Add component (AddParameter): Name = "Publisher"; Value = "Altium Limited"; VariantName = "[No Variations]"
Add component (AddParameter): Name = "Value"; Value = "100nF"; VariantName = "[No Variations]"
Added Component: Designator=C24(0402)
Add component (AddParameter): Name = "LatestRevisionDate"; Value = "17-Jul-2002"; VariantName = "[No Variations]"
Add component (AddParameter): Name = "LatestRevisionNote"; Value = "Re-released for DXP Platform."; VariantName = "[No Variations]"
Add component (AddParameter): Name = "PackageDescription"; Value = "Radial Cap, Thru-Hole; 2 Leads; 0.3 in Pin Spacing"; VariantName = "[No Variations]"
Add component (AddParameter): Name = "PackageReference"; Value = "RAD-0.3"; VariantName = "[No Variations]"
Add component (AddParameter): Name = "Published"; Value = "8-Jun-2000"; VariantName = "[No Variations]"
Add component (AddParameter): Name = "Publisher"; Value = "Altium Limited"; VariantName = "[No Variations]"
Add component (AddParameter): Name = "Value"; Value = "100nF"; VariantName = "[No Variations]"
Added Component: Designator=C25(0402)
Add component (AddParameter): Name = "LatestRevisionDate"; Value = "17-Jul-2002"; VariantName = "[No Variations]"
Add component (AddParameter): Name = "LatestRevisionNote"; Value = "Re-released for DXP Platform."; VariantName = "[No Variations]"
Add component (AddParameter): Name = "PackageDescription"; Value = "Radial Cap, Thru-Hole; 2 Leads; 0.3 in Pin Spacing"; VariantName = "[No Variations]"
Add component (AddParameter): Name = "PackageReference"; Value = "RAD-0.3"; VariantName = "[No Variations]"
Add component (AddParameter): Name = "Published"; Value = "8-Jun-2000"; VariantName = "[No Variations]"
Add component (AddParameter): Name = "Publisher"; Value = "Altium Limited"; VariantName = "[No Variations]"
Add component (AddParameter): Name = "Value"; Value = "100nF"; VariantName = "[No Variations]"
Added Component: Designator=C26(0402)
Add component (AddParameter): Name = "LatestRevisionDate"; Value = "17-Jul-2002"; VariantName = "[No Variations]"
Add component (AddParameter): Name = "LatestRevisionNote"; Value = "Re-released for DXP Platform."; VariantName = "[No Variations]"
Add component (AddParameter): Name = "PackageDescription"; Value = "Radial Cap, Thru-Hole; 2 Leads; 0.3 in Pin Spacing"; VariantName = "[No Variations]"
Add component (AddParameter): Name = "PackageReference"; Value = "RAD-0.3"; VariantName = "[No Variations]"
Add component (AddParameter): Name = "Published"; Value = "8-Jun-2000"; VariantName = "[No Variations]"
Add component (AddParameter): Name = "Publisher"; Value = "Altium Limited"; VariantName = "[No Variations]"
Add component (AddParameter): Name = "Value"; Value = "100nF"; VariantName = "[No Variations]"
Added Component: Designator=C27(0402)
Add component (AddParameter): Name = "LatestRevisionDate"; Value = "17-Jul-2002"; VariantName = "[No Variations]"
Add component (AddParameter): Name = "LatestRevisionNote"; Value = "Re-released for DXP Platform."; VariantName = "[No Variations]"
Add component (AddParameter): Name = "PackageDescription"; Value = "Radial Cap, Thru-Hole; 2 Leads; 0.3 in Pin Spacing"; VariantName = "[No Variations]"
Add component (AddParameter): Name = "PackageReference"; Value = "RAD-0.3"; VariantName = "[No Variations]"
Add component (AddParameter): Name = "Published"; Value = "8-Jun-2000"; VariantName = "[No Variations]"
Add component (AddParameter): Name = "Publisher"; Value = "Altium Limited"; VariantName = "[No Variations]"
Add component (AddParameter): Name = "Value"; Value = "1uF"; VariantName = "[No Variations]"
Added Component: Designator=C28(0402)
Add component (AddParameter): Name = "LatestRevisionDate"; Value = "17-Jul-2002"; VariantName = "[No Variations]"
Add component (AddParameter): Name = "LatestRevisionNote"; Value = "Re-released for DXP Platform."; VariantName = "[No Variations]"
Add component (AddParameter): Name = "PackageDescription"; Value = "Radial Cap, Thru-Hole; 2 Leads; 0.3 in Pin Spacing"; VariantName = "[No Variations]"
Add component (AddParameter): Name = "PackageReference"; Value = "RAD-0.3"; VariantName = "[No Variations]"
Add component (AddParameter): Name = "Published"; Value = "8-Jun-2000"; VariantName = "[No Variations]"
Add component (AddParameter): Name = "Publisher"; Value = "Altium Limited"; VariantName = "[No Variations]"
Add component (AddParameter): Name = "Value"; Value = "1uF"; VariantName = "[No Variations]"
Added Component: Designator=C29(10x12mm-Electrolytic)
Added Component: Designator=C30(1206)
Add component (AddParameter): Name = "LatestRevisionDate"; Value = "17-Jul-2002"; VariantName = "[No Variations]"
Add component (AddParameter): Name = "LatestRevisionNote"; Value = "Re-released for DXP Platform."; VariantName = "[No Variations]"
Add component (AddParameter): Name = "PackageDescription"; Value = "Radial Cap, Thru-Hole; 2 Leads; 0.3 in Pin Spacing"; VariantName = "[No Variations]"
Add component (AddParameter): Name = "PackageReference"; Value = "RAD-0.3"; VariantName = "[No Variations]"
Add component (AddParameter): Name = "Published"; Value = "8-Jun-2000"; VariantName = "[No Variations]"
Add component (AddParameter): Name = "Publisher"; Value = "Altium Limited"; VariantName = "[No Variations]"
Add component (AddParameter): Name = "Value"; Value = "47uF"; VariantName = "[No Variations]"
Added Component: Designator=C31(1206)
Add component (AddParameter): Name = "LatestRevisionDate"; Value = "17-Jul-2002"; VariantName = "[No Variations]"
Add component (AddParameter): Name = "LatestRevisionNote"; Value = "Re-released for DXP Platform."; VariantName = "[No Variations]"
Add component (AddParameter): Name = "PackageDescription"; Value = "Radial Cap, Thru-Hole; 2 Leads; 0.3 in Pin Spacing"; VariantName = "[No Variations]"
Add component (AddParameter): Name = "PackageReference"; Value = "RAD-0.3"; VariantName = "[No Variations]"
Add component (AddParameter): Name = "Published"; Value = "8-Jun-2000"; VariantName = "[No Variations]"
Add component (AddParameter): Name = "Publisher"; Value = "Altium Limited"; VariantName = "[No Variations]"
Add component (AddParameter): Name = "Value"; Value = "47uF"; VariantName = "[No Variations]"
Added Component: Designator=C32(0402)
Add component (AddParameter): Name = "LatestRevisionDate"; Value = "17-Jul-2002"; VariantName = "[No Variations]"
Add component (AddParameter): Name = "LatestRevisionNote"; Value = "Re-released for DXP Platform."; VariantName = "[No Variations]"
Add component (AddParameter): Name = "PackageDescription"; Value = "Radial Cap, Thru-Hole; 2 Leads; 0.3 in Pin Spacing"; VariantName = "[No Variations]"
Add component (AddParameter): Name = "PackageReference"; Value = "RAD-0.3"; VariantName = "[No Variations]"
Add component (AddParameter): Name = "Published"; Value = "8-Jun-2000"; VariantName = "[No Variations]"
Add component (AddParameter): Name = "Publisher"; Value = "Altium Limited"; VariantName = "[No Variations]"
Add component (AddParameter): Name = "Value"; Value = "100nF"; VariantName = "[No Variations]"
Added Component: Designator=C33(0402)
Add component (AddParameter): Name = "LatestRevisionDate"; Value = "17-Jul-2002"; VariantName = "[No Variations]"
Add component (AddParameter): Name = "LatestRevisionNote"; Value = "Re-released for DXP Platform."; VariantName = "[No Variations]"
Add component (AddParameter): Name = "PackageDescription"; Value = "Radial Cap, Thru-Hole; 2 Leads; 0.3 in Pin Spacing"; VariantName = "[No Variations]"
Add component (AddParameter): Name = "PackageReference"; Value = "RAD-0.3"; VariantName = "[No Variations]"
Add component (AddParameter): Name = "Published"; Value = "8-Jun-2000"; VariantName = "[No Variations]"
Add component (AddParameter): Name = "Publisher"; Value = "Altium Limited"; VariantName = "[No Variations]"
Add component (AddParameter): Name = "Value"; Value = "1uF"; VariantName = "[No Variations]"
Added Component: Designator=C34(10x12mm-Electrolytic)
Added Component: Designator=C35(10x12mm-Electrolytic)
Added Component: Designator=C36(8x10.2 Cap)
Added Component: Designator=C37(8x10.2 Cap)
Added Component: Designator=C38(0805 - duplicate)
Add component (AddParameter): Name = "LatestRevisionDate"; Value = "17-Jul-2002"; VariantName = "[No Variations]"
Add component (AddParameter): Name = "LatestRevisionNote"; Value = "Re-released for DXP Platform."; VariantName = "[No Variations]"
Add component (AddParameter): Name = "PackageDescription"; Value = "Radial Cap, Thru-Hole; 2 Leads; 0.3 in Pin Spacing"; VariantName = "[No Variations]"
Add component (AddParameter): Name = "PackageReference"; Value = "RAD-0.3"; VariantName = "[No Variations]"
Add component (AddParameter): Name = "Published"; Value = "8-Jun-2000"; VariantName = "[No Variations]"
Add component (AddParameter): Name = "Publisher"; Value = "Altium Limited"; VariantName = "[No Variations]"
Add component (AddParameter): Name = "Value"; Value = "4.7uF"; VariantName = "[No Variations]"
Added Component: Designator=C39(0402)
Add component (AddParameter): Name = "LatestRevisionDate"; Value = "17-Jul-2002"; VariantName = "[No Variations]"
Add component (AddParameter): Name = "LatestRevisionNote"; Value = "Re-released for DXP Platform."; VariantName = "[No Variations]"
Add component (AddParameter): Name = "PackageDescription"; Value = "Radial Cap, Thru-Hole; 2 Leads; 0.3 in Pin Spacing"; VariantName = "[No Variations]"
Add component (AddParameter): Name = "PackageReference"; Value = "RAD-0.3"; VariantName = "[No Variations]"
Add component (AddParameter): Name = "Published"; Value = "8-Jun-2000"; VariantName = "[No Variations]"
Add component (AddParameter): Name = "Publisher"; Value = "Altium Limited"; VariantName = "[No Variations]"
Add component (AddParameter): Name = "Value"; Value = "100nF"; VariantName = "[No Variations]"
Added Component: Designator=C40(0402)
Add component (AddParameter): Name = "LatestRevisionDate"; Value = "17-Jul-2002"; VariantName = "[No Variations]"
Add component (AddParameter): Name = "LatestRevisionNote"; Value = "Re-released for DXP Platform."; VariantName = "[No Variations]"
Add component (AddParameter): Name = "PackageDescription"; Value = "Radial Cap, Thru-Hole; 2 Leads; 0.3 in Pin Spacing"; VariantName = "[No Variations]"
Add component (AddParameter): Name = "PackageReference"; Value = "RAD-0.3"; VariantName = "[No Variations]"
Add component (AddParameter): Name = "Published"; Value = "8-Jun-2000"; VariantName = "[No Variations]"
Add component (AddParameter): Name = "Publisher"; Value = "Altium Limited"; VariantName = "[No Variations]"
Add component (AddParameter): Name = "Value"; Value = "100nF"; VariantName = "[No Variations]"
Added Component: Designator=C41(0805 - duplicate)
Add component (AddParameter): Name = "LatestRevisionDate"; Value = "17-Jul-2002"; VariantName = "[No Variations]"
Add component (AddParameter): Name = "LatestRevisionNote"; Value = "Re-released for DXP Platform."; VariantName = "[No Variations]"
Add component (AddParameter): Name = "PackageDescription"; Value = "Radial Cap, Thru-Hole; 2 Leads; 0.3 in Pin Spacing"; VariantName = "[No Variations]"
Add component (AddParameter): Name = "PackageReference"; Value = "RAD-0.3"; VariantName = "[No Variations]"
Add component (AddParameter): Name = "Published"; Value = "8-Jun-2000"; VariantName = "[No Variations]"
Add component (AddParameter): Name = "Publisher"; Value = "Altium Limited"; VariantName = "[No Variations]"
Add component (AddParameter): Name = "Value"; Value = "4.7uF"; VariantName = "[No Variations]"
Added Component: Designator=C42(10x12mm-Electrolytic)
Added Component: Designator=CN1(JST_GH-4P)
Added Component: Designator=CN2(JST_GH-4P)
Added Component: Designator=CN3(JST_GH-4P)
Added Component: Designator=CN4(JST_GH-4P)
Added Component: Designator=CN5(6-Pin-Header)
Added Component: Designator=CN6(6-Pin-Header)
Added Component: Designator=CN7(2.5mm-3P)
Added Component: Designator=CN8(JST_GH-4P)
Added Component: Designator=CN9(HDR2X3_CEN)
Add component (AddParameter): Name = "LatestRevisionDate"; Value = "17-Jul-2002"; VariantName = "[No Variations]"
Add component (AddParameter): Name = "LatestRevisionNote"; Value = "Re-released for DXP Platform."; VariantName = "[No Variations]"
Add component (AddParameter): Name = "Publisher"; Value = "Altium Limited"; VariantName = "[No Variations]"
Added Component: Designator=CN10(Power_Leads)
Added Component: Designator=CN11(2.5mm-3P)
Added Component: Designator=CN12(2.5mm-3P)
Added Component: Designator=CN13(2.5mm-3P)
Added Component: Designator=CN14(Power_Leads)
Added Component: Designator=CN15(Power_Leads)
Added Component: Designator=CN16(Power_Leads)
Added Component: Designator=CN17(Power_Leads)
Added Component: Designator=CN18(Power_Leads)
Added Component: Designator=CN19(JST_GH-4P)
Added Component: Designator=CN20(JST_GH-4P)
Added Component: Designator=CN21(JST_GH-4P)
Added Component: Designator=CN22(JST_GH-4P)
Added Component: Designator=CN23(8ch-signal-header)
Added Component: Designator=CN24(2.5mm-3P)
Added Component: Designator=CN25(2.5mm-3P)
Added Component: Designator=CN26(2.5mm-3P)
Added Component: Designator=CN27(5ch-signal-header)
Added Component: Designator=CN28(HDR2X2)
Add component (AddParameter): Name = "LatestRevisionDate"; Value = "17-Jul-2002"; VariantName = "[No Variations]"
Add component (AddParameter): Name = "LatestRevisionNote"; Value = "Re-released for DXP Platform."; VariantName = "[No Variations]"
Add component (AddParameter): Name = "Publisher"; Value = "Altium Limited"; VariantName = "[No Variations]"
Added Component: Designator=CN29(2.5mm-3P)
Added Component: Designator=CN30(JST_GH-4P)
Added Component: Designator=CN31(JST_GH-4P)
Added Component: Designator=CN32(JST_GH-4P)
Added Component: Designator=CN33(5-Pin-Header)
Added Component: Designator=D1(SMAF_DIODE)
Added Component: Designator=D2(SMAF_DIODE)
Added Component: Designator=D3(SMAF_DIODE)
Added Component: Designator=D4(PowerDi5)
Add component (AddParameter): Name = "Code_JEDEC"; Value = "DO-214-AB"; VariantName = "[No Variations]"
Add component (AddParameter): Name = "LatestRevisionDate"; Value = "17-Jul-2002"; VariantName = "[No Variations]"
Add component (AddParameter): Name = "LatestRevisionNote"; Value = "Re-released for DXP Platform."; VariantName = "[No Variations]"
Add component (AddParameter): Name = "PackageDescription"; Value = "DO-214-AB/SMC; 2 C-Bend Leads; Body 7.9 x 5.9 mm, inc. leads (LxW)"; VariantName = "[No Variations]"
Add component (AddParameter): Name = "PackageReference"; Value = "SMC"; VariantName = "[No Variations]"
Add component (AddParameter): Name = "PackageVersion"; Value = "Sep-1996"; VariantName = "[No Variations]"
Add component (AddParameter): Name = "Published"; Value = "8-Jun-2000"; VariantName = "[No Variations]"
Add component (AddParameter): Name = "Publisher"; Value = "Altium Limited"; VariantName = "[No Variations]"
Added Component: Designator=D5(DO-214AA)
Added Component: Designator=J1(FCI_10118193-0001LF)
Add component (AddParameter): Name = "Availability"; Value = "Unavailable"; VariantName = "[No Variations]"
Add component (AddParameter): Name = "MF"; Value = "Amphenol ICC"; VariantName = "[No Variations]"
Add component (AddParameter): Name = "MP"; Value = "10118193-0001LF"; VariantName = "[No Variations]"
Add component (AddParameter): Name = "Package"; Value = "None"; VariantName = "[No Variations]"
Add component (AddParameter): Name = "Price"; Value = "None"; VariantName = "[No Variations]"
Add component (AddParameter): Name = "SnapEDA_Link"; Value = "https://www.snapeda.com/parts/10118193-0001LF/Amphenol%20FCI/view-part/2758989/?ref=snap"; VariantName = "[No Variations]"
Add component (AddParameter): Name = "Value"; Value = ""; VariantName = "[No Variations]"
Added Component: Designator=J2(FCI_10118193-0001LF)
Add component (AddParameter): Name = "Availability"; Value = "Unavailable"; VariantName = "[No Variations]"
Add component (AddParameter): Name = "MF"; Value = "Amphenol ICC"; VariantName = "[No Variations]"
Add component (AddParameter): Name = "MP"; Value = "10118193-0001LF"; VariantName = "[No Variations]"
Add component (AddParameter): Name = "Package"; Value = "None"; VariantName = "[No Variations]"
Add component (AddParameter): Name = "Price"; Value = "None"; VariantName = "[No Variations]"
Add component (AddParameter): Name = "SnapEDA_Link"; Value = "https://www.snapeda.com/parts/10118193-0001LF/Amphenol%20FCI/view-part/2758989/?ref=snap"; VariantName = "[No Variations]"
Add component (AddParameter): Name = "Value"; Value = ""; VariantName = "[No Variations]"
Added Component: Designator=L1(18x16-9-Inductor)
Added Component: Designator=L2(71x66-Inductor)
Added Component: Designator=LED1(5x5_WS2812)
Added Component: Designator=LED2(5x5_WS2812)
Added Component: Designator=LS1(12-dia-buzzer)
Added Component: Designator=Q1(SOT23-FET)
Add component (AddParameter): Name = "Digi-Key_Part_Number"; Value = "1086-15156-ND"; VariantName = "[No Variations]"
Add component (AddParameter): Name = "Digi-Key_Purchase_URL"; Value = "https://www.digikey.com.mx/product-detail/en/microsemi-corporation/JANS2N2222A/1086-15156-ND/4384334?utm_source=snapeda&utm_medium=aggregator&utm_campaign=symbol"; VariantName = "[No Variations]"
Add component (AddParameter): Name = "MF"; Value = "MICROSS/On Semiconductor"; VariantName = "[No Variations]"
Add component (AddParameter): Name = "MP"; Value = "2N2222"; VariantName = "[No Variations]"
Add component (AddParameter): Name = "Package"; Value = "TO-18-3 NJS"; VariantName = "[No Variations]"
Add component (AddParameter): Name = "SnapEDA_Link"; Value = "https://www.snapeda.com/parts/2N2222/MICROSS/On%20Semiconductor/view-part/561967/?ref=snap"; VariantName = "[No Variations]"
Add component (AddParameter): Name = "Value"; Value = ""; VariantName = "[No Variations]"
Added Component: Designator=Q2(SOT23-FET)
Add component (AddParameter): Name = "Digi-Key_Part_Number"; Value = "1086-15156-ND"; VariantName = "[No Variations]"
Add component (AddParameter): Name = "Digi-Key_Purchase_URL"; Value = "https://www.digikey.com.mx/product-detail/en/microsemi-corporation/JANS2N2222A/1086-15156-ND/4384334?utm_source=snapeda&utm_medium=aggregator&utm_campaign=symbol"; VariantName = "[No Variations]"
Add component (AddParameter): Name = "MF"; Value = "MICROSS/On Semiconductor"; VariantName = "[No Variations]"
Add component (AddParameter): Name = "MP"; Value = "2N2222"; VariantName = "[No Variations]"
Add component (AddParameter): Name = "Package"; Value = "TO-18-3 NJS"; VariantName = "[No Variations]"
Add component (AddParameter): Name = "SnapEDA_Link"; Value = "https://www.snapeda.com/parts/2N2222/MICROSS/On%20Semiconductor/view-part/561967/?ref=snap"; VariantName = "[No Variations]"
Add component (AddParameter): Name = "Value"; Value = ""; VariantName = "[No Variations]"
Added Component: Designator=Q3(SOT23-FET)
Add component (AddParameter): Name = "Digi-Key_Part_Number"; Value = "1086-15156-ND"; VariantName = "[No Variations]"
Add component (AddParameter): Name = "Digi-Key_Purchase_URL"; Value = "https://www.digikey.com.mx/product-detail/en/microsemi-corporation/JANS2N2222A/1086-15156-ND/4384334?utm_source=snapeda&utm_medium=aggregator&utm_campaign=symbol"; VariantName = "[No Variations]"
Add component (AddParameter): Name = "MF"; Value = "MICROSS/On Semiconductor"; VariantName = "[No Variations]"
Add component (AddParameter): Name = "MP"; Value = "2N2222"; VariantName = "[No Variations]"
Add component (AddParameter): Name = "Package"; Value = "TO-18-3 NJS"; VariantName = "[No Variations]"
Add component (AddParameter): Name = "SnapEDA_Link"; Value = "https://www.snapeda.com/parts/2N2222/MICROSS/On%20Semiconductor/view-part/561967/?ref=snap"; VariantName = "[No Variations]"
Add component (AddParameter): Name = "Value"; Value = ""; VariantName = "[No Variations]"
Added Component: Designator=R1(2010_SMD_Resistor)
Added Component: Designator=R2(0805 - duplicate)
Added Component: Designator=R3(0805 - duplicate)
Added Component: Designator=R4(0805 - duplicate)
Added Component: Designator=R5(0805 - duplicate)
Added Component: Designator=R6(0805 - duplicate)
Added Component: Designator=R7(0805 - duplicate)
Added Component: Designator=R8(0805 - duplicate)
Added Component: Designator=R9(0805 - duplicate)
Added Component: Designator=R10(0805 - duplicate)
Added Component: Designator=R11(0805 - duplicate)
Added Component: Designator=R12(0805 - duplicate)
Added Component: Designator=R13(2010_SMD_Resistor)
Added Component: Designator=R14(0805 - duplicate)
Added Component: Designator=R15(2010_SMD_Resistor)
Added Component: Designator=R16(0805 - duplicate)
Added Component: Designator=R17(0805 - duplicate)
Added Component: Designator=R18(0805 - duplicate)
Added Component: Designator=R19(0805 - duplicate)
Added Component: Designator=R20(0805 - duplicate)
Added Component: Designator=R21(0805 - duplicate)
Added Component: Designator=R22(0805 - duplicate)
Added Component: Designator=R23(0805 - duplicate)
Added Component: Designator=R24(0805 - duplicate)
Added Component: Designator=SW1(4.8x4.8-SMD-SWITCH)
Added Component: Designator=SW2(4.8x4.8-SMD-SWITCH)
Added Component: Designator=SW3(4.8x4.8-SMD-SWITCH)
Added Component: Designator=SW4(4.8x4.8-SMD-SWITCH)
Added Component: Designator=SW5(4.8x4.8-SMD-SWITCH)
Added Component: Designator=SW6(4.8x4.8-SMD-SWITCH)
Added Component: Designator=U1(SOIC8-TI_CAN)
Added Component: Designator=U2(QFN50P400X400X95-24N)
Add component (AddParameter): Name = "Availability"; Value = "Unavailable"; VariantName = "[No Variations]"
Add component (AddParameter): Name = "MF"; Value = "TDK InvenSense"; VariantName = "[No Variations]"
Add component (AddParameter): Name = "MP"; Value = "MPU-6050"; VariantName = "[No Variations]"
Add component (AddParameter): Name = "Package"; Value = "VFQFN-24 TDK InvenSense"; VariantName = "[No Variations]"
Add component (AddParameter): Name = "Price"; Value = "None"; VariantName = "[No Variations]"
Add component (AddParameter): Name = "SnapEDA_Link"; Value = "https://www.snapeda.com/parts/MPU-6050/TDK%20InvenSense/view-part/4503180/?ref=snap"; VariantName = "[No Variations]"
Add component (AddParameter): Name = "Value"; Value = ""; VariantName = "[No Variations]"
Added Component: Designator=U3(SOT23-PI4ULS5V201)
Added Component: Designator=U4(SOT23-PI4ULS5V201)
Added Component: Designator=U5(ESP-WROOM-32)
Add component (AddParameter): Name = "Availability"; Value = "Unavailable"; VariantName = "[No Variations]"
Add component (AddParameter): Name = "MF"; Value = "Olimex LTD"; VariantName = "[No Variations]"
Add component (AddParameter): Name = "MP"; Value = "ESP-WROOM-32"; VariantName = "[No Variations]"
Add component (AddParameter): Name = "Package"; Value = "Module Olimex LTD"; VariantName = "[No Variations]"
Add component (AddParameter): Name = "Price"; Value = "None"; VariantName = "[No Variations]"
Add component (AddParameter): Name = "SnapEDA_Link"; Value = "https://www.snapeda.com/parts/ESP-WROOM-32/Olimex%20LTD/view-part/2311927/?ref=snap"; VariantName = "[No Variations]"
Add component (AddParameter): Name = "Value"; Value = ""; VariantName = "[No Variations]"
Added Component: Designator=U6(QFN28G_0.5-5X5MM)
Added Component: Designator=U7(LQFP64)
Added Component: Designator=U8(SOT50P160X60-6N)
Add component (AddParameter): Name = "Availability"; Value = "Unavailable"; VariantName = "[No Variations]"
Add component (AddParameter): Name = "MF"; Value = "STMicroelectronics"; VariantName = "[No Variations]"
Add component (AddParameter): Name = "MP"; Value = "USBLC6-2P6"; VariantName = "[No Variations]"
Add component (AddParameter): Name = "Package"; Value = "SOT-563 STMicroelectronics"; VariantName = "[No Variations]"
Add component (AddParameter): Name = "Price"; Value = "None"; VariantName = "[No Variations]"
Add component (AddParameter): Name = "SnapEDA_Link"; Value = "https://www.snapeda.com/parts/USBLC6-2P6/STMicroelectronics/view-part/106846/?ref=snap"; VariantName = "[No Variations]"
Add component (AddParameter): Name = "Value"; Value = ""; VariantName = "[No Variations]"
Added Component: Designator=U9(TO220-5L)
Added Component: Designator=U10(SOP8-MT3420)
Added Component: Designator=U11(SOT229P700X180-4N)
Add component (AddParameter): Name = "Availability"; Value = "Unavailable"; VariantName = "[No Variations]"
Add component (AddParameter): Name = "MF"; Value = "Advanced Monolithic Systems"; VariantName = "[No Variations]"
Add component (AddParameter): Name = "MP"; Value = "AMS1117-3.3"; VariantName = "[No Variations]"
Add component (AddParameter): Name = "Package"; Value = "None"; VariantName = "[No Variations]"
Add component (AddParameter): Name = "Price"; Value = "None"; VariantName = "[No Variations]"
Add component (AddParameter): Name = "SnapEDA_Link"; Value = "https://www.snapeda.com/parts/AMS1117-3.3/Advanced%20Monolithic%20Systems/view-part/53450/?ref=snap"; VariantName = "[No Variations]"
Add component (AddParameter): Name = "Value"; Value = ""; VariantName = "[No Variations]"
Added Component: Designator=X1(3.2x2.5 SMD)
Added Pin To Net: NetName=3V3 Pin=C1-2
Added Pin To Net: NetName=3V3 Pin=C2-2
Added Pin To Net: NetName=3V3 Pin=C3-2
Added Pin To Net: NetName=3V3 Pin=C6-2
Added Pin To Net: NetName=3V3 Pin=C7-2
Added Pin To Net: NetName=3V3 Pin=C12-2
Added Pin To Net: NetName=3V3 Pin=C13-2
Added Pin To Net: NetName=3V3 Pin=C14-2
Added Pin To Net: NetName=3V3 Pin=C15-2
Added Pin To Net: NetName=3V3 Pin=C16-2
Added Pin To Net: NetName=3V3 Pin=C17-2
Added Pin To Net: NetName=3V3 Pin=C18-2
Added Pin To Net: NetName=3V3 Pin=C19-2
Added Pin To Net: NetName=3V3 Pin=C20-2
Added Pin To Net: NetName=3V3 Pin=C21-2
Added Pin To Net: NetName=3V3 Pin=C22-2
Added Pin To Net: NetName=3V3 Pin=C38-2
Added Pin To Net: NetName=3V3 Pin=C39-2
Added Pin To Net: NetName=3V3 Pin=CN12-1
Added Pin To Net: NetName=3V3 Pin=CN12-2
Added Pin To Net: NetName=3V3 Pin=CN12-3
Added Pin To Net: NetName=3V3 Pin=R4-1
Added Pin To Net: NetName=3V3 Pin=R8-1
Added Pin To Net: NetName=3V3 Pin=R14-1
Added Pin To Net: NetName=3V3 Pin=R16-1
Added Pin To Net: NetName=3V3 Pin=R17-1
Added Pin To Net: NetName=3V3 Pin=SW3-1
Added Pin To Net: NetName=3V3 Pin=U1-3
Added Pin To Net: NetName=3V3 Pin=U2-8
Added Pin To Net: NetName=3V3 Pin=U2-13
Added Pin To Net: NetName=3V3 Pin=U3-3
Added Pin To Net: NetName=3V3 Pin=U3-6
Added Pin To Net: NetName=3V3 Pin=U4-3
Added Pin To Net: NetName=3V3 Pin=U4-6
Added Pin To Net: NetName=3V3 Pin=U5-2
Added Pin To Net: NetName=3V3 Pin=U7-1
Added Pin To Net: NetName=3V3 Pin=U7-13
Added Pin To Net: NetName=3V3 Pin=U7-17
Added Pin To Net: NetName=3V3 Pin=U7-19
Added Pin To Net: NetName=3V3 Pin=U7-32
Added Pin To Net: NetName=3V3 Pin=U7-33
Added Pin To Net: NetName=3V3 Pin=U7-64
Added Pin To Net: NetName=3V3 Pin=U11-2
Added Pin To Net: NetName=3V3 Pin=X1-1
Added Pin To Net: NetName=3V3 Pin=X1-4
Added Net: Name=3V3
Added Pin To Net: NetName=5V Pin=C36-1
Added Pin To Net: NetName=5V Pin=C37-1
Added Pin To Net: NetName=5V Pin=C40-2
Added Pin To Net: NetName=5V Pin=C41-2
Added Pin To Net: NetName=5V Pin=CN23-P
Added Pin To Net: NetName=5V Pin=CN23-P
Added Pin To Net: NetName=5V Pin=CN23-P
Added Pin To Net: NetName=5V Pin=CN23-P
Added Pin To Net: NetName=5V Pin=CN23-P
Added Pin To Net: NetName=5V Pin=CN23-P
Added Pin To Net: NetName=5V Pin=CN23-P
Added Pin To Net: NetName=5V Pin=CN23-P
Added Pin To Net: NetName=5V Pin=CN27-P
Added Pin To Net: NetName=5V Pin=CN27-P
Added Pin To Net: NetName=5V Pin=CN27-P
Added Pin To Net: NetName=5V Pin=CN27-P
Added Pin To Net: NetName=5V Pin=CN27-P
Added Pin To Net: NetName=5V Pin=CN28-2
Added Pin To Net: NetName=5V Pin=CN29-2
Added Pin To Net: NetName=5V Pin=CN30-1
Added Pin To Net: NetName=5V Pin=CN31-1
Added Pin To Net: NetName=5V Pin=CN32-1
Added Pin To Net: NetName=5V Pin=L2-2
Added Pin To Net: NetName=5V Pin=LED1-4
Added Pin To Net: NetName=5V Pin=LED2-4
Added Pin To Net: NetName=5V Pin=LS1-A
Added Pin To Net: NetName=5V Pin=R19-2
Added Pin To Net: NetName=5V Pin=U3-4
Added Pin To Net: NetName=5V Pin=U4-4
Added Pin To Net: NetName=5V Pin=U8-5
Added Pin To Net: NetName=5V Pin=U11-3
Added Net: Name=5V
Added Pin To Net: NetName=8V4 Pin=C33-2
Added Pin To Net: NetName=8V4 Pin=C34-1
Added Pin To Net: NetName=8V4 Pin=C35-1
Added Pin To Net: NetName=8V4 Pin=CN11-1
Added Pin To Net: NetName=8V4 Pin=CN11-2
Added Pin To Net: NetName=8V4 Pin=CN11-3
Added Pin To Net: NetName=8V4 Pin=CN25-2
Added Pin To Net: NetName=8V4 Pin=CN26-2
Added Pin To Net: NetName=8V4 Pin=L1-2
Added Pin To Net: NetName=8V4 Pin=R20-2
Added Net: Name=8V4
Added Pin To Net: NetName=12V Pin=C27-2
Added Pin To Net: NetName=12V Pin=C28-2
Added Pin To Net: NetName=12V Pin=C29-1
Added Pin To Net: NetName=12V Pin=C30-2
Added Pin To Net: NetName=12V Pin=C31-2
Added Pin To Net: NetName=12V Pin=C32-2
Added Pin To Net: NetName=12V Pin=C42-1
Added Pin To Net: NetName=12V Pin=CN10-A
Added Pin To Net: NetName=12V Pin=CN13-1
Added Pin To Net: NetName=12V Pin=CN13-2
Added Pin To Net: NetName=12V Pin=CN13-3
Added Pin To Net: NetName=12V Pin=CN14-A
Added Pin To Net: NetName=12V Pin=CN15-A
Added Pin To Net: NetName=12V Pin=CN16-A
Added Pin To Net: NetName=12V Pin=CN17-A
Added Pin To Net: NetName=12V Pin=CN18-A
Added Pin To Net: NetName=12V Pin=R23-1
Added Pin To Net: NetName=12V Pin=U9-5
Added Pin To Net: NetName=12V Pin=U10-1
Added Net: Name=12V
Added Pin To Net: NetName=BOOT0 Pin=C23-1
Added Pin To Net: NetName=BOOT0 Pin=SW3-4
Added Pin To Net: NetName=BOOT0 Pin=U7-60
Added Net: Name=BOOT0
Added Pin To Net: NetName=ESP_BOOT Pin=C11-2
Added Pin To Net: NetName=ESP_BOOT Pin=Q2-2
Added Pin To Net: NetName=ESP_BOOT Pin=SW2-2
Added Pin To Net: NetName=ESP_BOOT Pin=U5-25
Added Net: Name=ESP_BOOT
Added Pin To Net: NetName=ESP_EN Pin=C10-2
Added Pin To Net: NetName=ESP_EN Pin=Q1-3
Added Pin To Net: NetName=ESP_EN Pin=SW1-2
Added Pin To Net: NetName=ESP_EN Pin=U5-3
Added Net: Name=ESP_EN
Added Pin To Net: NetName=ESP_IN_INTERRUPT Pin=R7-2
Added Pin To Net: NetName=ESP_IN_INTERRUPT Pin=U7-50
Added Net: Name=ESP_IN_INTERRUPT
Added Pin To Net: NetName=ESP_OUT_INTERRUPT Pin=R10-2
Added Pin To Net: NetName=ESP_OUT_INTERRUPT Pin=U7-53
Added Net: Name=ESP_OUT_INTERRUPT
Added Pin To Net: NetName=ESP_RX0 Pin=U5-34
Added Pin To Net: NetName=ESP_RX0 Pin=U6-26
Added Net: Name=ESP_RX0
Added Pin To Net: NetName=ESP_RX Pin=CN7-1
Added Pin To Net: NetName=ESP_RX Pin=U5-28
Added Pin To Net: NetName=ESP_RX Pin=U7-52
Added Net: Name=ESP_RX
Added Pin To Net: NetName=ESP_TX0 Pin=U5-35
Added Pin To Net: NetName=ESP_TX0 Pin=U6-25
Added Net: Name=ESP_TX0
Added Pin To Net: NetName=ESP_TX Pin=CN7-2
Added Pin To Net: NetName=ESP_TX Pin=U5-27
Added Pin To Net: NetName=ESP_TX Pin=U7-51
Added Net: Name=ESP_TX
Added Pin To Net: NetName=ESP_USB_N Pin=J1-2
Added Pin To Net: NetName=ESP_USB_N Pin=U6-5
Added Net: Name=ESP_USB_N
Added Pin To Net: NetName=ESP_USB_P Pin=J1-3
Added Pin To Net: NetName=ESP_USB_P Pin=U6-4
Added Net: Name=ESP_USB_P
Added Pin To Net: NetName=GND Pin=C1-1
Added Pin To Net: NetName=GND Pin=C2-1
Added Pin To Net: NetName=GND Pin=C3-1
Added Pin To Net: NetName=GND Pin=C4-1
Added Pin To Net: NetName=GND Pin=C5-1
Added Pin To Net: NetName=GND Pin=C6-1
Added Pin To Net: NetName=GND Pin=C7-1
Added Pin To Net: NetName=GND Pin=C8-1
Added Pin To Net: NetName=GND Pin=C9-1
Added Pin To Net: NetName=GND Pin=C12-1
Added Pin To Net: NetName=GND Pin=C13-1
Added Pin To Net: NetName=GND Pin=C14-1
Added Pin To Net: NetName=GND Pin=C15-1
Added Pin To Net: NetName=GND Pin=C16-1
Added Pin To Net: NetName=GND Pin=C17-1
Added Pin To Net: NetName=GND Pin=C18-1
Added Pin To Net: NetName=GND Pin=C19-1
Added Pin To Net: NetName=GND Pin=C20-1
Added Pin To Net: NetName=GND Pin=C21-1
Added Pin To Net: NetName=GND Pin=C22-1
Added Pin To Net: NetName=GND Pin=C23-2
Added Pin To Net: NetName=GND Pin=C28-1
Added Pin To Net: NetName=GND Pin=C29-2
Added Pin To Net: NetName=GND Pin=C30-1
Added Pin To Net: NetName=GND Pin=C31-1
Added Pin To Net: NetName=GND Pin=C32-1
Added Pin To Net: NetName=GND Pin=C33-1
Added Pin To Net: NetName=GND Pin=C34-2
Added Pin To Net: NetName=GND Pin=C35-2
Added Pin To Net: NetName=GND Pin=C36-2
Added Pin To Net: NetName=GND Pin=C37-2
Added Pin To Net: NetName=GND Pin=C38-1
Added Pin To Net: NetName=GND Pin=C39-1
Added Pin To Net: NetName=GND Pin=C40-1
Added Pin To Net: NetName=GND Pin=C41-1
Added Pin To Net: NetName=GND Pin=C42-2
Added Pin To Net: NetName=GND Pin=CN1-4
Added Pin To Net: NetName=GND Pin=CN2-4
Added Pin To Net: NetName=GND Pin=CN3-4
Added Pin To Net: NetName=GND Pin=CN4-4
Added Pin To Net: NetName=GND Pin=CN7-3
Added Pin To Net: NetName=GND Pin=CN8-4
Added Pin To Net: NetName=GND Pin=CN9-6
Added Pin To Net: NetName=GND Pin=CN10-K
Added Pin To Net: NetName=GND Pin=CN14-K
Added Pin To Net: NetName=GND Pin=CN15-K
Added Pin To Net: NetName=GND Pin=CN16-K
Added Pin To Net: NetName=GND Pin=CN17-K
Added Pin To Net: NetName=GND Pin=CN18-K
Added Pin To Net: NetName=GND Pin=CN19-4
Added Pin To Net: NetName=GND Pin=CN20-4
Added Pin To Net: NetName=GND Pin=CN21-4
Added Pin To Net: NetName=GND Pin=CN22-4
Added Pin To Net: NetName=GND Pin=CN23-N
Added Pin To Net: NetName=GND Pin=CN23-N
Added Pin To Net: NetName=GND Pin=CN23-N
Added Pin To Net: NetName=GND Pin=CN23-N
Added Pin To Net: NetName=GND Pin=CN23-N
Added Pin To Net: NetName=GND Pin=CN23-N
Added Pin To Net: NetName=GND Pin=CN23-N
Added Pin To Net: NetName=GND Pin=CN23-N
Added Pin To Net: NetName=GND Pin=CN24-3
Added Pin To Net: NetName=GND Pin=CN25-3
Added Pin To Net: NetName=GND Pin=CN26-3
Added Pin To Net: NetName=GND Pin=CN27-N
Added Pin To Net: NetName=GND Pin=CN27-N
Added Pin To Net: NetName=GND Pin=CN27-N
Added Pin To Net: NetName=GND Pin=CN27-N
Added Pin To Net: NetName=GND Pin=CN27-N
Added Pin To Net: NetName=GND Pin=CN28-4
Added Pin To Net: NetName=GND Pin=CN29-3
Added Pin To Net: NetName=GND Pin=CN30-4
Added Pin To Net: NetName=GND Pin=CN31-4
Added Pin To Net: NetName=GND Pin=CN32-4
Added Pin To Net: NetName=GND Pin=D4-1
Added Pin To Net: NetName=GND Pin=D4-2
Added Pin To Net: NetName=GND Pin=D5-A
Added Pin To Net: NetName=GND Pin=J1-5
Added Pin To Net: NetName=GND Pin=J1-S
Added Pin To Net: NetName=GND Pin=J1-S
Added Pin To Net: NetName=GND Pin=J1-S
Added Pin To Net: NetName=GND Pin=J1-S
Added Pin To Net: NetName=GND Pin=J1-S
Added Pin To Net: NetName=GND Pin=J1-S
Added Pin To Net: NetName=GND Pin=J2-5
Added Pin To Net: NetName=GND Pin=J2-S
Added Pin To Net: NetName=GND Pin=J2-S
Added Pin To Net: NetName=GND Pin=J2-S
Added Pin To Net: NetName=GND Pin=J2-S
Added Pin To Net: NetName=GND Pin=J2-S
Added Pin To Net: NetName=GND Pin=J2-S
Added Pin To Net: NetName=GND Pin=LED1-3
Added Pin To Net: NetName=GND Pin=LED2-3
Added Pin To Net: NetName=GND Pin=Q3-2
Added Pin To Net: NetName=GND Pin=R2-1
Added Pin To Net: NetName=GND Pin=R11-1
Added Pin To Net: NetName=GND Pin=R15-1
Added Pin To Net: NetName=GND Pin=R18-2
Added Pin To Net: NetName=GND Pin=R21-1
Added Pin To Net: NetName=GND Pin=R24-2
Added Pin To Net: NetName=GND Pin=SW1-3
Added Pin To Net: NetName=GND Pin=SW2-3
Added Pin To Net: NetName=GND Pin=SW4-3
Added Pin To Net: NetName=GND Pin=SW5-3
Added Pin To Net: NetName=GND Pin=SW6-3
Added Pin To Net: NetName=GND Pin=U1-2
Added Pin To Net: NetName=GND Pin=U2-1
Added Pin To Net: NetName=GND Pin=U2-9
Added Pin To Net: NetName=GND Pin=U2-11
Added Pin To Net: NetName=GND Pin=U2-18
Added Pin To Net: NetName=GND Pin=U3-2
Added Pin To Net: NetName=GND Pin=U4-2
Added Pin To Net: NetName=GND Pin=U5-1
Added Pin To Net: NetName=GND Pin=U5-1
Added Pin To Net: NetName=GND Pin=U5-15
Added Pin To Net: NetName=GND Pin=U5-38
Added Pin To Net: NetName=GND Pin=U6-3
Added Pin To Net: NetName=GND Pin=U7-12
Added Pin To Net: NetName=GND Pin=U7-31
Added Pin To Net: NetName=GND Pin=U7-63
Added Pin To Net: NetName=GND Pin=U8-2
Added Pin To Net: NetName=GND Pin=U9-1
Added Pin To Net: NetName=GND Pin=U10-4
Added Pin To Net: NetName=GND Pin=U10-5
Added Pin To Net: NetName=GND Pin=U10-6
Added Pin To Net: NetName=GND Pin=U10-7
Added Pin To Net: NetName=GND Pin=U10-8
Added Pin To Net: NetName=GND Pin=U11-1
Added Pin To Net: NetName=GND Pin=X1-2
Added Net: Name=GND
Added Pin To Net: NetName=NetC4_2 Pin=C4-2
Added Pin To Net: NetName=NetC4_2 Pin=U2-20
Added Net: Name=NetC4_2
Added Pin To Net: NetName=NetC5_2 Pin=C5-2
Added Pin To Net: NetName=NetC5_2 Pin=U2-10
Added Net: Name=NetC5_2
Added Pin To Net: NetName=NetC8_2 Pin=C8-2
Added Pin To Net: NetName=NetC8_2 Pin=U6-6
Added Net: Name=NetC8_2
Added Pin To Net: NetName=NetC10_1 Pin=C10-1
Added Pin To Net: NetName=NetC10_1 Pin=SW1-4
Added Net: Name=NetC10_1
Added Pin To Net: NetName=NetC11_1 Pin=C11-1
Added Pin To Net: NetName=NetC11_1 Pin=SW2-4
Added Net: Name=NetC11_1
Added Pin To Net: NetName=NetC24_1 Pin=C24-1
Added Pin To Net: NetName=NetC24_1 Pin=SW4-4
Added Net: Name=NetC24_1
Added Pin To Net: NetName=NetC25_1 Pin=C25-1
Added Pin To Net: NetName=NetC25_1 Pin=SW5-4
Added Net: Name=NetC25_1
Added Pin To Net: NetName=NetC26_1 Pin=C26-1
Added Pin To Net: NetName=NetC26_1 Pin=SW6-4
Added Net: Name=NetC26_1
Added Pin To Net: NetName=NetC27_1 Pin=C27-1
Added Pin To Net: NetName=NetC27_1 Pin=U9-4
Added Net: Name=NetC27_1
Added Pin To Net: NetName=NetCN1_1 Pin=CN1-1
Added Pin To Net: NetName=NetCN1_1 Pin=CN2-1
Added Pin To Net: NetName=NetCN1_1 Pin=CN3-1
Added Pin To Net: NetName=NetCN1_1 Pin=CN4-1
Added Net: Name=NetCN1_1
Added Pin To Net: NetName=NetCN1_2 Pin=CN1-2
Added Pin To Net: NetName=NetCN1_2 Pin=CN2-2
Added Pin To Net: NetName=NetCN1_2 Pin=CN3-2
Added Pin To Net: NetName=NetCN1_2 Pin=CN4-2
Added Pin To Net: NetName=NetCN1_2 Pin=R1-2
Added Pin To Net: NetName=NetCN1_2 Pin=U1-7
Added Net: Name=NetCN1_2
Added Pin To Net: NetName=NetCN1_3 Pin=CN1-3
Added Pin To Net: NetName=NetCN1_3 Pin=CN2-3
Added Pin To Net: NetName=NetCN1_3 Pin=CN3-3
Added Pin To Net: NetName=NetCN1_3 Pin=CN4-3
Added Pin To Net: NetName=NetCN1_3 Pin=R1-1
Added Pin To Net: NetName=NetCN1_3 Pin=U1-6
Added Net: Name=NetCN1_3
Added Pin To Net: NetName=NetCN5_1 Pin=CN5-1
Added Pin To Net: NetName=NetCN5_1 Pin=U5-4
Added Net: Name=NetCN5_1
Added Pin To Net: NetName=NetCN5_2 Pin=CN5-2
Added Pin To Net: NetName=NetCN5_2 Pin=U5-5
Added Net: Name=NetCN5_2
Added Pin To Net: NetName=NetCN5_3 Pin=CN5-3
Added Pin To Net: NetName=NetCN5_3 Pin=U5-6
Added Net: Name=NetCN5_3
Added Pin To Net: NetName=NetCN5_4 Pin=CN5-4
Added Pin To Net: NetName=NetCN5_4 Pin=U5-7
Added Net: Name=NetCN5_4
Added Pin To Net: NetName=NetCN5_5 Pin=CN5-5
Added Pin To Net: NetName=NetCN5_5 Pin=U5-8
Added Net: Name=NetCN5_5
Added Pin To Net: NetName=NetCN5_6 Pin=CN5-6
Added Pin To Net: NetName=NetCN5_6 Pin=U5-9
Added Net: Name=NetCN5_6
Added Pin To Net: NetName=NetCN6_1 Pin=CN6-1
Added Pin To Net: NetName=NetCN6_1 Pin=U5-10
Added Net: Name=NetCN6_1
Added Pin To Net: NetName=NetCN6_2 Pin=CN6-2
Added Pin To Net: NetName=NetCN6_2 Pin=U5-11
Added Net: Name=NetCN6_2
Added Pin To Net: NetName=NetCN6_3 Pin=CN6-3
Added Pin To Net: NetName=NetCN6_3 Pin=U5-12
Added Net: Name=NetCN6_3
Added Pin To Net: NetName=NetCN6_4 Pin=CN6-4
Added Pin To Net: NetName=NetCN6_4 Pin=U5-13
Added Net: Name=NetCN6_4
Added Pin To Net: NetName=NetCN6_5 Pin=CN6-5
Added Pin To Net: NetName=NetCN6_5 Pin=U5-14
Added Net: Name=NetCN6_5
Added Pin To Net: NetName=NetCN6_6 Pin=CN6-6
Added Pin To Net: NetName=NetCN6_6 Pin=U5-16
Added Net: Name=NetCN6_6
Added Pin To Net: NetName=NetCN19_2 Pin=CN19-2
Added Pin To Net: NetName=NetCN19_2 Pin=CN20-2
Added Pin To Net: NetName=NetCN19_2 Pin=CN21-2
Added Pin To Net: NetName=NetCN19_2 Pin=CN22-2
Added Pin To Net: NetName=NetCN19_2 Pin=U7-56
Added Net: Name=NetCN19_2
Added Pin To Net: NetName=NetCN19_3 Pin=CN19-3
Added Pin To Net: NetName=NetCN19_3 Pin=U7-2
Added Net: Name=NetCN19_3
Added Pin To Net: NetName=NetCN20_3 Pin=CN20-3
Added Pin To Net: NetName=NetCN20_3 Pin=U7-3
Added Net: Name=NetCN20_3
Added Pin To Net: NetName=NetCN21_3 Pin=CN21-3
Added Pin To Net: NetName=NetCN21_3 Pin=U7-4
Added Net: Name=NetCN21_3
Added Pin To Net: NetName=NetCN22_3 Pin=CN22-3
Added Pin To Net: NetName=NetCN22_3 Pin=U7-6
Added Net: Name=NetCN22_3
Added Pin To Net: NetName=NetCN23_1 Pin=CN23-1
Added Pin To Net: NetName=NetCN23_1 Pin=U7-21
Added Net: Name=NetCN23_1
Added Pin To Net: NetName=NetCN23_2 Pin=CN23-2
Added Pin To Net: NetName=NetCN23_2 Pin=U7-15
Added Net: Name=NetCN23_2
Added Pin To Net: NetName=NetCN23_3 Pin=CN23-3
Added Pin To Net: NetName=NetCN23_3 Pin=U7-16
Added Net: Name=NetCN23_3
Added Pin To Net: NetName=NetCN23_4 Pin=CN23-4
Added Pin To Net: NetName=NetCN23_4 Pin=U7-18
Added Net: Name=NetCN23_4
Added Pin To Net: NetName=NetCN23_5 Pin=CN23-5
Added Pin To Net: NetName=NetCN23_5 Pin=U7-8
Added Net: Name=NetCN23_5
Added Pin To Net: NetName=NetCN23_6 Pin=CN23-6
Added Pin To Net: NetName=NetCN23_6 Pin=U7-9
Added Net: Name=NetCN23_6
Added Pin To Net: NetName=NetCN23_7 Pin=CN23-7
Added Pin To Net: NetName=NetCN23_7 Pin=U7-10
Added Net: Name=NetCN23_7
Added Pin To Net: NetName=NetCN23_8 Pin=CN23-8
Added Pin To Net: NetName=NetCN23_8 Pin=U7-11
Added Net: Name=NetCN23_8
Added Pin To Net: NetName=NetCN24_1 Pin=CN24-1
Added Pin To Net: NetName=NetCN24_1 Pin=CN25-1
Added Pin To Net: NetName=NetCN24_1 Pin=CN26-1
Added Pin To Net: NetName=NetCN24_1 Pin=U7-24
Added Net: Name=NetCN24_1
Added Pin To Net: NetName=NetCN24_2 Pin=CN24-2
Added Pin To Net: NetName=NetCN24_2 Pin=U7-25
Added Net: Name=NetCN24_2
Added Pin To Net: NetName=NetCN27_1 Pin=CN27-1
Added Pin To Net: NetName=NetCN27_1 Pin=U7-27
Added Net: Name=NetCN27_1
Added Pin To Net: NetName=NetCN27_2 Pin=CN27-2
Added Pin To Net: NetName=NetCN27_2 Pin=U7-26
Added Net: Name=NetCN27_2
Added Pin To Net: NetName=NetCN27_3 Pin=CN27-3
Added Pin To Net: NetName=NetCN27_3 Pin=U7-30
Added Net: Name=NetCN27_3
Added Pin To Net: NetName=NetCN27_4 Pin=CN27-4
Added Pin To Net: NetName=NetCN27_4 Pin=U7-29
Added Net: Name=NetCN27_4
Added Pin To Net: NetName=NetCN27_5 Pin=CN27-5
Added Pin To Net: NetName=NetCN27_5 Pin=U7-28
Added Net: Name=NetCN27_5
Added Pin To Net: NetName=NetCN28_1 Pin=CN28-1
Added Pin To Net: NetName=NetCN28_1 Pin=U7-22
Added Net: Name=NetCN28_1
Added Pin To Net: NetName=NetCN28_3 Pin=CN28-3
Added Pin To Net: NetName=NetCN28_3 Pin=U7-23
Added Net: Name=NetCN28_3
Added Pin To Net: NetName=NetCN29_1 Pin=CN29-1
Added Pin To Net: NetName=NetCN29_1 Pin=U7-34
Added Net: Name=NetCN29_1
Added Pin To Net: NetName=NetCN30_2 Pin=CN30-2
Added Pin To Net: NetName=NetCN30_2 Pin=U5-33
Added Net: Name=NetCN30_2
Added Pin To Net: NetName=NetCN30_3 Pin=CN30-3
Added Pin To Net: NetName=NetCN30_3 Pin=U5-36
Added Net: Name=NetCN30_3
Added Pin To Net: NetName=NetCN31_2 Pin=CN31-2
Added Pin To Net: NetName=NetCN31_2 Pin=CN32-2
Added Pin To Net: NetName=NetCN31_2 Pin=U7-43
Added Net: Name=NetCN31_2
Added Pin To Net: NetName=NetCN31_3 Pin=CN31-3
Added Pin To Net: NetName=NetCN31_3 Pin=CN32-3
Added Pin To Net: NetName=NetCN31_3 Pin=U7-42
Added Net: Name=NetCN31_3
Added Pin To Net: NetName=NetCN33_1 Pin=CN33-1
Added Pin To Net: NetName=NetCN33_1 Pin=U7-20
Added Net: Name=NetCN33_1
Added Pin To Net: NetName=NetCN33_2 Pin=CN33-2
Added Pin To Net: NetName=NetCN33_2 Pin=U7-37
Added Net: Name=NetCN33_2
Added Pin To Net: NetName=NetCN33_3 Pin=CN33-3
Added Pin To Net: NetName=NetCN33_3 Pin=U7-39
Added Net: Name=NetCN33_3
Added Pin To Net: NetName=NetCN33_4 Pin=CN33-4
Added Pin To Net: NetName=NetCN33_4 Pin=U7-40
Added Net: Name=NetCN33_4
Added Pin To Net: NetName=NetCN33_5 Pin=CN33-5
Added Pin To Net: NetName=NetCN33_5 Pin=U7-57
Added Net: Name=NetCN33_5
Added Pin To Net: NetName=NetD4_3 Pin=D4-3
Added Pin To Net: NetName=NetD4_3 Pin=L1-1
Added Pin To Net: NetName=NetD4_3 Pin=U9-3
Added Net: Name=NetD4_3
Added Pin To Net: NetName=NetD5_K Pin=D5-K
Added Pin To Net: NetName=NetD5_K Pin=L2-1
Added Pin To Net: NetName=NetD5_K Pin=U10-2
Added Net: Name=NetD5_K
Added Pin To Net: NetName=NetLED1_1 Pin=LED1-1
Added Pin To Net: NetName=NetLED1_1 Pin=U3-5
Added Net: Name=NetLED1_1
Added Pin To Net: NetName=NetLED1_2 Pin=LED1-2
Added Pin To Net: NetName=NetLED1_2 Pin=U4-5
Added Net: Name=NetLED1_2
Added Pin To Net: NetName=NetLED1_5 Pin=LED1-5
Added Pin To Net: NetName=NetLED1_5 Pin=LED2-2
Added Net: Name=NetLED1_5
Added Pin To Net: NetName=NetLED1_6 Pin=LED1-6
Added Pin To Net: NetName=NetLED1_6 Pin=LED2-1
Added Net: Name=NetLED1_6
Added Pin To Net: NetName=NetLS1_K Pin=LS1-K
Added Pin To Net: NetName=NetLS1_K Pin=Q3-3
Added Net: Name=NetLS1_K
Added Pin To Net: NetName=NetQ1_1 Pin=Q1-1
Added Pin To Net: NetName=NetQ1_1 Pin=R5-2
Added Net: Name=NetQ1_1
Added Pin To Net: NetName=NetQ1_2 Pin=Q1-2
Added Pin To Net: NetName=NetQ1_2 Pin=R9-1
Added Pin To Net: NetName=NetQ1_2 Pin=U6-24
Added Net: Name=NetQ1_2
Added Pin To Net: NetName=NetQ2_1 Pin=Q2-1
Added Pin To Net: NetName=NetQ2_1 Pin=R9-2
Added Net: Name=NetQ2_1
Added Pin To Net: NetName=NetQ2_3 Pin=Q2-3
Added Pin To Net: NetName=NetQ2_3 Pin=R5-1
Added Pin To Net: NetName=NetQ2_3 Pin=U6-28
Added Net: Name=NetQ2_3
Added Pin To Net: NetName=NetQ3_1 Pin=Q3-1
Added Pin To Net: NetName=NetQ3_1 Pin=R22-1
Added Net: Name=NetQ3_1
Added Pin To Net: NetName=NetR2_2 Pin=R2-2
Added Pin To Net: NetName=NetR2_2 Pin=U1-8
Added Net: Name=NetR2_2
Added Pin To Net: NetName=NetR3_2 Pin=R3-2
Added Pin To Net: NetName=NetR3_2 Pin=U6-9
Added Net: Name=NetR3_2
Added Pin To Net: NetName=NetR4_2 Pin=R4-2
Added Pin To Net: NetName=NetR4_2 Pin=SW1-1
Added Net: Name=NetR4_2
Added Pin To Net: NetName=NetR6_1 Pin=R6-1
Added Pin To Net: NetName=NetR6_1 Pin=U5-30
Added Net: Name=NetR6_1
Added Pin To Net: NetName=NetR7_1 Pin=R7-1
Added Pin To Net: NetName=NetR7_1 Pin=U5-26
Added Net: Name=NetR7_1
Added Pin To Net: NetName=NetR8_2 Pin=R8-2
Added Pin To Net: NetName=NetR8_2 Pin=SW2-1
Added Net: Name=NetR8_2
Added Pin To Net: NetName=NetR10_1 Pin=R10-1
Added Pin To Net: NetName=NetR10_1 Pin=U5-23
Added Net: Name=NetR10_1
Added Pin To Net: NetName=NetR11_2 Pin=R11-2
Added Pin To Net: NetName=NetR11_2 Pin=SW3-3
Added Net: Name=NetR11_2
Added Pin To Net: NetName=NetR12_1 Pin=R12-1
Added Pin To Net: NetName=NetR12_1 Pin=U7-47
Added Net: Name=NetR12_1
Added Pin To Net: NetName=NetR14_2 Pin=R14-2
Added Pin To Net: NetName=NetR14_2 Pin=SW4-1
Added Net: Name=NetR14_2
Added Pin To Net: NetName=NetR16_2 Pin=R16-2
Added Pin To Net: NetName=NetR16_2 Pin=SW5-1
Added Net: Name=NetR16_2
Added Pin To Net: NetName=NetR17_2 Pin=R17-2
Added Pin To Net: NetName=NetR17_2 Pin=SW6-1
Added Net: Name=NetR17_2
Added Pin To Net: NetName=NetR18_1 Pin=R18-1
Added Pin To Net: NetName=NetR18_1 Pin=R19-1
Added Pin To Net: NetName=NetR18_1 Pin=U10-3
Added Net: Name=NetR18_1
Added Pin To Net: NetName=NetR20_1 Pin=R20-1
Added Pin To Net: NetName=NetR20_1 Pin=R21-2
Added Pin To Net: NetName=NetR20_1 Pin=U9-2
Added Net: Name=NetR20_1
Added Pin To Net: NetName=NetR22_2 Pin=R22-2
Added Pin To Net: NetName=NetR22_2 Pin=U7-54
Added Net: Name=NetR22_2
Added Pin To Net: NetName=NetR23_2 Pin=R23-2
Added Pin To Net: NetName=NetR23_2 Pin=R24-1
Added Pin To Net: NetName=NetR23_2 Pin=U7-14
Added Net: Name=NetR23_2
Added Pin To Net: NetName=NetU1_1 Pin=U1-1
Added Pin To Net: NetName=NetU1_1 Pin=U7-62
Added Net: Name=NetU1_1
Added Pin To Net: NetName=NetU1_4 Pin=U1-4
Added Pin To Net: NetName=NetU1_4 Pin=U7-61
Added Net: Name=NetU1_4
Added Pin To Net: NetName=NetU2_23 Pin=U2-23
Added Pin To Net: NetName=NetU2_23 Pin=U7-58
Added Net: Name=NetU2_23
Added Pin To Net: NetName=NetU2_24 Pin=U2-24
Added Pin To Net: NetName=NetU2_24 Pin=U7-59
Added Net: Name=NetU2_24
Added Pin To Net: NetName=NetU3_1 Pin=U3-1
Added Pin To Net: NetName=NetU3_1 Pin=U7-35
Added Net: Name=NetU3_1
Added Pin To Net: NetName=NetU4_1 Pin=U4-1
Added Pin To Net: NetName=NetU4_1 Pin=U7-36
Added Net: Name=NetU4_1
Added Pin To Net: NetName=NO_ESD_N Pin=J2-2
Added Pin To Net: NetName=NO_ESD_N Pin=U8-4
Added Net: Name=NO_ESD_N
Added Pin To Net: NetName=NO_ESD_P Pin=J2-3
Added Pin To Net: NetName=NO_ESD_P Pin=U8-6
Added Net: Name=NO_ESD_P
Added Pin To Net: NetName=nRST Pin=C24-2
Added Pin To Net: NetName=nRST Pin=CN9-5
Added Pin To Net: NetName=nRST Pin=R6-2
Added Pin To Net: NetName=nRST Pin=SW4-2
Added Pin To Net: NetName=nRST Pin=U7-7
Added Net: Name=nRST
Added Pin To Net: NetName=RCC_OSC_IN Pin=U7-5
Added Pin To Net: NetName=RCC_OSC_IN Pin=X1-3
Added Net: Name=RCC_OSC_IN
Added Pin To Net: NetName=SWCLK Pin=CN8-2
Added Pin To Net: NetName=SWCLK Pin=CN9-3
Added Pin To Net: NetName=SWCLK Pin=U7-49
Added Net: Name=SWCLK
Added Pin To Net: NetName=SWDIO Pin=CN8-3
Added Pin To Net: NetName=SWDIO Pin=CN9-2
Added Pin To Net: NetName=SWDIO Pin=U7-46
Added Net: Name=SWDIO
Added Pin To Net: NetName=SWO Pin=CN8-1
Added Pin To Net: NetName=SWO Pin=CN9-1
Added Pin To Net: NetName=SWO Pin=CN19-1
Added Pin To Net: NetName=SWO Pin=CN20-1
Added Pin To Net: NetName=SWO Pin=CN21-1
Added Pin To Net: NetName=SWO Pin=CN22-1
Added Pin To Net: NetName=SWO Pin=U7-55
Added Net: Name=SWO
Added Pin To Net: NetName=USB_DETECT Pin=R13-1
Added Pin To Net: NetName=USB_DETECT Pin=R15-2
Added Pin To Net: NetName=USB_DETECT Pin=U7-48
Added Net: Name=USB_DETECT
Added Pin To Net: NetName=USB_N Pin=U7-44
Added Pin To Net: NetName=USB_N Pin=U8-3
Added Net: Name=USB_N
Added Pin To Net: NetName=USB_P Pin=R12-2
Added Pin To Net: NetName=USB_P Pin=U7-45
Added Pin To Net: NetName=USB_P Pin=U8-1
Added Net: Name=USB_P
Added Pin To Net: NetName=USR_BTN1 Pin=C26-2
Added Pin To Net: NetName=USR_BTN1 Pin=SW6-2
Added Pin To Net: NetName=USR_BTN1 Pin=U7-38
Added Net: Name=USR_BTN1
Added Pin To Net: NetName=USR_BTN2 Pin=C25-2
Added Pin To Net: NetName=USR_BTN2 Pin=SW5-2
Added Pin To Net: NetName=USR_BTN2 Pin=U7-41
Added Net: Name=USR_BTN2
Added Pin To Net: NetName=VBUS_ESP Pin=C9-2
Added Pin To Net: NetName=VBUS_ESP Pin=J1-1
Added Pin To Net: NetName=VBUS_ESP Pin=R3-1
Added Pin To Net: NetName=VBUS_ESP Pin=U6-7
Added Pin To Net: NetName=VBUS_ESP Pin=U6-8
Added Net: Name=VBUS_ESP
Added Pin To Net: NetName=VBUS_STM Pin=J2-1
Added Pin To Net: NetName=VBUS_STM Pin=R13-2
Added Net: Name=VBUS_STM
Added Class: Name=Controller R2
Added Class: Name=U_CAN
Added Class: Name=U_IMU
Added Class: Name=U_LED
Added Class: Name=U_MCU
Added Class: Name=U_Power
Added Differential Pair: Name=ESP_USB
Added Differential Pair: Name=NO_ESD
Added Differential Pair: Name=USB
Added Room: Name=Controller R2
Added Room: Name=U_CAN
Added Room: Name=U_IMU
Added Room: Name=U_LED
Added Room: Name=U_MCU
Added Room: Name=U_Power
