Removed Pin From Net: NetName=GND Pin=C12-1
Removed Pin From Net: NetName=12V Pin=C12-2
Removed Pin From Net: NetName=GND Pin=C13-1
Removed Pin From Net: NetName=12V Pin=C13-2
Removed Pin From Net: NetName=GND Pin=C14-1
Removed Pin From Net: NetName=12V Pin=C14-2
Removed Pin From Net: NetName=GND Pin=C15-1
Removed Pin From Net: NetName=12V Pin=C15-2
Removed Member From Class: ClassName=U_DRV8873 Member=C12
Removed Member From Class: ClassName=U_DRV8873 Member=C13
Removed Member From Class: ClassName=U_DRV8873 Member=C14
Removed Member From Class: ClassName=U_DRV8873 Member=C15
Change Component Designator: OldDesignator=C4 NewDesignator=C6
Change Component Designator: OldDesignator=C5 NewDesignator=C7
Change Component Designator: OldDesignator=C6 NewDesignator=C8
Change Component Designator: OldDesignator=C7 NewDesignator=C9
Change Component Designator: OldDesignator=C8 NewDesignator=C10
Change Component Designator: OldDesignator=C9 NewDesignator=C11
Change Component Designator: OldDesignator=C10 NewDesignator=C12
Change Component Designator: OldDesignator=C11 NewDesignator=C13
Change Component Designator: OldDesignator=CN2 NewDesignator=CN3
Change Component Designator: OldDesignator=CN3 NewDesignator=CN4
Change Component Designator: OldDesignator=CN4 NewDesignator=CN5
Change Component Designator: OldDesignator=CN5 NewDesignator=CN6
Added Component: Designator=C4(RB7.6-15)
Add component (AddParameter): Name = "LatestRevisionDate"; Value = "17-Jul-2002"; VariantName = "[No Variations]"
Add component (AddParameter): Name = "LatestRevisionNote"; Value = "Re-released for DXP Platform."; VariantName = "[No Variations]"
Add component (AddParameter): Name = "PackageDescription"; Value = "Polarized Capacitor (Radial); 2 Leads"; VariantName = "[No Variations]"
Add component (AddParameter): Name = "PackageReference"; Value = "RB7.6-15"; VariantName = "[No Variations]"
Add component (AddParameter): Name = "Published"; Value = "8-Jun-2000"; VariantName = "[No Variations]"
Add component (AddParameter): Name = "Publisher"; Value = "Altium Limited"; VariantName = "[No Variations]"
Add component (AddParameter): Name = "Value"; Value = "220uF"; VariantName = "[No Variations]"
Added Component: Designator=C5(0402)
Add component (AddParameter): Name = "LatestRevisionDate"; Value = "17-Jul-2002"; VariantName = "[No Variations]"
Add component (AddParameter): Name = "LatestRevisionNote"; Value = "Re-released for DXP Platform."; VariantName = "[No Variations]"
Add component (AddParameter): Name = "PackageDescription"; Value = "Radial Cap, Thru-Hole; 2 Leads; 0.3 in Pin Spacing"; VariantName = "[No Variations]"
Add component (AddParameter): Name = "PackageReference"; Value = "RAD-0.3"; VariantName = "[No Variations]"
Add component (AddParameter): Name = "Published"; Value = "8-Jun-2000"; VariantName = "[No Variations]"
Add component (AddParameter): Name = "Publisher"; Value = "Altium Limited"; VariantName = "[No Variations]"
Add component (AddParameter): Name = "Value"; Value = "100nF"; VariantName = "[No Variations]"
Added Component: Designator=CN2(Power_Leads)
Added Pin To Net: NetName=12V Pin=C4-1
Added Pin To Net: NetName=GND Pin=C4-2
Added Pin To Net: NetName=GND Pin=C5-1
Added Pin To Net: NetName=12V Pin=C5-2
Added Pin To Net: NetName=12V Pin=CN2-A
Added Pin To Net: NetName=GND Pin=CN2-K
Change Net Name : Old Net Name=NetC6_1 New Net Name=NetC8_1
Change Net Name : Old Net Name=NetC7_1 New Net Name=NetC9_1
Change Net Name : Old Net Name=NetC8_1 New Net Name=NetC10_1
Change Net Name : Old Net Name=NetC8_2 New Net Name=NetC10_2
Change Net Name : Old Net Name=NetCN2_1 New Net Name=NetCN3_1
Change Net Name : Old Net Name=NetCN2_2 New Net Name=NetCN3_2
Change Net Name : Old Net Name=NetCN2_3 New Net Name=NetCN3_3
Change Net Name : Old Net Name=NetCN3_1 New Net Name=NetCN4_1
Change Net Name : Old Net Name=NetCN3_3 New Net Name=NetCN4_3
Change Net Name : Old Net Name=NetCN3_4 New Net Name=NetCN4_4
Change Net Name : Old Net Name=NetCN4_2 New Net Name=NetCN5_2
Change Net Name : Old Net Name=NetCN4_3 New Net Name=NetCN5_3
Change Net Name : Old Net Name=NetCN5_A New Net Name=NetCN6_A
Change Net Name : Old Net Name=NetCN5_K New Net Name=NetCN6_K
Added Member To Class: ClassName=U_Power Member=Component C6 Cap
Added Member To Class: ClassName=U_Power Member=Component C7 Cap
Added Member To Class: ClassName=U_Power Member=Component CN2 JST_Leads_In
Added Room: Name=ESC
Added Room: Name=U_DRV8873
Added Room: Name=U_MCU
Added Room: Name=U_Power
