Removed Pin From Net: NetName=12V Pin=C4-1
Removed Pin From Net: NetName=GND Pin=C4-2
Removed Member From Class: ClassName=U_Power Member=C8
Removed Member From Class: ClassName=U_Power Member=CN3
Removed Member From Class: ClassName=ESC Member=CN6
Change Component Designator: OldDesignator=C5 NewDesignator=C4
Change Component Designator: OldDesignator=C6 NewDesignator=C5
Change Component Designator: OldDesignator=C7 NewDesignator=C6
Change Component Designator: OldDesignator=C8 NewDesignator=C7
Change Component Designator: OldDesignator=C9 NewDesignator=C8
Change Component Designator: OldDesignator=C10 NewDesignator=C9
Change Component Designator: OldDesignator=C11 NewDesignator=C10
Change Component Designator: OldDesignator=C12 NewDesignator=C11
Change Component Designator: OldDesignator=C13 NewDesignator=C12
Change Net Name : Old Net Name=NetC8_1 New Net Name=NetC7_1
Change Net Name : Old Net Name=NetC9_1 New Net Name=NetC8_1
Change Net Name : Old Net Name=NetC10_1 New Net Name=NetC9_1
Change Net Name : Old Net Name=NetC10_2 New Net Name=NetC9_2
Added Member To Class: ClassName=U_Power Member=Component C4 Cap
Added Member To Class: ClassName=U_Power Member=Component C5 Cap
Added Member To Class: ClassName=U_Power Member=Component C6 Cap
Added Member To Class: ClassName=U_DRV8873 Member=Component C8 Cap
Added Member To Class: ClassName=U_DRV8873 Member=Component C9 Cap
Added Member To Class: ClassName=U_DRV8873 Member=Component C10 Cap
Added Member To Class: ClassName=U_DRV8873 Member=Component C11 Cap
Added Member To Class: ClassName=U_DRV8873 Member=Component C12 Cap
Added Member To Class: ClassName=U_Power Member=Component CN2 JST_Leads_In
Added Member To Class: ClassName=ESC Member=Component CN4 JST_GH-4P
Added Member To Class: ClassName=ESC Member=Component CN5 5P-2.5mm
Added Room: Name=ESC
Added Room: Name=U_DRV8873
Added Room: Name=U_MCU
Added Room: Name=U_Power
