Change Component Designator: Old Designator=CN? New Designator=CN11
Change Component Designator: Old Designator=CN? New Designator=CN12
Change Component Designator: Old Designator=CN? New Designator=CN13
Change Component Designator: Old Designator=CN? New Designator=CN14
Change Component Designator: Old Designator=CN? New Designator=CN15
Change Component Designator: Old Designator=CN? New Designator=CN16
Change Component Designator: Old Designator=CN? New Designator=CN17
Change Component Designator: Old Designator=CN? New Designator=CN18
Change Component Designator: Old Designator=CN? New Designator=CN19
Change Component Designator: Old Designator=CN? New Designator=CN20
Change Component Designator: Old Designator=CN? New Designator=CN21
Change Component Designator: Old Designator=CN? New Designator=CN22
Change Component Designator: Old Designator=CN? New Designator=CN23
Change Component Designator: Old Designator=CN? New Designator=CN24
Change Component Designator: Old Designator=CN? New Designator=CN25
Change Component Designator: Old Designator=CN? New Designator=CN26
Change Component Designator: Old Designator=CN? New Designator=CN27
Change Component Designator: Old Designator=LS? New Designator=LS1
Change Component Designator: Old Designator=Q? New Designator=Q3
Change Component Designator: Old Designator=R? New Designator=R14
Change Component Designator: Old Designator=R? New Designator=R15
Change Component Designator: Old Designator=R? New Designator=R16
Change Component Designator: Old Designator=R? New Designator=R17
Change Component Designator: Old Designator=R? New Designator=R18
Change Component Designator: Old Designator=R? New Designator=R19
Change Component Designator: Old Designator=R? New Designator=R20
Change Component Designator: Old Designator=R? New Designator=R21
Change Component Designator: Old Designator=R? New Designator=R22
Change Component Designator: Old Designator=U? New Designator=U8
